[4.706s] Invoking command in '/home/rover/my_rover_ws/src/gps_navigator_pkg': PYTHONPATH=/home/rover/my_rover_ws/build/gps_navigator_pkg/prefix_override:/usr/lib/python3/dist-packages/colcon_core/task/python/colcon_distutils_commands:/home/rover/my_rover_ws/install/gps_navigator_pkg/lib/python3.10/site-packages:${PYTHONPATH} /usr/bin/python3 -W ignore:setup.py install is deprecated -W ignore:easy_install command is deprecated setup.py egg_info --egg-base ../../build/gps_navigator_pkg build --build-base /home/rover/my_rover_ws/build/gps_navigator_pkg/build install --record /home/rover/my_rover_ws/build/gps_navigator_pkg/install.log --single-version-externally-managed install_data
[5.321s] running egg_info
[5.323s] writing ../../build/gps_navigator_pkg/gps_navigator_pkg.egg-info/PKG-INFO
[5.324s] writing dependency_links to ../../build/gps_navigator_pkg/gps_navigator_pkg.egg-info/dependency_links.txt
[5.324s] writing entry points to ../../build/gps_navigator_pkg/gps_navigator_pkg.egg-info/entry_points.txt
[5.325s] writing requirements to ../../build/gps_navigator_pkg/gps_navigator_pkg.egg-info/requires.txt
[5.325s] writing top-level names to ../../build/gps_navigator_pkg/gps_navigator_pkg.egg-info/top_level.txt
[5.331s] reading manifest file '../../build/gps_navigator_pkg/gps_navigator_pkg.egg-info/SOURCES.txt'
[5.333s] writing manifest file '../../build/gps_navigator_pkg/gps_navigator_pkg.egg-info/SOURCES.txt'
[5.333s] running build
[5.334s] running build_py
[5.334s] copying gps_navigator_pkg/debug_odometry_gps.py -> /home/rover/my_rover_ws/build/gps_navigator_pkg/build/lib/gps_navigator_pkg
[5.335s] running install
[5.351s] running install_lib
[5.356s] copying /home/rover/my_rover_ws/build/gps_navigator_pkg/build/lib/gps_navigator_pkg/debug_odometry_gps.py -> /home/rover/my_rover_ws/install/gps_navigator_pkg/lib/python3.10/site-packages/gps_navigator_pkg
[5.358s] byte-compiling /home/rover/my_rover_ws/install/gps_navigator_pkg/lib/python3.10/site-packages/gps_navigator_pkg/debug_odometry_gps.py to debug_odometry_gps.cpython-310.pyc
[5.360s] running install_data
[5.361s] running install_egg_info
[5.366s] removing '/home/rover/my_rover_ws/install/gps_navigator_pkg/lib/python3.10/site-packages/gps_navigator_pkg-0.0.0-py3.10.egg-info' (and everything under it)
[5.366s] Copying ../../build/gps_navigator_pkg/gps_navigator_pkg.egg-info to /home/rover/my_rover_ws/install/gps_navigator_pkg/lib/python3.10/site-packages/gps_navigator_pkg-0.0.0-py3.10.egg-info
[5.369s] running install_scripts
[5.424s] Installing debug_odometry_gps script to /home/rover/my_rover_ws/install/gps_navigator_pkg/lib/gps_navigator_pkg
[5.424s] Installing odom_echo script to /home/rover/my_rover_ws/install/gps_navigator_pkg/lib/gps_navigator_pkg
[5.425s] Installing read_nav_external script to /home/rover/my_rover_ws/install/gps_navigator_pkg/lib/gps_navigator_pkg
[5.425s] Installing serial_simple script to /home/rover/my_rover_ws/install/gps_navigator_pkg/lib/gps_navigator_pkg
[5.425s] writing list of installed files to '/home/rover/my_rover_ws/build/gps_navigator_pkg/install.log'
[6.112s] Invoked command in '/home/rover/my_rover_ws/src/gps_navigator_pkg' returned '0': PYTHONPATH=/home/rover/my_rover_ws/build/gps_navigator_pkg/prefix_override:/usr/lib/python3/dist-packages/colcon_core/task/python/colcon_distutils_commands:/home/rover/my_rover_ws/install/gps_navigator_pkg/lib/python3.10/site-packages:${PYTHONPATH} /usr/bin/python3 -W ignore:setup.py install is deprecated -W ignore:easy_install command is deprecated setup.py egg_info --egg-base ../../build/gps_navigator_pkg build --build-base /home/rover/my_rover_ws/build/gps_navigator_pkg/build install --record /home/rover/my_rover_ws/build/gps_navigator_pkg/install.log --single-version-externally-managed install_data
