[0.687s] Invoking command in '/home/rover/my_rover_ws/build/safety_interfaces': CMAKE_PREFIX_PATH=${CMAKE_PREFIX_PATH}:/home/rover/my_rover_ws/install/vertical_lidar_logger_pkg:/home/rover/my_rover_ws/install/ps_serial_utils_pkg:/home/rover/my_rover_ws/install/pan_tilt_control_pkg:/home/rover/my_rover_ws/install/my_rover_launch_pkg:/home/rover/my_rover_ws/install/lidar_safety_pkg:/home/rover/my_rover_ws/install/keyboard_controller_pkg:/home/rover/my_rover_ws/install/joy_twist_bridge_pkg:/home/rover/my_rover_ws/install/gps_navigator_pkg:/home/rover/my_rover_ws/install/four_leds_control_pkg:/opt/ros/humble /usr/bin/cmake --build /home/rover/my_rover_ws/build/safety_interfaces -- -j6 -l6
[1.448s] [  0%] Built target ament_cmake_python_symlink_safety_interfaces
[1.448s] [  3%] Built target safety_interfaces__cpp
[1.448s] [ 12%] Built target safety_interfaces__rosidl_generator_c
[1.448s] [ 22%] Built target safety_interfaces__rosidl_typesupport_fastrtps_cpp
[1.448s] [ 32%] Built target safety_interfaces__rosidl_typesupport_cpp
[1.448s] [ 41%] Built target safety_interfaces__rosidl_typesupport_introspection_cpp
[1.449s] [ 51%] Built target safety_interfaces__rosidl_typesupport_fastrtps_c
[1.449s] [ 61%] Built target safety_interfaces__rosidl_typesupport_introspection_c
[1.449s] [ 70%] Built target safety_interfaces__rosidl_typesupport_c
[1.449s] [ 70%] Built target safety_interfaces
[1.449s] [ 74%] Built target safety_interfaces__py
[1.449s] [ 80%] Built target safety_interfaces__rosidl_generator_py
[1.455s] [ 87%] Built target safety_interfaces__rosidl_typesupport_fastrtps_c__pyext
[1.465s] [ 93%] Built target safety_interfaces__rosidl_typesupport_c__pyext
[1.466s] [100%] Built target safety_interfaces__rosidl_typesupport_introspection_c__pyext
[1.685s] running egg_info
[1.685s] writing safety_interfaces.egg-info/PKG-INFO
[1.685s] writing dependency_links to safety_interfaces.egg-info/dependency_links.txt
[1.689s] writing top-level names to safety_interfaces.egg-info/top_level.txt
[1.693s] reading manifest file 'safety_interfaces.egg-info/SOURCES.txt'
[1.694s] writing manifest file 'safety_interfaces.egg-info/SOURCES.txt'
[1.788s] [100%] Built target ament_cmake_python_build_safety_interfaces_egg
[1.841s] Invoked command in '/home/rover/my_rover_ws/build/safety_interfaces' returned '0': CMAKE_PREFIX_PATH=${CMAKE_PREFIX_PATH}:/home/rover/my_rover_ws/install/vertical_lidar_logger_pkg:/home/rover/my_rover_ws/install/ps_serial_utils_pkg:/home/rover/my_rover_ws/install/pan_tilt_control_pkg:/home/rover/my_rover_ws/install/my_rover_launch_pkg:/home/rover/my_rover_ws/install/lidar_safety_pkg:/home/rover/my_rover_ws/install/keyboard_controller_pkg:/home/rover/my_rover_ws/install/joy_twist_bridge_pkg:/home/rover/my_rover_ws/install/gps_navigator_pkg:/home/rover/my_rover_ws/install/four_leds_control_pkg:/opt/ros/humble /usr/bin/cmake --build /home/rover/my_rover_ws/build/safety_interfaces -- -j6 -l6
[1.852s] Invoking command in '/home/rover/my_rover_ws/build/safety_interfaces': CMAKE_PREFIX_PATH=${CMAKE_PREFIX_PATH}:/home/rover/my_rover_ws/install/vertical_lidar_logger_pkg:/home/rover/my_rover_ws/install/ps_serial_utils_pkg:/home/rover/my_rover_ws/install/pan_tilt_control_pkg:/home/rover/my_rover_ws/install/my_rover_launch_pkg:/home/rover/my_rover_ws/install/lidar_safety_pkg:/home/rover/my_rover_ws/install/keyboard_controller_pkg:/home/rover/my_rover_ws/install/joy_twist_bridge_pkg:/home/rover/my_rover_ws/install/gps_navigator_pkg:/home/rover/my_rover_ws/install/four_leds_control_pkg:/opt/ros/humble /usr/bin/cmake --install /home/rover/my_rover_ws/build/safety_interfaces
[1.878s] -- Install configuration: ""
[1.879s] -- Execute custom install script
[1.880s] -- Up-to-date symlink: /home/rover/my_rover_ws/install/safety_interfaces/share/ament_index/resource_index/rosidl_interfaces/safety_interfaces
[1.881s] -- Up-to-date symlink: /home/rover/my_rover_ws/install/safety_interfaces/include/safety_interfaces/safety_interfaces/msg/detail/safety_status__functions.h
[1.881s] -- Up-to-date symlink: /home/rover/my_rover_ws/install/safety_interfaces/include/safety_interfaces/safety_interfaces/msg/detail/safety_status__struct.h
[1.882s] -- Up-to-date symlink: /home/rover/my_rover_ws/install/safety_interfaces/include/safety_interfaces/safety_interfaces/msg/detail/safety_status__type_support.h
[1.882s] -- Up-to-date symlink: /home/rover/my_rover_ws/install/safety_interfaces/include/safety_interfaces/safety_interfaces/msg/rosidl_generator_c__visibility_control.h
[1.882s] -- Up-to-date symlink: /home/rover/my_rover_ws/install/safety_interfaces/include/safety_interfaces/safety_interfaces/msg/safety_status.h
[1.891s] -- Up-to-date symlink: /home/rover/my_rover_ws/install/safety_interfaces/share/safety_interfaces/environment/library_path.sh
[1.891s] -- Up-to-date symlink: /home/rover/my_rover_ws/install/safety_interfaces/share/safety_interfaces/environment/library_path.dsv
[1.892s] -- Up-to-date symlink: /home/rover/my_rover_ws/install/safety_interfaces/include/safety_interfaces/safety_interfaces/msg/detail/safety_status__rosidl_typesupport_fastrtps_c.h
[1.898s] -- Up-to-date symlink: /home/rover/my_rover_ws/install/safety_interfaces/include/safety_interfaces/safety_interfaces/msg/rosidl_typesupport_fastrtps_c__visibility_control.h
[1.899s] -- Up-to-date symlink: /home/rover/my_rover_ws/install/safety_interfaces/include/safety_interfaces/safety_interfaces/msg/detail/safety_status__builder.hpp
[1.900s] -- Up-to-date symlink: /home/rover/my_rover_ws/install/safety_interfaces/include/safety_interfaces/safety_interfaces/msg/detail/safety_status__struct.hpp
[1.900s] -- Up-to-date symlink: /home/rover/my_rover_ws/install/safety_interfaces/include/safety_interfaces/safety_interfaces/msg/detail/safety_status__traits.hpp
[1.900s] -- Up-to-date symlink: /home/rover/my_rover_ws/install/safety_interfaces/include/safety_interfaces/safety_interfaces/msg/detail/safety_status__type_support.hpp
[1.900s] -- Up-to-date symlink: /home/rover/my_rover_ws/install/safety_interfaces/include/safety_interfaces/safety_interfaces/msg/rosidl_generator_cpp__visibility_control.hpp
[1.900s] -- Up-to-date symlink: /home/rover/my_rover_ws/install/safety_interfaces/include/safety_interfaces/safety_interfaces/msg/safety_status.hpp
[1.901s] -- Up-to-date symlink: /home/rover/my_rover_ws/install/safety_interfaces/include/safety_interfaces/safety_interfaces/msg/detail/safety_status__rosidl_typesupport_fastrtps_cpp.hpp
[1.901s] -- Up-to-date symlink: /home/rover/my_rover_ws/install/safety_interfaces/include/safety_interfaces/safety_interfaces/msg/rosidl_typesupport_fastrtps_cpp__visibility_control.h
[1.902s] -- Up-to-date symlink: /home/rover/my_rover_ws/install/safety_interfaces/include/safety_interfaces/safety_interfaces/msg/detail/safety_status__rosidl_typesupport_introspection_c.h
[1.902s] -- Up-to-date symlink: /home/rover/my_rover_ws/install/safety_interfaces/include/safety_interfaces/safety_interfaces/msg/rosidl_typesupport_introspection_c__visibility_control.h
[1.903s] -- Up-to-date symlink: /home/rover/my_rover_ws/install/safety_interfaces/include/safety_interfaces/safety_interfaces/msg/detail/safety_status__rosidl_typesupport_introspection_cpp.hpp
[1.903s] -- Up-to-date symlink: /home/rover/my_rover_ws/install/safety_interfaces/share/safety_interfaces/environment/pythonpath.sh
[1.903s] -- Up-to-date symlink: /home/rover/my_rover_ws/install/safety_interfaces/share/safety_interfaces/environment/pythonpath.dsv
[1.904s] -- Up-to-date symlink: /home/rover/my_rover_ws/install/safety_interfaces/local/lib/python3.10/dist-packages/safety_interfaces-0.0.0-py3.10.egg-info/PKG-INFO
[1.914s] -- Up-to-date symlink: /home/rover/my_rover_ws/install/safety_interfaces/local/lib/python3.10/dist-packages/safety_interfaces-0.0.0-py3.10.egg-info/SOURCES.txt
[1.915s] -- Up-to-date symlink: /home/rover/my_rover_ws/install/safety_interfaces/local/lib/python3.10/dist-packages/safety_interfaces-0.0.0-py3.10.egg-info/dependency_links.txt
[1.915s] -- Up-to-date symlink: /home/rover/my_rover_ws/install/safety_interfaces/local/lib/python3.10/dist-packages/safety_interfaces-0.0.0-py3.10.egg-info/top_level.txt
[1.915s] -- Up-to-date symlink: /home/rover/my_rover_ws/install/safety_interfaces/local/lib/python3.10/dist-packages/safety_interfaces/__init__.py
[1.915s] -- Up-to-date symlink: /home/rover/my_rover_ws/install/safety_interfaces/local/lib/python3.10/dist-packages/safety_interfaces/_safety_interfaces_s.ep.rosidl_typesupport_c.c
[1.916s] -- Up-to-date symlink: /home/rover/my_rover_ws/install/safety_interfaces/local/lib/python3.10/dist-packages/safety_interfaces/_safety_interfaces_s.ep.rosidl_typesupport_fastrtps_c.c
[1.916s] -- Up-to-date symlink: /home/rover/my_rover_ws/install/safety_interfaces/local/lib/python3.10/dist-packages/safety_interfaces/_safety_interfaces_s.ep.rosidl_typesupport_introspection_c.c
[1.916s] -- Up-to-date symlink: /home/rover/my_rover_ws/install/safety_interfaces/local/lib/python3.10/dist-packages/safety_interfaces/libsafety_interfaces__rosidl_generator_py.so
[1.919s] -- Up-to-date symlink: /home/rover/my_rover_ws/install/safety_interfaces/local/lib/python3.10/dist-packages/safety_interfaces/msg/__init__.py
[1.920s] -- Up-to-date symlink: /home/rover/my_rover_ws/install/safety_interfaces/local/lib/python3.10/dist-packages/safety_interfaces/msg/_safety_status.py
[1.921s] -- Up-to-date symlink: /home/rover/my_rover_ws/install/safety_interfaces/local/lib/python3.10/dist-packages/safety_interfaces/msg/_safety_status_s.c
[1.921s] -- Up-to-date symlink: /home/rover/my_rover_ws/install/safety_interfaces/local/lib/python3.10/dist-packages/safety_interfaces/safety_interfaces_s__rosidl_typesupport_c.cpython-310-aarch64-linux-gnu.so
[1.921s] -- Up-to-date symlink: /home/rover/my_rover_ws/install/safety_interfaces/local/lib/python3.10/dist-packages/safety_interfaces/safety_interfaces_s__rosidl_typesupport_fastrtps_c.cpython-310-aarch64-linux-gnu.so
[1.921s] -- Up-to-date symlink: /home/rover/my_rover_ws/install/safety_interfaces/local/lib/python3.10/dist-packages/safety_interfaces/safety_interfaces_s__rosidl_typesupport_introspection_c.cpython-310-aarch64-linux-gnu.so
[1.922s] -- Up-to-date symlink: /home/rover/my_rover_ws/install/safety_interfaces/local/lib/python3.10/dist-packages/safety_interfaces/safety_interfaces_s__rosidl_typesupport_fastrtps_c.cpython-310-aarch64-linux-gnu.so
[1.922s] -- Up-to-date symlink: /home/rover/my_rover_ws/install/safety_interfaces/local/lib/python3.10/dist-packages/safety_interfaces/safety_interfaces_s__rosidl_typesupport_introspection_c.cpython-310-aarch64-linux-gnu.so
[1.922s] -- Up-to-date symlink: /home/rover/my_rover_ws/install/safety_interfaces/local/lib/python3.10/dist-packages/safety_interfaces/safety_interfaces_s__rosidl_typesupport_c.cpython-310-aarch64-linux-gnu.so
[1.922s] -- Up-to-date symlink: /home/rover/my_rover_ws/install/safety_interfaces/share/safety_interfaces/msg/SafetyStatus.idl
[1.922s] -- Up-to-date symlink: /home/rover/my_rover_ws/install/safety_interfaces/share/safety_interfaces/msg/SafetyStatus.msg
[1.922s] -- Up-to-date symlink: /home/rover/my_rover_ws/install/safety_interfaces/share/ament_index/resource_index/package_run_dependencies/safety_interfaces
[1.922s] -- Up-to-date symlink: /home/rover/my_rover_ws/install/safety_interfaces/share/ament_index/resource_index/parent_prefix_path/safety_interfaces
[1.923s] -- Up-to-date symlink: /home/rover/my_rover_ws/install/safety_interfaces/share/safety_interfaces/environment/ament_prefix_path.sh
[1.923s] -- Up-to-date symlink: /home/rover/my_rover_ws/install/safety_interfaces/share/safety_interfaces/environment/ament_prefix_path.dsv
[1.923s] -- Up-to-date symlink: /home/rover/my_rover_ws/install/safety_interfaces/share/safety_interfaces/environment/path.sh
[1.923s] -- Up-to-date symlink: /home/rover/my_rover_ws/install/safety_interfaces/share/safety_interfaces/environment/path.dsv
[1.923s] -- Up-to-date symlink: /home/rover/my_rover_ws/install/safety_interfaces/share/safety_interfaces/local_setup.bash
[1.923s] -- Up-to-date symlink: /home/rover/my_rover_ws/install/safety_interfaces/share/safety_interfaces/local_setup.sh
[1.923s] -- Up-to-date symlink: /home/rover/my_rover_ws/install/safety_interfaces/share/safety_interfaces/local_setup.zsh
[1.933s] -- Up-to-date symlink: /home/rover/my_rover_ws/install/safety_interfaces/share/safety_interfaces/local_setup.dsv
[1.934s] -- Symlinking: /home/rover/my_rover_ws/install/safety_interfaces/share/safety_interfaces/package.dsv
[1.985s] -- Up-to-date symlink: /home/rover/my_rover_ws/install/safety_interfaces/share/ament_index/resource_index/packages/safety_interfaces
[1.986s] -- Up-to-date symlink: /home/rover/my_rover_ws/install/safety_interfaces/share/safety_interfaces/cmake/rosidl_cmake-extras.cmake
[1.987s] -- Up-to-date symlink: /home/rover/my_rover_ws/install/safety_interfaces/share/safety_interfaces/cmake/ament_cmake_export_dependencies-extras.cmake
[1.987s] -- Up-to-date symlink: /home/rover/my_rover_ws/install/safety_interfaces/share/safety_interfaces/cmake/ament_cmake_export_include_directories-extras.cmake
[1.987s] -- Up-to-date symlink: /home/rover/my_rover_ws/install/safety_interfaces/share/safety_interfaces/cmake/ament_cmake_export_libraries-extras.cmake
[1.987s] -- Up-to-date symlink: /home/rover/my_rover_ws/install/safety_interfaces/share/safety_interfaces/cmake/ament_cmake_export_targets-extras.cmake
[1.988s] -- Up-to-date symlink: /home/rover/my_rover_ws/install/safety_interfaces/share/safety_interfaces/cmake/rosidl_cmake_export_typesupport_targets-extras.cmake
[1.988s] -- Up-to-date symlink: /home/rover/my_rover_ws/install/safety_interfaces/share/safety_interfaces/cmake/rosidl_cmake_export_typesupport_libraries-extras.cmake
[1.988s] -- Up-to-date symlink: /home/rover/my_rover_ws/install/safety_interfaces/share/safety_interfaces/cmake/safety_interfacesConfig.cmake
[1.988s] -- Up-to-date symlink: /home/rover/my_rover_ws/install/safety_interfaces/share/safety_interfaces/cmake/safety_interfacesConfig-version.cmake
[1.988s] -- Up-to-date symlink: /home/rover/my_rover_ws/install/safety_interfaces/share/safety_interfaces/package.xml
[1.993s] -- Up-to-date: /home/rover/my_rover_ws/install/safety_interfaces/lib/libsafety_interfaces__rosidl_generator_c.so
[1.993s] -- Up-to-date: /home/rover/my_rover_ws/install/safety_interfaces/lib/libsafety_interfaces__rosidl_typesupport_fastrtps_c.so
[1.993s] -- Up-to-date: /home/rover/my_rover_ws/install/safety_interfaces/lib/libsafety_interfaces__rosidl_typesupport_fastrtps_cpp.so
[1.994s] -- Up-to-date: /home/rover/my_rover_ws/install/safety_interfaces/lib/libsafety_interfaces__rosidl_typesupport_introspection_c.so
[1.994s] -- Up-to-date: /home/rover/my_rover_ws/install/safety_interfaces/lib/libsafety_interfaces__rosidl_typesupport_c.so
[1.994s] -- Up-to-date: /home/rover/my_rover_ws/install/safety_interfaces/lib/libsafety_interfaces__rosidl_typesupport_introspection_cpp.so
[1.994s] -- Up-to-date: /home/rover/my_rover_ws/install/safety_interfaces/lib/libsafety_interfaces__rosidl_typesupport_cpp.so
[2.160s] Listing '/home/rover/my_rover_ws/install/safety_interfaces/local/lib/python3.10/dist-packages/safety_interfaces'...
[2.160s] Listing '/home/rover/my_rover_ws/install/safety_interfaces/local/lib/python3.10/dist-packages/safety_interfaces/msg'...
[2.184s] -- Up-to-date: /home/rover/my_rover_ws/install/safety_interfaces/lib/libsafety_interfaces__rosidl_generator_py.so
[2.185s] -- Up-to-date: /home/rover/my_rover_ws/install/safety_interfaces/share/safety_interfaces/cmake/export_safety_interfaces__rosidl_generator_cExport.cmake
[2.185s] -- Up-to-date: /home/rover/my_rover_ws/install/safety_interfaces/share/safety_interfaces/cmake/export_safety_interfaces__rosidl_generator_cExport-noconfig.cmake
[2.185s] -- Up-to-date: /home/rover/my_rover_ws/install/safety_interfaces/share/safety_interfaces/cmake/export_safety_interfaces__rosidl_typesupport_fastrtps_cExport.cmake
[2.185s] -- Up-to-date: /home/rover/my_rover_ws/install/safety_interfaces/share/safety_interfaces/cmake/export_safety_interfaces__rosidl_typesupport_fastrtps_cExport-noconfig.cmake
[2.186s] -- Up-to-date: /home/rover/my_rover_ws/install/safety_interfaces/share/safety_interfaces/cmake/export_safety_interfaces__rosidl_generator_cppExport.cmake
[2.186s] -- Up-to-date: /home/rover/my_rover_ws/install/safety_interfaces/share/safety_interfaces/cmake/export_safety_interfaces__rosidl_typesupport_fastrtps_cppExport.cmake
[2.189s] -- Up-to-date: /home/rover/my_rover_ws/install/safety_interfaces/share/safety_interfaces/cmake/export_safety_interfaces__rosidl_typesupport_fastrtps_cppExport-noconfig.cmake
[2.189s] -- Up-to-date: /home/rover/my_rover_ws/install/safety_interfaces/share/safety_interfaces/cmake/safety_interfaces__rosidl_typesupport_introspection_cExport.cmake
[2.189s] -- Up-to-date: /home/rover/my_rover_ws/install/safety_interfaces/share/safety_interfaces/cmake/safety_interfaces__rosidl_typesupport_introspection_cExport-noconfig.cmake
[2.189s] -- Up-to-date: /home/rover/my_rover_ws/install/safety_interfaces/share/safety_interfaces/cmake/safety_interfaces__rosidl_typesupport_cExport.cmake
[2.190s] -- Up-to-date: /home/rover/my_rover_ws/install/safety_interfaces/share/safety_interfaces/cmake/safety_interfaces__rosidl_typesupport_cExport-noconfig.cmake
[2.190s] -- Up-to-date: /home/rover/my_rover_ws/install/safety_interfaces/share/safety_interfaces/cmake/safety_interfaces__rosidl_typesupport_introspection_cppExport.cmake
[2.190s] -- Up-to-date: /home/rover/my_rover_ws/install/safety_interfaces/share/safety_interfaces/cmake/safety_interfaces__rosidl_typesupport_introspection_cppExport-noconfig.cmake
[2.190s] -- Up-to-date: /home/rover/my_rover_ws/install/safety_interfaces/share/safety_interfaces/cmake/safety_interfaces__rosidl_typesupport_cppExport.cmake
[2.190s] -- Up-to-date: /home/rover/my_rover_ws/install/safety_interfaces/share/safety_interfaces/cmake/safety_interfaces__rosidl_typesupport_cppExport-noconfig.cmake
[2.190s] -- Up-to-date: /home/rover/my_rover_ws/install/safety_interfaces/share/safety_interfaces/cmake/export_safety_interfaces__rosidl_generator_pyExport.cmake
[2.190s] -- Up-to-date: /home/rover/my_rover_ws/install/safety_interfaces/share/safety_interfaces/cmake/export_safety_interfaces__rosidl_generator_pyExport-noconfig.cmake
[2.203s] Invoked command in '/home/rover/my_rover_ws/build/safety_interfaces' returned '0': CMAKE_PREFIX_PATH=${CMAKE_PREFIX_PATH}:/home/rover/my_rover_ws/install/vertical_lidar_logger_pkg:/home/rover/my_rover_ws/install/ps_serial_utils_pkg:/home/rover/my_rover_ws/install/pan_tilt_control_pkg:/home/rover/my_rover_ws/install/my_rover_launch_pkg:/home/rover/my_rover_ws/install/lidar_safety_pkg:/home/rover/my_rover_ws/install/keyboard_controller_pkg:/home/rover/my_rover_ws/install/joy_twist_bridge_pkg:/home/rover/my_rover_ws/install/gps_navigator_pkg:/home/rover/my_rover_ws/install/four_leds_control_pkg:/opt/ros/humble /usr/bin/cmake --install /home/rover/my_rover_ws/build/safety_interfaces
