[4.554s] Invoking command in '/home/rover/my_rover_ws/src/gps_navigator_pkg': PYTHONPATH=/home/rover/my_rover_ws/build/gps_navigator_pkg/prefix_override:/usr/lib/python3/dist-packages/colcon_core/task/python/colcon_distutils_commands:/home/rover/my_rover_ws/install/gps_navigator_pkg/lib/python3.10/site-packages:${PYTHONPATH} /usr/bin/python3 -W ignore:setup.py install is deprecated -W ignore:easy_install command is deprecated setup.py egg_info --egg-base ../../build/gps_navigator_pkg build --build-base /home/rover/my_rover_ws/build/gps_navigator_pkg/build install --record /home/rover/my_rover_ws/build/gps_navigator_pkg/install.log --single-version-externally-managed install_data
[5.144s] running egg_info
[5.144s] writing ../../build/gps_navigator_pkg/gps_navigator_pkg.egg-info/PKG-INFO
[5.146s] writing dependency_links to ../../build/gps_navigator_pkg/gps_navigator_pkg.egg-info/dependency_links.txt
[5.147s] writing entry points to ../../build/gps_navigator_pkg/gps_navigator_pkg.egg-info/entry_points.txt
[5.147s] writing requirements to ../../build/gps_navigator_pkg/gps_navigator_pkg.egg-info/requires.txt
[5.148s] writing top-level names to ../../build/gps_navigator_pkg/gps_navigator_pkg.egg-info/top_level.txt
[5.153s] reading manifest file '../../build/gps_navigator_pkg/gps_navigator_pkg.egg-info/SOURCES.txt'
[5.155s] writing manifest file '../../build/gps_navigator_pkg/gps_navigator_pkg.egg-info/SOURCES.txt'
[5.156s] running build
[5.156s] running build_py
[5.157s] running install
[5.158s] running install_lib
[5.165s] running install_data
[5.166s] running install_egg_info
[5.170s] removing '/home/rover/my_rover_ws/install/gps_navigator_pkg/lib/python3.10/site-packages/gps_navigator_pkg-0.0.0-py3.10.egg-info' (and everything under it)
[5.172s] Copying ../../build/gps_navigator_pkg/gps_navigator_pkg.egg-info to /home/rover/my_rover_ws/install/gps_navigator_pkg/lib/python3.10/site-packages/gps_navigator_pkg-0.0.0-py3.10.egg-info
[5.175s] running install_scripts
[5.234s] Installing read_nav_external script to /home/rover/my_rover_ws/install/gps_navigator_pkg/lib/gps_navigator_pkg
[5.235s] Installing serial_simple script to /home/rover/my_rover_ws/install/gps_navigator_pkg/lib/gps_navigator_pkg
[5.237s] writing list of installed files to '/home/rover/my_rover_ws/build/gps_navigator_pkg/install.log'
[5.350s] Invoked command in '/home/rover/my_rover_ws/src/gps_navigator_pkg' returned '0': PYTHONPATH=/home/rover/my_rover_ws/build/gps_navigator_pkg/prefix_override:/usr/lib/python3/dist-packages/colcon_core/task/python/colcon_distutils_commands:/home/rover/my_rover_ws/install/gps_navigator_pkg/lib/python3.10/site-packages:${PYTHONPATH} /usr/bin/python3 -W ignore:setup.py install is deprecated -W ignore:easy_install command is deprecated setup.py egg_info --egg-base ../../build/gps_navigator_pkg build --build-base /home/rover/my_rover_ws/build/gps_navigator_pkg/build install --record /home/rover/my_rover_ws/build/gps_navigator_pkg/install.log --single-version-externally-managed install_data
