running develop
Removing /home/rover/my_rover_ws/install/pan_tilt_control_pkg/lib/python3.10/site-packages/pan-tilt-control-pkg.egg-link (link to .)
running egg_info
writing ../../build/pan_tilt_control_pkg/pan_tilt_control_pkg.egg-info/PKG-INFO
writing dependency_links to ../../build/pan_tilt_control_pkg/pan_tilt_control_pkg.egg-info/dependency_links.txt
writing entry points to ../../build/pan_tilt_control_pkg/pan_tilt_control_pkg.egg-info/entry_points.txt
writing requirements to ../../build/pan_tilt_control_pkg/pan_tilt_control_pkg.egg-info/requires.txt
writing top-level names to ../../build/pan_tilt_control_pkg/pan_tilt_control_pkg.egg-info/top_level.txt
reading manifest file '../../build/pan_tilt_control_pkg/pan_tilt_control_pkg.egg-info/SOURCES.txt'
writing manifest file '../../build/pan_tilt_control_pkg/pan_tilt_control_pkg.egg-info/SOURCES.txt'
running build
running build_py
creating /home/rover/my_rover_ws/build/pan_tilt_control_pkg/build
creating /home/rover/my_rover_ws/build/pan_tilt_control_pkg/build/lib
creating /home/rover/my_rover_ws/build/pan_tilt_control_pkg/build/lib/pan_tilt_control_pkg
copying pan_tilt_control_pkg/joystick_4_arrows_to_serial.py -> /home/rover/my_rover_ws/build/pan_tilt_control_pkg/build/lib/pan_tilt_control_pkg
copying pan_tilt_control_pkg/__init__.py -> /home/rover/my_rover_ws/build/pan_tilt_control_pkg/build/lib/pan_tilt_control_pkg
running install
running install_lib
creating /home/rover/my_rover_ws/install/pan_tilt_control_pkg/lib/python3.10/site-packages/pan_tilt_control_pkg
copying /home/rover/my_rover_ws/build/pan_tilt_control_pkg/build/lib/pan_tilt_control_pkg/joystick_4_arrows_to_serial.py -> /home/rover/my_rover_ws/install/pan_tilt_control_pkg/lib/python3.10/site-packages/pan_tilt_control_pkg
copying /home/rover/my_rover_ws/build/pan_tilt_control_pkg/build/lib/pan_tilt_control_pkg/__init__.py -> /home/rover/my_rover_ws/install/pan_tilt_control_pkg/lib/python3.10/site-packages/pan_tilt_control_pkg
byte-compiling /home/rover/my_rover_ws/install/pan_tilt_control_pkg/lib/python3.10/site-packages/pan_tilt_control_pkg/joystick_4_arrows_to_serial.py to joystick_4_arrows_to_serial.cpython-310.pyc
byte-compiling /home/rover/my_rover_ws/install/pan_tilt_control_pkg/lib/python3.10/site-packages/pan_tilt_control_pkg/__init__.py to __init__.cpython-310.pyc
running install_data
copying resource/pan_tilt_control_pkg -> /home/rover/my_rover_ws/install/pan_tilt_control_pkg/share/ament_index/resource_index/packages
copying package.xml -> /home/rover/my_rover_ws/install/pan_tilt_control_pkg/share/pan_tilt_control_pkg
running install_egg_info
Copying ../../build/pan_tilt_control_pkg/pan_tilt_control_pkg.egg-info to /home/rover/my_rover_ws/install/pan_tilt_control_pkg/lib/python3.10/site-packages/pan_tilt_control_pkg-0.0.0-py3.10.egg-info
running install_scripts
Installing joystick_to_serial script to /home/rover/my_rover_ws/install/pan_tilt_control_pkg/lib/pan_tilt_control_pkg
writing list of installed files to '/home/rover/my_rover_ws/build/pan_tilt_control_pkg/install.log'
