[2.381s] Invoking command in '/home/rover/my_rover_ws/build/pan_tilt_control_pkg': PYTHONPATH=/home/rover/my_rover_ws/build/pan_tilt_control_pkg/prefix_override:/usr/lib/python3/dist-packages/colcon_core/task/python/colcon_distutils_commands:/home/rover/my_rover_ws/install/pan_tilt_control_pkg/lib/python3.10/site-packages:${PYTHONPATH} /usr/bin/python3 -W ignore:setup.py install is deprecated -W ignore:easy_install command is deprecated setup.py develop --uninstall --editable --build-directory /home/rover/my_rover_ws/build/pan_tilt_control_pkg/build
[3.125s] running develop
[3.549s] Removing /home/rover/my_rover_ws/install/pan_tilt_control_pkg/lib/python3.10/site-packages/pan-tilt-control-pkg.egg-link (link to .)
[3.632s] Invoked command in '/home/rover/my_rover_ws/build/pan_tilt_control_pkg' returned '0': PYTHONPATH=/home/rover/my_rover_ws/build/pan_tilt_control_pkg/prefix_override:/usr/lib/python3/dist-packages/colcon_core/task/python/colcon_distutils_commands:/home/rover/my_rover_ws/install/pan_tilt_control_pkg/lib/python3.10/site-packages:${PYTHONPATH} /usr/bin/python3 -W ignore:setup.py install is deprecated -W ignore:easy_install command is deprecated setup.py develop --uninstall --editable --build-directory /home/rover/my_rover_ws/build/pan_tilt_control_pkg/build
[3.636s] Invoking command in '/home/rover/my_rover_ws/src/pan_tilt_control_pkg': PYTHONPATH=/home/rover/my_rover_ws/build/pan_tilt_control_pkg/prefix_override:/usr/lib/python3/dist-packages/colcon_core/task/python/colcon_distutils_commands:/home/rover/my_rover_ws/install/pan_tilt_control_pkg/lib/python3.10/site-packages:${PYTHONPATH} /usr/bin/python3 -W ignore:setup.py install is deprecated -W ignore:easy_install command is deprecated setup.py egg_info --egg-base ../../build/pan_tilt_control_pkg build --build-base /home/rover/my_rover_ws/build/pan_tilt_control_pkg/build install --record /home/rover/my_rover_ws/build/pan_tilt_control_pkg/install.log --single-version-externally-managed install_data --force
[4.233s] running egg_info
[4.235s] writing ../../build/pan_tilt_control_pkg/pan_tilt_control_pkg.egg-info/PKG-INFO
[4.236s] writing dependency_links to ../../build/pan_tilt_control_pkg/pan_tilt_control_pkg.egg-info/dependency_links.txt
[4.236s] writing entry points to ../../build/pan_tilt_control_pkg/pan_tilt_control_pkg.egg-info/entry_points.txt
[4.237s] writing requirements to ../../build/pan_tilt_control_pkg/pan_tilt_control_pkg.egg-info/requires.txt
[4.237s] writing top-level names to ../../build/pan_tilt_control_pkg/pan_tilt_control_pkg.egg-info/top_level.txt
[4.247s] reading manifest file '../../build/pan_tilt_control_pkg/pan_tilt_control_pkg.egg-info/SOURCES.txt'
[4.247s] writing manifest file '../../build/pan_tilt_control_pkg/pan_tilt_control_pkg.egg-info/SOURCES.txt'
[4.247s] running build
[4.247s] running build_py
[4.248s] creating /home/rover/my_rover_ws/build/pan_tilt_control_pkg/build
[4.248s] creating /home/rover/my_rover_ws/build/pan_tilt_control_pkg/build/lib
[4.248s] creating /home/rover/my_rover_ws/build/pan_tilt_control_pkg/build/lib/pan_tilt_control_pkg
[4.248s] copying pan_tilt_control_pkg/joystick_4_arrows_to_serial.py -> /home/rover/my_rover_ws/build/pan_tilt_control_pkg/build/lib/pan_tilt_control_pkg
[4.248s] copying pan_tilt_control_pkg/__init__.py -> /home/rover/my_rover_ws/build/pan_tilt_control_pkg/build/lib/pan_tilt_control_pkg
[4.248s] running install
[4.248s] running install_lib
[4.252s] creating /home/rover/my_rover_ws/install/pan_tilt_control_pkg/lib/python3.10/site-packages/pan_tilt_control_pkg
[4.253s] copying /home/rover/my_rover_ws/build/pan_tilt_control_pkg/build/lib/pan_tilt_control_pkg/joystick_4_arrows_to_serial.py -> /home/rover/my_rover_ws/install/pan_tilt_control_pkg/lib/python3.10/site-packages/pan_tilt_control_pkg
[4.253s] copying /home/rover/my_rover_ws/build/pan_tilt_control_pkg/build/lib/pan_tilt_control_pkg/__init__.py -> /home/rover/my_rover_ws/install/pan_tilt_control_pkg/lib/python3.10/site-packages/pan_tilt_control_pkg
[4.254s] byte-compiling /home/rover/my_rover_ws/install/pan_tilt_control_pkg/lib/python3.10/site-packages/pan_tilt_control_pkg/joystick_4_arrows_to_serial.py to joystick_4_arrows_to_serial.cpython-310.pyc
[4.256s] byte-compiling /home/rover/my_rover_ws/install/pan_tilt_control_pkg/lib/python3.10/site-packages/pan_tilt_control_pkg/__init__.py to __init__.cpython-310.pyc
[4.256s] running install_data
[4.257s] copying resource/pan_tilt_control_pkg -> /home/rover/my_rover_ws/install/pan_tilt_control_pkg/share/ament_index/resource_index/packages
[4.257s] copying package.xml -> /home/rover/my_rover_ws/install/pan_tilt_control_pkg/share/pan_tilt_control_pkg
[4.257s] running install_egg_info
[4.262s] Copying ../../build/pan_tilt_control_pkg/pan_tilt_control_pkg.egg-info to /home/rover/my_rover_ws/install/pan_tilt_control_pkg/lib/python3.10/site-packages/pan_tilt_control_pkg-0.0.0-py3.10.egg-info
[4.265s] running install_scripts
[4.313s] Installing joystick_to_serial script to /home/rover/my_rover_ws/install/pan_tilt_control_pkg/lib/pan_tilt_control_pkg
[4.314s] writing list of installed files to '/home/rover/my_rover_ws/build/pan_tilt_control_pkg/install.log'
[4.398s] Invoked command in '/home/rover/my_rover_ws/src/pan_tilt_control_pkg' returned '0': PYTHONPATH=/home/rover/my_rover_ws/build/pan_tilt_control_pkg/prefix_override:/usr/lib/python3/dist-packages/colcon_core/task/python/colcon_distutils_commands:/home/rover/my_rover_ws/install/pan_tilt_control_pkg/lib/python3.10/site-packages:${PYTHONPATH} /usr/bin/python3 -W ignore:setup.py install is deprecated -W ignore:easy_install command is deprecated setup.py egg_info --egg-base ../../build/pan_tilt_control_pkg build --build-base /home/rover/my_rover_ws/build/pan_tilt_control_pkg/build install --record /home/rover/my_rover_ws/build/pan_tilt_control_pkg/install.log --single-version-externally-managed install_data --force
