[4.833s] Invoking command in '/home/rover/my_rover_ws/src/my_rover_launch_pkg': PYTHONPATH=/home/rover/my_rover_ws/build/my_rover_launch_pkg/prefix_override:/usr/lib/python3/dist-packages/colcon_core/task/python/colcon_distutils_commands:/home/rover/my_rover_ws/install/my_rover_launch_pkg/lib/python3.10/site-packages:${PYTHONPATH} /usr/bin/python3 -W ignore:setup.py install is deprecated -W ignore:easy_install command is deprecated setup.py egg_info --egg-base ../../build/my_rover_launch_pkg build --build-base /home/rover/my_rover_ws/build/my_rover_launch_pkg/build install --record /home/rover/my_rover_ws/build/my_rover_launch_pkg/install.log --single-version-externally-managed install_data
[5.525s] running egg_info
[5.526s] writing ../../build/my_rover_launch_pkg/my_rover_launch_pkg.egg-info/PKG-INFO
[5.528s] writing dependency_links to ../../build/my_rover_launch_pkg/my_rover_launch_pkg.egg-info/dependency_links.txt
[5.528s] writing entry points to ../../build/my_rover_launch_pkg/my_rover_launch_pkg.egg-info/entry_points.txt
[5.529s] writing requirements to ../../build/my_rover_launch_pkg/my_rover_launch_pkg.egg-info/requires.txt
[5.529s] writing top-level names to ../../build/my_rover_launch_pkg/my_rover_launch_pkg.egg-info/top_level.txt
[5.532s] reading manifest file '../../build/my_rover_launch_pkg/my_rover_launch_pkg.egg-info/SOURCES.txt'
[5.535s] writing manifest file '../../build/my_rover_launch_pkg/my_rover_launch_pkg.egg-info/SOURCES.txt'
[5.535s] running build
[5.536s] running build_py
[5.539s] running install
[5.540s] running install_lib
[5.544s] running install_data
[5.544s] copying config/ekf.yaml -> /home/rover/my_rover_ws/install/my_rover_launch_pkg/share/my_rover_launch_pkg/config
[5.544s] copying config/ekf_gps.yaml -> /home/rover/my_rover_ws/install/my_rover_launch_pkg/share/my_rover_launch_pkg/config
[5.547s] running install_egg_info
[5.550s] removing '/home/rover/my_rover_ws/install/my_rover_launch_pkg/lib/python3.10/site-packages/my_rover_launch_pkg-0.0.0-py3.10.egg-info' (and everything under it)
[5.551s] Copying ../../build/my_rover_launch_pkg/my_rover_launch_pkg.egg-info to /home/rover/my_rover_ws/install/my_rover_launch_pkg/lib/python3.10/site-packages/my_rover_launch_pkg-0.0.0-py3.10.egg-info
[5.553s] running install_scripts
[5.600s] Installing static_tf_gps script to /home/rover/my_rover_ws/install/my_rover_launch_pkg/lib/my_rover_launch_pkg
[5.601s] writing list of installed files to '/home/rover/my_rover_ws/build/my_rover_launch_pkg/install.log'
[6.188s] Invoked command in '/home/rover/my_rover_ws/src/my_rover_launch_pkg' returned '0': PYTHONPATH=/home/rover/my_rover_ws/build/my_rover_launch_pkg/prefix_override:/usr/lib/python3/dist-packages/colcon_core/task/python/colcon_distutils_commands:/home/rover/my_rover_ws/install/my_rover_launch_pkg/lib/python3.10/site-packages:${PYTHONPATH} /usr/bin/python3 -W ignore:setup.py install is deprecated -W ignore:easy_install command is deprecated setup.py egg_info --egg-base ../../build/my_rover_launch_pkg build --build-base /home/rover/my_rover_ws/build/my_rover_launch_pkg/build install --record /home/rover/my_rover_ws/build/my_rover_launch_pkg/install.log --single-version-externally-managed install_data
