[0.686s] Invoking command in '/home/rover/my_rover_ws/build/safety_interfaces': CMAKE_PREFIX_PATH=${CMAKE_PREFIX_PATH}:/home/rover/my_rover_ws/install/vertical_lidar_logger_pkg:/home/rover/my_rover_ws/install/ps_serial_utils_pkg:/home/rover/my_rover_ws/install/pan_tilt_control_pkg:/home/rover/my_rover_ws/install/my_rover_launch_pkg:/home/rover/my_rover_ws/install/lidar_safety_pkg:/home/rover/my_rover_ws/install/keyboard_controller_pkg:/home/rover/my_rover_ws/install/joy_twist_bridge_pkg:/home/rover/my_rover_ws/install/gps_navigator_pkg:/home/rover/my_rover_ws/install/four_leds_control_pkg:/opt/ros/humble /usr/bin/cmake --build /home/rover/my_rover_ws/build/safety_interfaces -- -j6 -l6
[1.324s] [  3%] Built target safety_interfaces__cpp
[1.325s] [  3%] Built target ament_cmake_python_symlink_safety_interfaces
[1.326s] [ 12%] Built target safety_interfaces__rosidl_generator_c
[1.327s] [ 22%] Built target safety_interfaces__rosidl_typesupport_cpp
[1.327s] [ 32%] Built target safety_interfaces__rosidl_typesupport_fastrtps_cpp
[1.327s] [ 41%] Built target safety_interfaces__rosidl_typesupport_introspection_cpp
[1.327s] [ 51%] Built target safety_interfaces__rosidl_typesupport_introspection_c
[1.327s] [ 61%] Built target safety_interfaces__rosidl_typesupport_c
[1.327s] [ 70%] Built target safety_interfaces__rosidl_typesupport_fastrtps_c
[1.327s] [ 70%] Built target safety_interfaces
[1.328s] [ 74%] Built target safety_interfaces__py
[1.328s] [ 80%] Built target safety_interfaces__rosidl_generator_py
[1.328s] [ 93%] Built target safety_interfaces__rosidl_typesupport_introspection_c__pyext
[1.328s] [ 93%] Built target safety_interfaces__rosidl_typesupport_fastrtps_c__pyext
[1.328s] [100%] Built target safety_interfaces__rosidl_typesupport_c__pyext
[1.416s] running egg_info
[1.417s] writing safety_interfaces.egg-info/PKG-INFO
[1.418s] writing dependency_links to safety_interfaces.egg-info/dependency_links.txt
[1.418s] writing top-level names to safety_interfaces.egg-info/top_level.txt
[1.424s] reading manifest file 'safety_interfaces.egg-info/SOURCES.txt'
[1.425s] writing manifest file 'safety_interfaces.egg-info/SOURCES.txt'
[1.509s] [100%] Built target ament_cmake_python_build_safety_interfaces_egg
[1.547s] Invoked command in '/home/rover/my_rover_ws/build/safety_interfaces' returned '0': CMAKE_PREFIX_PATH=${CMAKE_PREFIX_PATH}:/home/rover/my_rover_ws/install/vertical_lidar_logger_pkg:/home/rover/my_rover_ws/install/ps_serial_utils_pkg:/home/rover/my_rover_ws/install/pan_tilt_control_pkg:/home/rover/my_rover_ws/install/my_rover_launch_pkg:/home/rover/my_rover_ws/install/lidar_safety_pkg:/home/rover/my_rover_ws/install/keyboard_controller_pkg:/home/rover/my_rover_ws/install/joy_twist_bridge_pkg:/home/rover/my_rover_ws/install/gps_navigator_pkg:/home/rover/my_rover_ws/install/four_leds_control_pkg:/opt/ros/humble /usr/bin/cmake --build /home/rover/my_rover_ws/build/safety_interfaces -- -j6 -l6
[1.550s] Invoking command in '/home/rover/my_rover_ws/build/safety_interfaces': CMAKE_PREFIX_PATH=${CMAKE_PREFIX_PATH}:/home/rover/my_rover_ws/install/vertical_lidar_logger_pkg:/home/rover/my_rover_ws/install/ps_serial_utils_pkg:/home/rover/my_rover_ws/install/pan_tilt_control_pkg:/home/rover/my_rover_ws/install/my_rover_launch_pkg:/home/rover/my_rover_ws/install/lidar_safety_pkg:/home/rover/my_rover_ws/install/keyboard_controller_pkg:/home/rover/my_rover_ws/install/joy_twist_bridge_pkg:/home/rover/my_rover_ws/install/gps_navigator_pkg:/home/rover/my_rover_ws/install/four_leds_control_pkg:/opt/ros/humble /usr/bin/cmake --install /home/rover/my_rover_ws/build/safety_interfaces
[1.566s] -- Install configuration: ""
[1.567s] -- Execute custom install script
[1.567s] -- Up-to-date symlink: /home/rover/my_rover_ws/install/safety_interfaces/share/ament_index/resource_index/rosidl_interfaces/safety_interfaces
[1.568s] -- Up-to-date symlink: /home/rover/my_rover_ws/install/safety_interfaces/include/safety_interfaces/safety_interfaces/msg/detail/safety_status__functions.h
[1.569s] -- Up-to-date symlink: /home/rover/my_rover_ws/install/safety_interfaces/include/safety_interfaces/safety_interfaces/msg/detail/safety_status__struct.h
[1.569s] -- Up-to-date symlink: /home/rover/my_rover_ws/install/safety_interfaces/include/safety_interfaces/safety_interfaces/msg/detail/safety_status__type_support.h
[1.569s] -- Up-to-date symlink: /home/rover/my_rover_ws/install/safety_interfaces/include/safety_interfaces/safety_interfaces/msg/rosidl_generator_c__visibility_control.h
[1.569s] -- Up-to-date symlink: /home/rover/my_rover_ws/install/safety_interfaces/include/safety_interfaces/safety_interfaces/msg/safety_status.h
[1.569s] -- Up-to-date symlink: /home/rover/my_rover_ws/install/safety_interfaces/share/safety_interfaces/environment/library_path.sh
[1.570s] -- Up-to-date symlink: /home/rover/my_rover_ws/install/safety_interfaces/share/safety_interfaces/environment/library_path.dsv
[1.571s] -- Up-to-date symlink: /home/rover/my_rover_ws/install/safety_interfaces/include/safety_interfaces/safety_interfaces/msg/detail/safety_status__rosidl_typesupport_fastrtps_c.h
[1.571s] -- Up-to-date symlink: /home/rover/my_rover_ws/install/safety_interfaces/include/safety_interfaces/safety_interfaces/msg/rosidl_typesupport_fastrtps_c__visibility_control.h
[1.571s] -- Up-to-date symlink: /home/rover/my_rover_ws/install/safety_interfaces/include/safety_interfaces/safety_interfaces/msg/detail/safety_status__builder.hpp
[1.572s] -- Up-to-date symlink: /home/rover/my_rover_ws/install/safety_interfaces/include/safety_interfaces/safety_interfaces/msg/detail/safety_status__struct.hpp
[1.572s] -- Up-to-date symlink: /home/rover/my_rover_ws/install/safety_interfaces/include/safety_interfaces/safety_interfaces/msg/detail/safety_status__traits.hpp
[1.573s] -- Up-to-date symlink: /home/rover/my_rover_ws/install/safety_interfaces/include/safety_interfaces/safety_interfaces/msg/detail/safety_status__type_support.hpp
[1.574s] -- Up-to-date symlink: /home/rover/my_rover_ws/install/safety_interfaces/include/safety_interfaces/safety_interfaces/msg/rosidl_generator_cpp__visibility_control.hpp
[1.574s] -- Up-to-date symlink: /home/rover/my_rover_ws/install/safety_interfaces/include/safety_interfaces/safety_interfaces/msg/safety_status.hpp
[1.574s] -- Up-to-date symlink: /home/rover/my_rover_ws/install/safety_interfaces/include/safety_interfaces/safety_interfaces/msg/detail/safety_status__rosidl_typesupport_fastrtps_cpp.hpp
[1.574s] -- Up-to-date symlink: /home/rover/my_rover_ws/install/safety_interfaces/include/safety_interfaces/safety_interfaces/msg/rosidl_typesupport_fastrtps_cpp__visibility_control.h
[1.575s] -- Up-to-date symlink: /home/rover/my_rover_ws/install/safety_interfaces/include/safety_interfaces/safety_interfaces/msg/detail/safety_status__rosidl_typesupport_introspection_c.h
[1.575s] -- Up-to-date symlink: /home/rover/my_rover_ws/install/safety_interfaces/include/safety_interfaces/safety_interfaces/msg/rosidl_typesupport_introspection_c__visibility_control.h
[1.576s] -- Up-to-date symlink: /home/rover/my_rover_ws/install/safety_interfaces/include/safety_interfaces/safety_interfaces/msg/detail/safety_status__rosidl_typesupport_introspection_cpp.hpp
[1.576s] -- Up-to-date symlink: /home/rover/my_rover_ws/install/safety_interfaces/share/safety_interfaces/environment/pythonpath.sh
[1.577s] -- Up-to-date symlink: /home/rover/my_rover_ws/install/safety_interfaces/share/safety_interfaces/environment/pythonpath.dsv
[1.578s] -- Up-to-date symlink: /home/rover/my_rover_ws/install/safety_interfaces/local/lib/python3.10/dist-packages/safety_interfaces-0.0.0-py3.10.egg-info/PKG-INFO
[1.579s] -- Up-to-date symlink: /home/rover/my_rover_ws/install/safety_interfaces/local/lib/python3.10/dist-packages/safety_interfaces-0.0.0-py3.10.egg-info/SOURCES.txt
[1.582s] -- Up-to-date symlink: /home/rover/my_rover_ws/install/safety_interfaces/local/lib/python3.10/dist-packages/safety_interfaces-0.0.0-py3.10.egg-info/dependency_links.txt
[1.582s] -- Up-to-date symlink: /home/rover/my_rover_ws/install/safety_interfaces/local/lib/python3.10/dist-packages/safety_interfaces-0.0.0-py3.10.egg-info/top_level.txt
[1.583s] -- Up-to-date symlink: /home/rover/my_rover_ws/install/safety_interfaces/local/lib/python3.10/dist-packages/safety_interfaces/__init__.py
[1.583s] -- Up-to-date symlink: /home/rover/my_rover_ws/install/safety_interfaces/local/lib/python3.10/dist-packages/safety_interfaces/_safety_interfaces_s.ep.rosidl_typesupport_c.c
[1.583s] -- Up-to-date symlink: /home/rover/my_rover_ws/install/safety_interfaces/local/lib/python3.10/dist-packages/safety_interfaces/_safety_interfaces_s.ep.rosidl_typesupport_fastrtps_c.c
[1.583s] -- Up-to-date symlink: /home/rover/my_rover_ws/install/safety_interfaces/local/lib/python3.10/dist-packages/safety_interfaces/_safety_interfaces_s.ep.rosidl_typesupport_introspection_c.c
[1.583s] -- Up-to-date symlink: /home/rover/my_rover_ws/install/safety_interfaces/local/lib/python3.10/dist-packages/safety_interfaces/libsafety_interfaces__rosidl_generator_py.so
[1.583s] -- Up-to-date symlink: /home/rover/my_rover_ws/install/safety_interfaces/local/lib/python3.10/dist-packages/safety_interfaces/msg/__init__.py
[1.586s] -- Up-to-date symlink: /home/rover/my_rover_ws/install/safety_interfaces/local/lib/python3.10/dist-packages/safety_interfaces/msg/_safety_status.py
[1.587s] -- Up-to-date symlink: /home/rover/my_rover_ws/install/safety_interfaces/local/lib/python3.10/dist-packages/safety_interfaces/msg/_safety_status_s.c
[1.587s] -- Up-to-date symlink: /home/rover/my_rover_ws/install/safety_interfaces/local/lib/python3.10/dist-packages/safety_interfaces/safety_interfaces_s__rosidl_typesupport_c.cpython-310-aarch64-linux-gnu.so
[1.587s] -- Up-to-date symlink: /home/rover/my_rover_ws/install/safety_interfaces/local/lib/python3.10/dist-packages/safety_interfaces/safety_interfaces_s__rosidl_typesupport_fastrtps_c.cpython-310-aarch64-linux-gnu.so
[1.593s] -- Up-to-date symlink: /home/rover/my_rover_ws/install/safety_interfaces/local/lib/python3.10/dist-packages/safety_interfaces/safety_interfaces_s__rosidl_typesupport_introspection_c.cpython-310-aarch64-linux-gnu.so
[1.593s] -- Up-to-date symlink: /home/rover/my_rover_ws/install/safety_interfaces/local/lib/python3.10/dist-packages/safety_interfaces/safety_interfaces_s__rosidl_typesupport_fastrtps_c.cpython-310-aarch64-linux-gnu.so
[1.593s] -- Up-to-date symlink: /home/rover/my_rover_ws/install/safety_interfaces/local/lib/python3.10/dist-packages/safety_interfaces/safety_interfaces_s__rosidl_typesupport_introspection_c.cpython-310-aarch64-linux-gnu.so
[1.593s] -- Up-to-date symlink: /home/rover/my_rover_ws/install/safety_interfaces/local/lib/python3.10/dist-packages/safety_interfaces/safety_interfaces_s__rosidl_typesupport_c.cpython-310-aarch64-linux-gnu.so
[1.593s] -- Up-to-date symlink: /home/rover/my_rover_ws/install/safety_interfaces/share/safety_interfaces/msg/SafetyStatus.idl
[1.594s] -- Up-to-date symlink: /home/rover/my_rover_ws/install/safety_interfaces/share/safety_interfaces/msg/SafetyStatus.msg
[1.594s] -- Up-to-date symlink: /home/rover/my_rover_ws/install/safety_interfaces/share/ament_index/resource_index/package_run_dependencies/safety_interfaces
[1.594s] -- Up-to-date symlink: /home/rover/my_rover_ws/install/safety_interfaces/share/ament_index/resource_index/parent_prefix_path/safety_interfaces
[1.594s] -- Up-to-date symlink: /home/rover/my_rover_ws/install/safety_interfaces/share/safety_interfaces/environment/ament_prefix_path.sh
[1.601s] -- Up-to-date symlink: /home/rover/my_rover_ws/install/safety_interfaces/share/safety_interfaces/environment/ament_prefix_path.dsv
[1.602s] -- Up-to-date symlink: /home/rover/my_rover_ws/install/safety_interfaces/share/safety_interfaces/environment/path.sh
[1.602s] -- Up-to-date symlink: /home/rover/my_rover_ws/install/safety_interfaces/share/safety_interfaces/environment/path.dsv
[1.602s] -- Up-to-date symlink: /home/rover/my_rover_ws/install/safety_interfaces/share/safety_interfaces/local_setup.bash
[1.602s] -- Up-to-date symlink: /home/rover/my_rover_ws/install/safety_interfaces/share/safety_interfaces/local_setup.sh
[1.603s] -- Up-to-date symlink: /home/rover/my_rover_ws/install/safety_interfaces/share/safety_interfaces/local_setup.zsh
[1.603s] -- Up-to-date symlink: /home/rover/my_rover_ws/install/safety_interfaces/share/safety_interfaces/local_setup.dsv
[1.603s] -- Symlinking: /home/rover/my_rover_ws/install/safety_interfaces/share/safety_interfaces/package.dsv
[1.612s] -- Up-to-date symlink: /home/rover/my_rover_ws/install/safety_interfaces/share/ament_index/resource_index/packages/safety_interfaces
[1.612s] -- Up-to-date symlink: /home/rover/my_rover_ws/install/safety_interfaces/share/safety_interfaces/cmake/rosidl_cmake-extras.cmake
[1.612s] -- Up-to-date symlink: /home/rover/my_rover_ws/install/safety_interfaces/share/safety_interfaces/cmake/ament_cmake_export_dependencies-extras.cmake
[1.613s] -- Up-to-date symlink: /home/rover/my_rover_ws/install/safety_interfaces/share/safety_interfaces/cmake/ament_cmake_export_include_directories-extras.cmake
[1.613s] -- Up-to-date symlink: /home/rover/my_rover_ws/install/safety_interfaces/share/safety_interfaces/cmake/ament_cmake_export_libraries-extras.cmake
[1.613s] -- Up-to-date symlink: /home/rover/my_rover_ws/install/safety_interfaces/share/safety_interfaces/cmake/ament_cmake_export_targets-extras.cmake
[1.614s] -- Up-to-date symlink: /home/rover/my_rover_ws/install/safety_interfaces/share/safety_interfaces/cmake/rosidl_cmake_export_typesupport_targets-extras.cmake
[1.614s] -- Up-to-date symlink: /home/rover/my_rover_ws/install/safety_interfaces/share/safety_interfaces/cmake/rosidl_cmake_export_typesupport_libraries-extras.cmake
[1.614s] -- Up-to-date symlink: /home/rover/my_rover_ws/install/safety_interfaces/share/safety_interfaces/cmake/safety_interfacesConfig.cmake
[1.614s] -- Up-to-date symlink: /home/rover/my_rover_ws/install/safety_interfaces/share/safety_interfaces/cmake/safety_interfacesConfig-version.cmake
[1.615s] -- Up-to-date symlink: /home/rover/my_rover_ws/install/safety_interfaces/share/safety_interfaces/package.xml
[1.615s] -- Up-to-date: /home/rover/my_rover_ws/install/safety_interfaces/lib/libsafety_interfaces__rosidl_generator_c.so
[1.615s] -- Up-to-date: /home/rover/my_rover_ws/install/safety_interfaces/lib/libsafety_interfaces__rosidl_typesupport_fastrtps_c.so
[1.615s] -- Up-to-date: /home/rover/my_rover_ws/install/safety_interfaces/lib/libsafety_interfaces__rosidl_typesupport_fastrtps_cpp.so
[1.616s] -- Up-to-date: /home/rover/my_rover_ws/install/safety_interfaces/lib/libsafety_interfaces__rosidl_typesupport_introspection_c.so
[1.616s] -- Up-to-date: /home/rover/my_rover_ws/install/safety_interfaces/lib/libsafety_interfaces__rosidl_typesupport_c.so
[1.617s] -- Up-to-date: /home/rover/my_rover_ws/install/safety_interfaces/lib/libsafety_interfaces__rosidl_typesupport_introspection_cpp.so
[1.617s] -- Up-to-date: /home/rover/my_rover_ws/install/safety_interfaces/lib/libsafety_interfaces__rosidl_typesupport_cpp.so
[1.696s] Listing '/home/rover/my_rover_ws/install/safety_interfaces/local/lib/python3.10/dist-packages/safety_interfaces'...
[1.696s] Listing '/home/rover/my_rover_ws/install/safety_interfaces/local/lib/python3.10/dist-packages/safety_interfaces/msg'...
[1.714s] -- Up-to-date: /home/rover/my_rover_ws/install/safety_interfaces/lib/libsafety_interfaces__rosidl_generator_py.so
[1.715s] -- Up-to-date: /home/rover/my_rover_ws/install/safety_interfaces/share/safety_interfaces/cmake/export_safety_interfaces__rosidl_generator_cExport.cmake
[1.715s] -- Up-to-date: /home/rover/my_rover_ws/install/safety_interfaces/share/safety_interfaces/cmake/export_safety_interfaces__rosidl_generator_cExport-noconfig.cmake
[1.715s] -- Up-to-date: /home/rover/my_rover_ws/install/safety_interfaces/share/safety_interfaces/cmake/export_safety_interfaces__rosidl_typesupport_fastrtps_cExport.cmake
[1.717s] -- Up-to-date: /home/rover/my_rover_ws/install/safety_interfaces/share/safety_interfaces/cmake/export_safety_interfaces__rosidl_typesupport_fastrtps_cExport-noconfig.cmake
[1.723s] -- Up-to-date: /home/rover/my_rover_ws/install/safety_interfaces/share/safety_interfaces/cmake/export_safety_interfaces__rosidl_generator_cppExport.cmake
[1.724s] -- Up-to-date: /home/rover/my_rover_ws/install/safety_interfaces/share/safety_interfaces/cmake/export_safety_interfaces__rosidl_typesupport_fastrtps_cppExport.cmake
[1.724s] -- Up-to-date: /home/rover/my_rover_ws/install/safety_interfaces/share/safety_interfaces/cmake/export_safety_interfaces__rosidl_typesupport_fastrtps_cppExport-noconfig.cmake
[1.724s] -- Up-to-date: /home/rover/my_rover_ws/install/safety_interfaces/share/safety_interfaces/cmake/safety_interfaces__rosidl_typesupport_introspection_cExport.cmake
[1.724s] -- Up-to-date: /home/rover/my_rover_ws/install/safety_interfaces/share/safety_interfaces/cmake/safety_interfaces__rosidl_typesupport_introspection_cExport-noconfig.cmake
[1.724s] -- Up-to-date: /home/rover/my_rover_ws/install/safety_interfaces/share/safety_interfaces/cmake/safety_interfaces__rosidl_typesupport_cExport.cmake
[1.724s] -- Up-to-date: /home/rover/my_rover_ws/install/safety_interfaces/share/safety_interfaces/cmake/safety_interfaces__rosidl_typesupport_cExport-noconfig.cmake
[1.725s] -- Up-to-date: /home/rover/my_rover_ws/install/safety_interfaces/share/safety_interfaces/cmake/safety_interfaces__rosidl_typesupport_introspection_cppExport.cmake
[1.725s] -- Up-to-date: /home/rover/my_rover_ws/install/safety_interfaces/share/safety_interfaces/cmake/safety_interfaces__rosidl_typesupport_introspection_cppExport-noconfig.cmake
[1.725s] -- Up-to-date: /home/rover/my_rover_ws/install/safety_interfaces/share/safety_interfaces/cmake/safety_interfaces__rosidl_typesupport_cppExport.cmake
[1.725s] -- Up-to-date: /home/rover/my_rover_ws/install/safety_interfaces/share/safety_interfaces/cmake/safety_interfaces__rosidl_typesupport_cppExport-noconfig.cmake
[1.725s] -- Up-to-date: /home/rover/my_rover_ws/install/safety_interfaces/share/safety_interfaces/cmake/export_safety_interfaces__rosidl_generator_pyExport.cmake
[1.725s] -- Up-to-date: /home/rover/my_rover_ws/install/safety_interfaces/share/safety_interfaces/cmake/export_safety_interfaces__rosidl_generator_pyExport-noconfig.cmake
[1.726s] Invoked command in '/home/rover/my_rover_ws/build/safety_interfaces' returned '0': CMAKE_PREFIX_PATH=${CMAKE_PREFIX_PATH}:/home/rover/my_rover_ws/install/vertical_lidar_logger_pkg:/home/rover/my_rover_ws/install/ps_serial_utils_pkg:/home/rover/my_rover_ws/install/pan_tilt_control_pkg:/home/rover/my_rover_ws/install/my_rover_launch_pkg:/home/rover/my_rover_ws/install/lidar_safety_pkg:/home/rover/my_rover_ws/install/keyboard_controller_pkg:/home/rover/my_rover_ws/install/joy_twist_bridge_pkg:/home/rover/my_rover_ws/install/gps_navigator_pkg:/home/rover/my_rover_ws/install/four_leds_control_pkg:/opt/ros/humble /usr/bin/cmake --install /home/rover/my_rover_ws/build/safety_interfaces
