[4.605s] Invoking command in '/home/rover/my_rover_ws/src/my_rover_launch_pkg': PYTHONPATH=/home/rover/my_rover_ws/build/my_rover_launch_pkg/prefix_override:/usr/lib/python3/dist-packages/colcon_core/task/python/colcon_distutils_commands:/home/rover/my_rover_ws/install/my_rover_launch_pkg/lib/python3.10/site-packages:${PYTHONPATH} /usr/bin/python3 -W ignore:setup.py install is deprecated -W ignore:easy_install command is deprecated setup.py egg_info --egg-base ../../build/my_rover_launch_pkg build --build-base /home/rover/my_rover_ws/build/my_rover_launch_pkg/build install --record /home/rover/my_rover_ws/build/my_rover_launch_pkg/install.log --single-version-externally-managed install_data
[5.222s] running egg_info
[5.225s] writing ../../build/my_rover_launch_pkg/my_rover_launch_pkg.egg-info/PKG-INFO
[5.227s] writing dependency_links to ../../build/my_rover_launch_pkg/my_rover_launch_pkg.egg-info/dependency_links.txt
[5.228s] writing entry points to ../../build/my_rover_launch_pkg/my_rover_launch_pkg.egg-info/entry_points.txt
[5.229s] writing requirements to ../../build/my_rover_launch_pkg/my_rover_launch_pkg.egg-info/requires.txt
[5.230s] writing top-level names to ../../build/my_rover_launch_pkg/my_rover_launch_pkg.egg-info/top_level.txt
[5.237s] reading manifest file '../../build/my_rover_launch_pkg/my_rover_launch_pkg.egg-info/SOURCES.txt'
[5.240s] writing manifest file '../../build/my_rover_launch_pkg/my_rover_launch_pkg.egg-info/SOURCES.txt'
[5.241s] running build
[5.241s] running build_py
[5.246s] running install
[5.248s] running install_lib
[5.252s] running install_data
[5.254s] copying config/ekf_gps.yaml -> /home/rover/my_rover_ws/install/my_rover_launch_pkg/share/my_rover_launch_pkg/config
[5.255s] running install_egg_info
[5.262s] removing '/home/rover/my_rover_ws/install/my_rover_launch_pkg/lib/python3.10/site-packages/my_rover_launch_pkg-0.0.0-py3.10.egg-info' (and everything under it)
[5.265s] Copying ../../build/my_rover_launch_pkg/my_rover_launch_pkg.egg-info to /home/rover/my_rover_ws/install/my_rover_launch_pkg/lib/python3.10/site-packages/my_rover_launch_pkg-0.0.0-py3.10.egg-info
[5.270s] running install_scripts
[5.342s] Installing static_tf_gps script to /home/rover/my_rover_ws/install/my_rover_launch_pkg/lib/my_rover_launch_pkg
[5.342s] writing list of installed files to '/home/rover/my_rover_ws/build/my_rover_launch_pkg/install.log'
[6.032s] Invoked command in '/home/rover/my_rover_ws/src/my_rover_launch_pkg' returned '0': PYTHONPATH=/home/rover/my_rover_ws/build/my_rover_launch_pkg/prefix_override:/usr/lib/python3/dist-packages/colcon_core/task/python/colcon_distutils_commands:/home/rover/my_rover_ws/install/my_rover_launch_pkg/lib/python3.10/site-packages:${PYTHONPATH} /usr/bin/python3 -W ignore:setup.py install is deprecated -W ignore:easy_install command is deprecated setup.py egg_info --egg-base ../../build/my_rover_launch_pkg build --build-base /home/rover/my_rover_ws/build/my_rover_launch_pkg/build install --record /home/rover/my_rover_ws/build/my_rover_launch_pkg/install.log --single-version-externally-managed install_data
