running develop
running egg_info
creating gps_navigator_pkg.egg-info
writing gps_navigator_pkg.egg-info/PKG-INFO
writing dependency_links to gps_navigator_pkg.egg-info/dependency_links.txt
writing entry points to gps_navigator_pkg.egg-info/entry_points.txt
writing requirements to gps_navigator_pkg.egg-info/requires.txt
writing top-level names to gps_navigator_pkg.egg-info/top_level.txt
writing manifest file 'gps_navigator_pkg.egg-info/SOURCES.txt'
reading manifest file 'gps_navigator_pkg.egg-info/SOURCES.txt'
writing manifest file 'gps_navigator_pkg.egg-info/SOURCES.txt'
running build_ext
Creating /home/rover/my_rover_ws/install/gps_navigator_pkg/lib/python3.10/site-packages/gps-navigator-pkg.egg-link (link to .)
Installing odom_echo script to /home/rover/my_rover_ws/install/gps_navigator_pkg/lib/gps_navigator_pkg
Installing read_nav_external script to /home/rover/my_rover_ws/install/gps_navigator_pkg/lib/gps_navigator_pkg
Installing serial_simple script to /home/rover/my_rover_ws/install/gps_navigator_pkg/lib/gps_navigator_pkg

Installed /home/rover/my_rover_ws/build/gps_navigator_pkg
running symlink_data
creating /home/rover/my_rover_ws/install/gps_navigator_pkg/share/ament_index
creating /home/rover/my_rover_ws/install/gps_navigator_pkg/share/ament_index/resource_index
creating /home/rover/my_rover_ws/install/gps_navigator_pkg/share/ament_index/resource_index/packages
symbolically linking /home/rover/my_rover_ws/build/gps_navigator_pkg/resource/gps_navigator_pkg -> /home/rover/my_rover_ws/install/gps_navigator_pkg/share/ament_index/resource_index/packages
symbolically linking /home/rover/my_rover_ws/build/gps_navigator_pkg/package.xml -> /home/rover/my_rover_ws/install/gps_navigator_pkg/share/gps_navigator_pkg
