[2.277s] Invoking command in '/home/rover/my_rover_ws/src/vertical_lidar_logger_pkg': PYTHONPATH=/home/rover/my_rover_ws/build/vertical_lidar_logger_pkg/prefix_override:/usr/lib/python3/dist-packages/colcon_core/task/python/colcon_distutils_commands:/home/rover/my_rover_ws/install/vertical_lidar_logger_pkg/lib/python3.10/site-packages:${PYTHONPATH} /usr/bin/python3 -W ignore:setup.py install is deprecated -W ignore:easy_install command is deprecated setup.py egg_info --egg-base ../../build/vertical_lidar_logger_pkg build --build-base /home/rover/my_rover_ws/build/vertical_lidar_logger_pkg/build install --record /home/rover/my_rover_ws/build/vertical_lidar_logger_pkg/install.log --single-version-externally-managed install_data
[2.822s] running egg_info
[2.824s] writing ../../build/vertical_lidar_logger_pkg/vertical_lidar_logger_pkg.egg-info/PKG-INFO
[2.826s] writing dependency_links to ../../build/vertical_lidar_logger_pkg/vertical_lidar_logger_pkg.egg-info/dependency_links.txt
[2.826s] writing entry points to ../../build/vertical_lidar_logger_pkg/vertical_lidar_logger_pkg.egg-info/entry_points.txt
[2.826s] writing requirements to ../../build/vertical_lidar_logger_pkg/vertical_lidar_logger_pkg.egg-info/requires.txt
[2.827s] writing top-level names to ../../build/vertical_lidar_logger_pkg/vertical_lidar_logger_pkg.egg-info/top_level.txt
[2.829s] reading manifest file '../../build/vertical_lidar_logger_pkg/vertical_lidar_logger_pkg.egg-info/SOURCES.txt'
[2.831s] writing manifest file '../../build/vertical_lidar_logger_pkg/vertical_lidar_logger_pkg.egg-info/SOURCES.txt'
[2.831s] running build
[2.832s] running build_py
[2.832s] running install
[2.833s] running install_lib
[2.839s] running install_data
[2.839s] running install_egg_info
[2.843s] removing '/home/rover/my_rover_ws/install/vertical_lidar_logger_pkg/lib/python3.10/site-packages/vertical_lidar_logger_pkg-0.0.0-py3.10.egg-info' (and everything under it)
[2.844s] Copying ../../build/vertical_lidar_logger_pkg/vertical_lidar_logger_pkg.egg-info to /home/rover/my_rover_ws/install/vertical_lidar_logger_pkg/lib/python3.10/site-packages/vertical_lidar_logger_pkg-0.0.0-py3.10.egg-info
[2.846s] running install_scripts
[2.892s] Installing vertical_lidar_logger script to /home/rover/my_rover_ws/install/vertical_lidar_logger_pkg/lib/vertical_lidar_logger_pkg
[2.893s] writing list of installed files to '/home/rover/my_rover_ws/build/vertical_lidar_logger_pkg/install.log'
[2.974s] Invoked command in '/home/rover/my_rover_ws/src/vertical_lidar_logger_pkg' returned '0': PYTHONPATH=/home/rover/my_rover_ws/build/vertical_lidar_logger_pkg/prefix_override:/usr/lib/python3/dist-packages/colcon_core/task/python/colcon_distutils_commands:/home/rover/my_rover_ws/install/vertical_lidar_logger_pkg/lib/python3.10/site-packages:${PYTHONPATH} /usr/bin/python3 -W ignore:setup.py install is deprecated -W ignore:easy_install command is deprecated setup.py egg_info --egg-base ../../build/vertical_lidar_logger_pkg build --build-base /home/rover/my_rover_ws/build/vertical_lidar_logger_pkg/build install --record /home/rover/my_rover_ws/build/vertical_lidar_logger_pkg/install.log --single-version-externally-managed install_data
