/home/rover/my_rover_ws/install/gps_navigator_pkg/lib/python3.10/site-packages/gps_navigator_pkg/debug_odometry_gps.py
/home/rover/my_rover_ws/install/gps_navigator_pkg/lib/python3.10/site-packages/gps_navigator_pkg/read_nav_external.py
/home/rover/my_rover_ws/install/gps_navigator_pkg/lib/python3.10/site-packages/gps_navigator_pkg/serial_simple.py
/home/rover/my_rover_ws/install/gps_navigator_pkg/lib/python3.10/site-packages/gps_navigator_pkg/odom_echo.py
/home/rover/my_rover_ws/install/gps_navigator_pkg/lib/python3.10/site-packages/gps_navigator_pkg/__init__.py
/home/rover/my_rover_ws/install/gps_navigator_pkg/lib/python3.10/site-packages/gps_navigator_pkg/__pycache__/debug_odometry_gps.cpython-310.pyc
/home/rover/my_rover_ws/install/gps_navigator_pkg/lib/python3.10/site-packages/gps_navigator_pkg/__pycache__/read_nav_external.cpython-310.pyc
/home/rover/my_rover_ws/install/gps_navigator_pkg/lib/python3.10/site-packages/gps_navigator_pkg/__pycache__/serial_simple.cpython-310.pyc
/home/rover/my_rover_ws/install/gps_navigator_pkg/lib/python3.10/site-packages/gps_navigator_pkg/__pycache__/odom_echo.cpython-310.pyc
/home/rover/my_rover_ws/install/gps_navigator_pkg/lib/python3.10/site-packages/gps_navigator_pkg/__pycache__/__init__.cpython-310.pyc
/home/rover/my_rover_ws/install/gps_navigator_pkg/share/ament_index/resource_index/packages/gps_navigator_pkg
/home/rover/my_rover_ws/install/gps_navigator_pkg/share/gps_navigator_pkg/package.xml
/home/rover/my_rover_ws/install/gps_navigator_pkg/lib/python3.10/site-packages/gps_navigator_pkg-0.0.0-py3.10.egg-info/top_level.txt
/home/rover/my_rover_ws/install/gps_navigator_pkg/lib/python3.10/site-packages/gps_navigator_pkg-0.0.0-py3.10.egg-info/zip-safe
/home/rover/my_rover_ws/install/gps_navigator_pkg/lib/python3.10/site-packages/gps_navigator_pkg-0.0.0-py3.10.egg-info/SOURCES.txt
/home/rover/my_rover_ws/install/gps_navigator_pkg/lib/python3.10/site-packages/gps_navigator_pkg-0.0.0-py3.10.egg-info/entry_points.txt
/home/rover/my_rover_ws/install/gps_navigator_pkg/lib/python3.10/site-packages/gps_navigator_pkg-0.0.0-py3.10.egg-info/dependency_links.txt
/home/rover/my_rover_ws/install/gps_navigator_pkg/lib/python3.10/site-packages/gps_navigator_pkg-0.0.0-py3.10.egg-info/requires.txt
/home/rover/my_rover_ws/install/gps_navigator_pkg/lib/python3.10/site-packages/gps_navigator_pkg-0.0.0-py3.10.egg-info/PKG-INFO
/home/rover/my_rover_ws/install/gps_navigator_pkg/lib/gps_navigator_pkg/debug_odometry_gps
/home/rover/my_rover_ws/install/gps_navigator_pkg/lib/gps_navigator_pkg/odom_echo
/home/rover/my_rover_ws/install/gps_navigator_pkg/lib/gps_navigator_pkg/read_nav_external
/home/rover/my_rover_ws/install/gps_navigator_pkg/lib/gps_navigator_pkg/serial_simple
