[4.596s] Invoking command in '/home/rover/my_rover_ws/build/lidar_safety_pkg': PYTHONPATH=/home/rover/my_rover_ws/build/lidar_safety_pkg/prefix_override:/usr/lib/python3/dist-packages/colcon_core/task/python/colcon_distutils_commands:/home/rover/my_rover_ws/install/lidar_safety_pkg/lib/python3.10/site-packages:${PYTHONPATH} /usr/bin/python3 -W ignore:setup.py install is deprecated -W ignore:easy_install command is deprecated setup.py develop --editable --build-directory /home/rover/my_rover_ws/build/lidar_safety_pkg/build --no-deps symlink_data --force
[5.273s] running develop
[5.715s] running egg_info
[5.715s] writing lidar_safety_pkg.egg-info/PKG-INFO
[5.715s] writing dependency_links to lidar_safety_pkg.egg-info/dependency_links.txt
[5.715s] writing entry points to lidar_safety_pkg.egg-info/entry_points.txt
[5.715s] writing requirements to lidar_safety_pkg.egg-info/requires.txt
[5.715s] writing top-level names to lidar_safety_pkg.egg-info/top_level.txt
[5.718s] reading manifest file 'lidar_safety_pkg.egg-info/SOURCES.txt'
[5.718s] writing manifest file 'lidar_safety_pkg.egg-info/SOURCES.txt'
[5.728s] running build_ext
[5.728s] Creating /home/rover/my_rover_ws/install/lidar_safety_pkg/lib/python3.10/site-packages/lidar-safety-pkg.egg-link (link to .)
[5.728s] Installing obstacle_detector_node script to /home/rover/my_rover_ws/install/lidar_safety_pkg/lib/lidar_safety_pkg
[5.729s] 
[5.729s] Installed /home/rover/my_rover_ws/build/lidar_safety_pkg
[5.730s] running symlink_data
[5.731s] symbolically linking /home/rover/my_rover_ws/build/lidar_safety_pkg/resource/lidar_safety_pkg -> /home/rover/my_rover_ws/install/lidar_safety_pkg/share/ament_index/resource_index/packages
[5.731s] symbolically linking /home/rover/my_rover_ws/build/lidar_safety_pkg/package.xml -> /home/rover/my_rover_ws/install/lidar_safety_pkg/share/lidar_safety_pkg
[5.731s] symbolically linking /home/rover/my_rover_ws/build/lidar_safety_pkg/launch/lidar_safety.launch.py -> /home/rover/my_rover_ws/install/lidar_safety_pkg/share/lidar_safety_pkg/launch
[6.530s] Invoked command in '/home/rover/my_rover_ws/build/lidar_safety_pkg' returned '0': PYTHONPATH=/home/rover/my_rover_ws/build/lidar_safety_pkg/prefix_override:/usr/lib/python3/dist-packages/colcon_core/task/python/colcon_distutils_commands:/home/rover/my_rover_ws/install/lidar_safety_pkg/lib/python3.10/site-packages:${PYTHONPATH} /usr/bin/python3 -W ignore:setup.py install is deprecated -W ignore:easy_install command is deprecated setup.py develop --editable --build-directory /home/rover/my_rover_ws/build/lidar_safety_pkg/build --no-deps symlink_data --force
