[4.615s] Invoking command in '/home/rover/my_rover_ws/build/my_rover_launch_pkg': PYTHONPATH=/home/rover/my_rover_ws/build/my_rover_launch_pkg/prefix_override:/usr/lib/python3/dist-packages/colcon_core/task/python/colcon_distutils_commands:/home/rover/my_rover_ws/install/my_rover_launch_pkg/lib/python3.10/site-packages:${PYTHONPATH} /usr/bin/python3 -W ignore:setup.py install is deprecated -W ignore:easy_install command is deprecated setup.py develop --editable --build-directory /home/rover/my_rover_ws/build/my_rover_launch_pkg/build --no-deps symlink_data --force
[5.237s] running develop
[5.694s] running egg_info
[5.694s] writing my_rover_launch_pkg.egg-info/PKG-INFO
[5.699s] writing dependency_links to my_rover_launch_pkg.egg-info/dependency_links.txt
[5.701s] writing entry points to my_rover_launch_pkg.egg-info/entry_points.txt
[5.701s] writing requirements to my_rover_launch_pkg.egg-info/requires.txt
[5.701s] writing top-level names to my_rover_launch_pkg.egg-info/top_level.txt
[5.702s] reading manifest file 'my_rover_launch_pkg.egg-info/SOURCES.txt'
[5.703s] writing manifest file 'my_rover_launch_pkg.egg-info/SOURCES.txt'
[5.705s] running build_ext
[5.705s] Creating /home/rover/my_rover_ws/install/my_rover_launch_pkg/lib/python3.10/site-packages/my-rover-launch-pkg.egg-link (link to .)
[5.717s] Installing static_tf_gps script to /home/rover/my_rover_ws/install/my_rover_launch_pkg/lib/my_rover_launch_pkg
[5.717s] 
[5.718s] Installed /home/rover/my_rover_ws/build/my_rover_launch_pkg
[5.718s] running symlink_data
[5.718s] symbolically linking /home/rover/my_rover_ws/build/my_rover_launch_pkg/resource/my_rover_launch_pkg -> /home/rover/my_rover_ws/install/my_rover_launch_pkg/share/ament_index/resource_index/packages
[5.719s] symbolically linking /home/rover/my_rover_ws/build/my_rover_launch_pkg/package.xml -> /home/rover/my_rover_ws/install/my_rover_launch_pkg/share/my_rover_launch_pkg
[5.719s] symbolically linking /home/rover/my_rover_ws/build/my_rover_launch_pkg/launch/lidar_and_rviz2.launch.py -> /home/rover/my_rover_ws/install/my_rover_launch_pkg/share/my_rover_launch_pkg/launch
[5.719s] symbolically linking /home/rover/my_rover_ws/build/my_rover_launch_pkg/launch/joystick_control.launch.py -> /home/rover/my_rover_ws/install/my_rover_launch_pkg/share/my_rover_launch_pkg/launch
[5.720s] symbolically linking /home/rover/my_rover_ws/build/my_rover_launch_pkg/launch/vertical_lidar_only.launch.py -> /home/rover/my_rover_ws/install/my_rover_launch_pkg/share/my_rover_launch_pkg/launch
[5.720s] symbolically linking /home/rover/my_rover_ws/build/my_rover_launch_pkg/launch/navsat_ekf.launch.py -> /home/rover/my_rover_ws/install/my_rover_launch_pkg/share/my_rover_launch_pkg/launch
[5.720s] symbolically linking /home/rover/my_rover_ws/build/my_rover_launch_pkg/launch/vertical_lidar_logger.launch.py -> /home/rover/my_rover_ws/install/my_rover_launch_pkg/share/my_rover_launch_pkg/launch
[5.721s] symbolically linking /home/rover/my_rover_ws/build/my_rover_launch_pkg/launch/test_navsat.launch.py -> /home/rover/my_rover_ws/install/my_rover_launch_pkg/share/my_rover_launch_pkg/launch
[5.721s] symbolically linking /home/rover/my_rover_ws/build/my_rover_launch_pkg/config/ekf.yaml -> /home/rover/my_rover_ws/install/my_rover_launch_pkg/share/my_rover_launch_pkg/config
[5.722s] symbolically linking /home/rover/my_rover_ws/build/my_rover_launch_pkg/config/navsat_transform.yaml -> /home/rover/my_rover_ws/install/my_rover_launch_pkg/share/my_rover_launch_pkg/config
[5.722s] symbolically linking /home/rover/my_rover_ws/build/my_rover_launch_pkg/launch/lidar_and_rviz2.launch.py -> /home/rover/my_rover_ws/install/my_rover_launch_pkg/share/my_rover_launch_pkg/launch
[5.722s] symbolically linking /home/rover/my_rover_ws/build/my_rover_launch_pkg/launch/joystick_control.launch.py -> /home/rover/my_rover_ws/install/my_rover_launch_pkg/share/my_rover_launch_pkg/launch
[5.724s] symbolically linking /home/rover/my_rover_ws/build/my_rover_launch_pkg/launch/vertical_lidar_only.launch.py -> /home/rover/my_rover_ws/install/my_rover_launch_pkg/share/my_rover_launch_pkg/launch
[5.724s] symbolically linking /home/rover/my_rover_ws/build/my_rover_launch_pkg/launch/navsat_ekf.launch.py -> /home/rover/my_rover_ws/install/my_rover_launch_pkg/share/my_rover_launch_pkg/launch
[5.725s] symbolically linking /home/rover/my_rover_ws/build/my_rover_launch_pkg/launch/vertical_lidar_logger.launch.py -> /home/rover/my_rover_ws/install/my_rover_launch_pkg/share/my_rover_launch_pkg/launch
[5.725s] symbolically linking /home/rover/my_rover_ws/build/my_rover_launch_pkg/launch/test_navsat.launch.py -> /home/rover/my_rover_ws/install/my_rover_launch_pkg/share/my_rover_launch_pkg/launch
[6.491s] Invoked command in '/home/rover/my_rover_ws/build/my_rover_launch_pkg' returned '0': PYTHONPATH=/home/rover/my_rover_ws/build/my_rover_launch_pkg/prefix_override:/usr/lib/python3/dist-packages/colcon_core/task/python/colcon_distutils_commands:/home/rover/my_rover_ws/install/my_rover_launch_pkg/lib/python3.10/site-packages:${PYTHONPATH} /usr/bin/python3 -W ignore:setup.py install is deprecated -W ignore:easy_install command is deprecated setup.py develop --editable --build-directory /home/rover/my_rover_ws/build/my_rover_launch_pkg/build --no-deps symlink_data --force
