/home/rover/my_rover_ws/install/my_rover_launch_pkg/lib/python3.10/site-packages/my_rover_launch_pkg/static_tf_gps.py
/home/rover/my_rover_ws/install/my_rover_launch_pkg/lib/python3.10/site-packages/my_rover_launch_pkg/__init__.py
/home/rover/my_rover_ws/install/my_rover_launch_pkg/lib/python3.10/site-packages/my_rover_launch/__init__.py
/home/rover/my_rover_ws/install/my_rover_launch_pkg/lib/python3.10/site-packages/my_rover_launch_pkg/__pycache__/static_tf_gps.cpython-310.pyc
/home/rover/my_rover_ws/install/my_rover_launch_pkg/lib/python3.10/site-packages/my_rover_launch_pkg/__pycache__/__init__.cpython-310.pyc
/home/rover/my_rover_ws/install/my_rover_launch_pkg/lib/python3.10/site-packages/my_rover_launch/__pycache__/__init__.cpython-310.pyc
/home/rover/my_rover_ws/install/my_rover_launch_pkg/share/ament_index/resource_index/packages/my_rover_launch_pkg
/home/rover/my_rover_ws/install/my_rover_launch_pkg/share/my_rover_launch_pkg/package.xml
/home/rover/my_rover_ws/install/my_rover_launch_pkg/share/my_rover_launch_pkg/launch/lidar_and_rviz2.launch.py
/home/rover/my_rover_ws/install/my_rover_launch_pkg/share/my_rover_launch_pkg/launch/joystick_control.launch.py
/home/rover/my_rover_ws/install/my_rover_launch_pkg/share/my_rover_launch_pkg/launch/vertical_lidar_only.launch.py
/home/rover/my_rover_ws/install/my_rover_launch_pkg/share/my_rover_launch_pkg/launch/navsat_ekf.launch.py
/home/rover/my_rover_ws/install/my_rover_launch_pkg/share/my_rover_launch_pkg/launch/vertical_lidar_logger.launch.py
/home/rover/my_rover_ws/install/my_rover_launch_pkg/share/my_rover_launch_pkg/launch/gps_ekf.launch.py
/home/rover/my_rover_ws/install/my_rover_launch_pkg/share/my_rover_launch_pkg/launch/gps_nav.launch.py
/home/rover/my_rover_ws/install/my_rover_launch_pkg/share/my_rover_launch_pkg/launch/test_navsat.launch.py
/home/rover/my_rover_ws/install/my_rover_launch_pkg/share/my_rover_launch_pkg/config/ekf.yaml
/home/rover/my_rover_ws/install/my_rover_launch_pkg/share/my_rover_launch_pkg/config/ekf_gps.yaml
/home/rover/my_rover_ws/install/my_rover_launch_pkg/share/my_rover_launch_pkg/config/navsat_transform.yaml
/home/rover/my_rover_ws/install/my_rover_launch_pkg/lib/python3.10/site-packages/my_rover_launch_pkg-0.0.0-py3.10.egg-info/top_level.txt
/home/rover/my_rover_ws/install/my_rover_launch_pkg/lib/python3.10/site-packages/my_rover_launch_pkg-0.0.0-py3.10.egg-info/zip-safe
/home/rover/my_rover_ws/install/my_rover_launch_pkg/lib/python3.10/site-packages/my_rover_launch_pkg-0.0.0-py3.10.egg-info/SOURCES.txt
/home/rover/my_rover_ws/install/my_rover_launch_pkg/lib/python3.10/site-packages/my_rover_launch_pkg-0.0.0-py3.10.egg-info/entry_points.txt
/home/rover/my_rover_ws/install/my_rover_launch_pkg/lib/python3.10/site-packages/my_rover_launch_pkg-0.0.0-py3.10.egg-info/dependency_links.txt
/home/rover/my_rover_ws/install/my_rover_launch_pkg/lib/python3.10/site-packages/my_rover_launch_pkg-0.0.0-py3.10.egg-info/requires.txt
/home/rover/my_rover_ws/install/my_rover_launch_pkg/lib/python3.10/site-packages/my_rover_launch_pkg-0.0.0-py3.10.egg-info/PKG-INFO
/home/rover/my_rover_ws/install/my_rover_launch_pkg/lib/my_rover_launch_pkg/static_tf_gps
