running develop
Removing /home/rover/my_rover_ws/install/joy_twist_bridge_pkg/lib/python3.10/site-packages/joy-twist-bridge-pkg.egg-link (link to .)
running egg_info
writing ../../build/joy_twist_bridge_pkg/joy_twist_bridge_pkg.egg-info/PKG-INFO
writing dependency_links to ../../build/joy_twist_bridge_pkg/joy_twist_bridge_pkg.egg-info/dependency_links.txt
writing entry points to ../../build/joy_twist_bridge_pkg/joy_twist_bridge_pkg.egg-info/entry_points.txt
writing requirements to ../../build/joy_twist_bridge_pkg/joy_twist_bridge_pkg.egg-info/requires.txt
writing top-level names to ../../build/joy_twist_bridge_pkg/joy_twist_bridge_pkg.egg-info/top_level.txt
reading manifest file '../../build/joy_twist_bridge_pkg/joy_twist_bridge_pkg.egg-info/SOURCES.txt'
writing manifest file '../../build/joy_twist_bridge_pkg/joy_twist_bridge_pkg.egg-info/SOURCES.txt'
running build
running build_py
running install
running install_lib
creating /home/rover/my_rover_ws/install/joy_twist_bridge_pkg/lib/python3.10/site-packages/joy_twist_bridge_pkg
copying /home/rover/my_rover_ws/build/joy_twist_bridge_pkg/build/lib/joy_twist_bridge_pkg/joy_to_twist.py -> /home/rover/my_rover_ws/install/joy_twist_bridge_pkg/lib/python3.10/site-packages/joy_twist_bridge_pkg
copying /home/rover/my_rover_ws/build/joy_twist_bridge_pkg/build/lib/joy_twist_bridge_pkg/__init__.py -> /home/rover/my_rover_ws/install/joy_twist_bridge_pkg/lib/python3.10/site-packages/joy_twist_bridge_pkg
byte-compiling /home/rover/my_rover_ws/install/joy_twist_bridge_pkg/lib/python3.10/site-packages/joy_twist_bridge_pkg/joy_to_twist.py to joy_to_twist.cpython-310.pyc
byte-compiling /home/rover/my_rover_ws/install/joy_twist_bridge_pkg/lib/python3.10/site-packages/joy_twist_bridge_pkg/__init__.py to __init__.cpython-310.pyc
running install_data
copying resource/joy_twist_bridge_pkg -> /home/rover/my_rover_ws/install/joy_twist_bridge_pkg/share/ament_index/resource_index/packages
copying package.xml -> /home/rover/my_rover_ws/install/joy_twist_bridge_pkg/share/joy_twist_bridge_pkg
copying launch/joy.launch.py -> /home/rover/my_rover_ws/install/joy_twist_bridge_pkg/share/joy_twist_bridge_pkg/launch
running install_egg_info
Copying ../../build/joy_twist_bridge_pkg/joy_twist_bridge_pkg.egg-info to /home/rover/my_rover_ws/install/joy_twist_bridge_pkg/lib/python3.10/site-packages/joy_twist_bridge_pkg-0.0.0-py3.10.egg-info
running install_scripts
Installing joy_to_twist script to /home/rover/my_rover_ws/install/joy_twist_bridge_pkg/lib/joy_twist_bridge_pkg
writing list of installed files to '/home/rover/my_rover_ws/build/joy_twist_bridge_pkg/install.log'
