[2.251s] Invoking command in '/home/rover/my_rover_ws/build/ps_serial_utils_pkg': PYTHONPATH=/home/rover/my_rover_ws/build/ps_serial_utils_pkg/prefix_override:/usr/lib/python3/dist-packages/colcon_core/task/python/colcon_distutils_commands:/home/rover/my_rover_ws/install/ps_serial_utils_pkg/lib/python3.10/site-packages:${PYTHONPATH} /usr/bin/python3 -W ignore:setup.py install is deprecated -W ignore:easy_install command is deprecated setup.py develop --editable --build-directory /home/rover/my_rover_ws/build/ps_serial_utils_pkg/build --no-deps symlink_data
[2.909s] running develop
[3.301s] running egg_info
[3.302s] creating ps_serial_utils_pkg.egg-info
[3.302s] writing ps_serial_utils_pkg.egg-info/PKG-INFO
[3.304s] writing dependency_links to ps_serial_utils_pkg.egg-info/dependency_links.txt
[3.304s] writing entry points to ps_serial_utils_pkg.egg-info/entry_points.txt
[3.304s] writing requirements to ps_serial_utils_pkg.egg-info/requires.txt
[3.305s] writing top-level names to ps_serial_utils_pkg.egg-info/top_level.txt
[3.305s] writing manifest file 'ps_serial_utils_pkg.egg-info/SOURCES.txt'
[3.310s] reading manifest file 'ps_serial_utils_pkg.egg-info/SOURCES.txt'
[3.314s] writing manifest file 'ps_serial_utils_pkg.egg-info/SOURCES.txt'
[3.316s] running build_ext
[3.316s] Creating /home/rover/my_rover_ws/install/ps_serial_utils_pkg/lib/python3.10/site-packages/ps-serial-utils-pkg.egg-link (link to .)
[3.317s] 
[3.317s] Installed /home/rover/my_rover_ws/build/ps_serial_utils_pkg
[3.318s] running symlink_data
[3.318s] creating /home/rover/my_rover_ws/install/ps_serial_utils_pkg/share/ament_index
[3.318s] creating /home/rover/my_rover_ws/install/ps_serial_utils_pkg/share/ament_index/resource_index
[3.319s] creating /home/rover/my_rover_ws/install/ps_serial_utils_pkg/share/ament_index/resource_index/packages
[3.319s] symbolically linking /home/rover/my_rover_ws/build/ps_serial_utils_pkg/resource/ps_serial_utils_pkg -> /home/rover/my_rover_ws/install/ps_serial_utils_pkg/share/ament_index/resource_index/packages
[3.319s] symbolically linking /home/rover/my_rover_ws/build/ps_serial_utils_pkg/package.xml -> /home/rover/my_rover_ws/install/ps_serial_utils_pkg/share/ps_serial_utils_pkg
[3.421s] Invoked command in '/home/rover/my_rover_ws/build/ps_serial_utils_pkg' returned '0': PYTHONPATH=/home/rover/my_rover_ws/build/ps_serial_utils_pkg/prefix_override:/usr/lib/python3/dist-packages/colcon_core/task/python/colcon_distutils_commands:/home/rover/my_rover_ws/install/ps_serial_utils_pkg/lib/python3.10/site-packages:${PYTHONPATH} /usr/bin/python3 -W ignore:setup.py install is deprecated -W ignore:easy_install command is deprecated setup.py develop --editable --build-directory /home/rover/my_rover_ws/build/ps_serial_utils_pkg/build --no-deps symlink_data
