[4.839s] Invoking command in '/home/rover/my_rover_ws/src/four_leds_control_pkg': PYTHONPATH=/home/rover/my_rover_ws/build/four_leds_control_pkg/prefix_override:/usr/lib/python3/dist-packages/colcon_core/task/python/colcon_distutils_commands:/home/rover/my_rover_ws/install/four_leds_control_pkg/lib/python3.10/site-packages:${PYTHONPATH} /usr/bin/python3 -W ignore:setup.py install is deprecated -W ignore:easy_install command is deprecated setup.py egg_info --egg-base ../../build/four_leds_control_pkg build --build-base /home/rover/my_rover_ws/build/four_leds_control_pkg/build install --record /home/rover/my_rover_ws/build/four_leds_control_pkg/install.log --single-version-externally-managed install_data
[5.523s] running egg_info
[5.525s] writing ../../build/four_leds_control_pkg/four_leds_control_pkg.egg-info/PKG-INFO
[5.525s] writing dependency_links to ../../build/four_leds_control_pkg/four_leds_control_pkg.egg-info/dependency_links.txt
[5.526s] writing entry points to ../../build/four_leds_control_pkg/four_leds_control_pkg.egg-info/entry_points.txt
[5.526s] writing requirements to ../../build/four_leds_control_pkg/four_leds_control_pkg.egg-info/requires.txt
[5.526s] writing top-level names to ../../build/four_leds_control_pkg/four_leds_control_pkg.egg-info/top_level.txt
[5.530s] reading manifest file '../../build/four_leds_control_pkg/four_leds_control_pkg.egg-info/SOURCES.txt'
[5.532s] writing manifest file '../../build/four_leds_control_pkg/four_leds_control_pkg.egg-info/SOURCES.txt'
[5.532s] running build
[5.533s] running build_py
[5.533s] running install
[5.534s] running install_lib
[5.539s] running install_data
[5.540s] running install_egg_info
[5.548s] removing '/home/rover/my_rover_ws/install/four_leds_control_pkg/lib/python3.10/site-packages/four_leds_control_pkg-0.0.0-py3.10.egg-info' (and everything under it)
[5.549s] Copying ../../build/four_leds_control_pkg/four_leds_control_pkg.egg-info to /home/rover/my_rover_ws/install/four_leds_control_pkg/lib/python3.10/site-packages/four_leds_control_pkg-0.0.0-py3.10.egg-info
[5.549s] running install_scripts
[5.594s] Installing joystick_4_buttons script to /home/rover/my_rover_ws/install/four_leds_control_pkg/lib/four_leds_control_pkg
[5.594s] writing list of installed files to '/home/rover/my_rover_ws/build/four_leds_control_pkg/install.log'
[6.181s] Invoked command in '/home/rover/my_rover_ws/src/four_leds_control_pkg' returned '0': PYTHONPATH=/home/rover/my_rover_ws/build/four_leds_control_pkg/prefix_override:/usr/lib/python3/dist-packages/colcon_core/task/python/colcon_distutils_commands:/home/rover/my_rover_ws/install/four_leds_control_pkg/lib/python3.10/site-packages:${PYTHONPATH} /usr/bin/python3 -W ignore:setup.py install is deprecated -W ignore:easy_install command is deprecated setup.py egg_info --egg-base ../../build/four_leds_control_pkg build --build-base /home/rover/my_rover_ws/build/four_leds_control_pkg/build install --record /home/rover/my_rover_ws/build/four_leds_control_pkg/install.log --single-version-externally-managed install_data
