[5.025s] Invoking command in '/home/rover/my_rover_ws/src/keyboard_controller_pkg': PYTHONPATH=/home/rover/my_rover_ws/build/keyboard_controller_pkg/prefix_override:/usr/lib/python3/dist-packages/colcon_core/task/python/colcon_distutils_commands:/home/rover/my_rover_ws/install/keyboard_controller_pkg/lib/python3.10/site-packages:${PYTHONPATH} /usr/bin/python3 -W ignore:setup.py install is deprecated -W ignore:easy_install command is deprecated setup.py egg_info --egg-base ../../build/keyboard_controller_pkg build --build-base /home/rover/my_rover_ws/build/keyboard_controller_pkg/build install --record /home/rover/my_rover_ws/build/keyboard_controller_pkg/install.log --single-version-externally-managed install_data
[5.916s] running egg_info
[5.917s] writing ../../build/keyboard_controller_pkg/keyboard_controller_pkg.egg-info/PKG-INFO
[5.918s] writing dependency_links to ../../build/keyboard_controller_pkg/keyboard_controller_pkg.egg-info/dependency_links.txt
[5.919s] writing entry points to ../../build/keyboard_controller_pkg/keyboard_controller_pkg.egg-info/entry_points.txt
[5.919s] writing requirements to ../../build/keyboard_controller_pkg/keyboard_controller_pkg.egg-info/requires.txt
[5.919s] writing top-level names to ../../build/keyboard_controller_pkg/keyboard_controller_pkg.egg-info/top_level.txt
[5.924s] reading manifest file '../../build/keyboard_controller_pkg/keyboard_controller_pkg.egg-info/SOURCES.txt'
[5.928s] writing manifest file '../../build/keyboard_controller_pkg/keyboard_controller_pkg.egg-info/SOURCES.txt'
[5.929s] running build
[5.929s] running build_py
[5.929s] running install
[5.929s] running install_lib
[5.936s] running install_data
[5.936s] running install_egg_info
[5.941s] removing '/home/rover/my_rover_ws/install/keyboard_controller_pkg/lib/python3.10/site-packages/keyboard_controller_pkg-0.0.0-py3.10.egg-info' (and everything under it)
[5.942s] Copying ../../build/keyboard_controller_pkg/keyboard_controller_pkg.egg-info to /home/rover/my_rover_ws/install/keyboard_controller_pkg/lib/python3.10/site-packages/keyboard_controller_pkg-0.0.0-py3.10.egg-info
[5.944s] running install_scripts
[5.989s] Installing keyboard_teleop script to /home/rover/my_rover_ws/install/keyboard_controller_pkg/lib/keyboard_controller_pkg
[5.990s] writing list of installed files to '/home/rover/my_rover_ws/build/keyboard_controller_pkg/install.log'
[6.426s] Invoked command in '/home/rover/my_rover_ws/src/keyboard_controller_pkg' returned '0': PYTHONPATH=/home/rover/my_rover_ws/build/keyboard_controller_pkg/prefix_override:/usr/lib/python3/dist-packages/colcon_core/task/python/colcon_distutils_commands:/home/rover/my_rover_ws/install/keyboard_controller_pkg/lib/python3.10/site-packages:${PYTHONPATH} /usr/bin/python3 -W ignore:setup.py install is deprecated -W ignore:easy_install command is deprecated setup.py egg_info --egg-base ../../build/keyboard_controller_pkg build --build-base /home/rover/my_rover_ws/build/keyboard_controller_pkg/build install --record /home/rover/my_rover_ws/build/keyboard_controller_pkg/install.log --single-version-externally-managed install_data
