[0.070s] Invoking command in '/home/rover/my_rover_ws/build/safety_interfaces': CMAKE_PREFIX_PATH=${CMAKE_PREFIX_PATH}:/home/rover/my_rover_ws/install/vertical_lidar_logger_pkg:/home/rover/my_rover_ws/install/ps_serial_utils_pkg:/home/rover/my_rover_ws/install/pan_tilt_control_pkg:/home/rover/my_rover_ws/install/my_rover_launch_pkg:/home/rover/my_rover_ws/install/lidar_safety_pkg:/home/rover/my_rover_ws/install/keyboard_controller_pkg:/home/rover/my_rover_ws/install/joy_twist_bridge_pkg:/home/rover/my_rover_ws/install/gps_navigator_pkg:/home/rover/my_rover_ws/install/four_leds_control_pkg:/opt/ros/humble /usr/bin/cmake /home/rover/my_rover_ws/src/safety_interfaces -DCMAKE_INSTALL_PREFIX=/home/rover/my_rover_ws/install/safety_interfaces
[0.773s] -- Found ament_cmake: 1.3.11 (/opt/ros/humble/share/ament_cmake/cmake)
[0.774s] -- Override CMake install command with custom implementation using symlinks instead of copying resources
[0.774s] -- Found std_msgs: 4.8.0 (/opt/ros/humble/share/std_msgs/cmake)
[0.776s] -- Found rosidl_generator_c: 3.1.6 (/opt/ros/humble/share/rosidl_generator_c/cmake)
[0.777s] -- Found rosidl_adapter: 3.1.6 (/opt/ros/humble/share/rosidl_adapter/cmake)
[0.777s] -- Found rosidl_generator_cpp: 3.1.6 (/opt/ros/humble/share/rosidl_generator_cpp/cmake)
[0.777s] -- Using all available rosidl_typesupport_c: rosidl_typesupport_fastrtps_c;rosidl_typesupport_introspection_c
[0.777s] -- Using all available rosidl_typesupport_cpp: rosidl_typesupport_fastrtps_cpp;rosidl_typesupport_introspection_cpp
[0.777s] -- Found rosidl_default_generators: 1.2.0 (/opt/ros/humble/share/rosidl_default_generators/cmake)
[1.533s] -- Found ament_cmake_ros: 0.10.0 (/opt/ros/humble/share/ament_cmake_ros/cmake)
[2.610s] -- Using all available rosidl_typesupport_c: rosidl_typesupport_fastrtps_c;rosidl_typesupport_introspection_c
[3.000s] -- Using all available rosidl_typesupport_cpp: rosidl_typesupport_fastrtps_cpp;rosidl_typesupport_introspection_cpp
[3.059s] -- Found python_cmake_module: 0.10.0 (/opt/ros/humble/share/python_cmake_module/cmake)
[3.121s] -- Using PYTHON_EXECUTABLE: /usr/bin/python3
[3.122s] -- Using PYTHON_INCLUDE_DIRS: /usr/include/python3.10
[3.123s] -- Using PYTHON_LIBRARIES: /usr/lib/aarch64-linux-gnu/libpython3.10.so
[3.187s] -- Found ament_lint_auto: 0.12.12 (/opt/ros/humble/share/ament_lint_auto/cmake)
[3.217s] -- Added test 'lint_cmake' to check CMake code style
[3.219s] -- Added test 'xmllint' to check XML markup files
[3.225s] -- Configuring done
[3.294s] -- Generating done
[3.318s] -- Build files have been written to: /home/rover/my_rover_ws/build/safety_interfaces
[3.344s] Invoked command in '/home/rover/my_rover_ws/build/safety_interfaces' returned '0': CMAKE_PREFIX_PATH=${CMAKE_PREFIX_PATH}:/home/rover/my_rover_ws/install/vertical_lidar_logger_pkg:/home/rover/my_rover_ws/install/ps_serial_utils_pkg:/home/rover/my_rover_ws/install/pan_tilt_control_pkg:/home/rover/my_rover_ws/install/my_rover_launch_pkg:/home/rover/my_rover_ws/install/lidar_safety_pkg:/home/rover/my_rover_ws/install/keyboard_controller_pkg:/home/rover/my_rover_ws/install/joy_twist_bridge_pkg:/home/rover/my_rover_ws/install/gps_navigator_pkg:/home/rover/my_rover_ws/install/four_leds_control_pkg:/opt/ros/humble /usr/bin/cmake /home/rover/my_rover_ws/src/safety_interfaces -DCMAKE_INSTALL_PREFIX=/home/rover/my_rover_ws/install/safety_interfaces
[3.346s] Invoking command in '/home/rover/my_rover_ws/build/safety_interfaces': CMAKE_PREFIX_PATH=${CMAKE_PREFIX_PATH}:/home/rover/my_rover_ws/install/vertical_lidar_logger_pkg:/home/rover/my_rover_ws/install/ps_serial_utils_pkg:/home/rover/my_rover_ws/install/pan_tilt_control_pkg:/home/rover/my_rover_ws/install/my_rover_launch_pkg:/home/rover/my_rover_ws/install/lidar_safety_pkg:/home/rover/my_rover_ws/install/keyboard_controller_pkg:/home/rover/my_rover_ws/install/joy_twist_bridge_pkg:/home/rover/my_rover_ws/install/gps_navigator_pkg:/home/rover/my_rover_ws/install/four_leds_control_pkg:/opt/ros/humble /usr/bin/cmake --build /home/rover/my_rover_ws/build/safety_interfaces -- -j6 -l6
[3.424s] [35m[1mConsolidate compiler generated dependencies of target safety_interfaces__rosidl_generator_c[0m
[3.441s] [  3%] Built target safety_interfaces__cpp
[3.452s] [ 12%] Built target safety_interfaces__rosidl_generator_c
[3.461s] [35m[1mConsolidate compiler generated dependencies of target safety_interfaces__rosidl_typesupport_cpp[0m
[3.462s] [35m[1mConsolidate compiler generated dependencies of target safety_interfaces__rosidl_typesupport_fastrtps_cpp[0m
[3.472s] [35m[1mConsolidate compiler generated dependencies of target safety_interfaces__rosidl_typesupport_introspection_cpp[0m
[3.477s] [ 12%] Built target ament_cmake_python_symlink_safety_interfaces
[3.477s] [35m[1mConsolidate compiler generated dependencies of target safety_interfaces__rosidl_typesupport_fastrtps_c[0m
[3.490s] [35m[1mConsolidate compiler generated dependencies of target safety_interfaces__rosidl_typesupport_introspection_c[0m
[3.501s] [ 22%] Built target safety_interfaces__rosidl_typesupport_fastrtps_cpp
[3.505s] [ 32%] Built target safety_interfaces__rosidl_typesupport_cpp
[3.508s] [35m[1mConsolidate compiler generated dependencies of target safety_interfaces__rosidl_typesupport_c[0m
[3.516s] [ 41%] Built target safety_interfaces__rosidl_typesupport_introspection_c
[3.522s] [ 51%] Built target safety_interfaces__rosidl_typesupport_introspection_cpp
[3.529s] [ 64%] Built target safety_interfaces__rosidl_typesupport_c
[3.529s] [ 70%] Built target safety_interfaces__rosidl_typesupport_fastrtps_c
[3.578s] [ 70%] Built target safety_interfaces
[3.623s] [ 74%] Built target safety_interfaces__py
[3.645s] [35m[1mConsolidate compiler generated dependencies of target safety_interfaces__rosidl_generator_py[0m
[3.676s] [ 80%] Built target safety_interfaces__rosidl_generator_py
[3.697s] [35m[1mConsolidate compiler generated dependencies of target safety_interfaces__rosidl_typesupport_introspection_c__pyext[0m
[3.697s] [35m[1mConsolidate compiler generated dependencies of target safety_interfaces__rosidl_typesupport_c__pyext[0m
[3.697s] [35m[1mConsolidate compiler generated dependencies of target safety_interfaces__rosidl_typesupport_fastrtps_c__pyext[0m
[3.728s] [ 93%] Built target safety_interfaces__rosidl_typesupport_introspection_c__pyext
[3.728s] [ 93%] Built target safety_interfaces__rosidl_typesupport_fastrtps_c__pyext
[3.729s] [100%] Built target safety_interfaces__rosidl_typesupport_c__pyext
[4.096s] running egg_info
[4.097s] writing safety_interfaces.egg-info/PKG-INFO
[4.098s] writing dependency_links to safety_interfaces.egg-info/dependency_links.txt
[4.098s] writing top-level names to safety_interfaces.egg-info/top_level.txt
[4.103s] reading manifest file 'safety_interfaces.egg-info/SOURCES.txt'
[4.105s] writing manifest file 'safety_interfaces.egg-info/SOURCES.txt'
[4.174s] [100%] Built target ament_cmake_python_build_safety_interfaces_egg
[4.202s] Invoked command in '/home/rover/my_rover_ws/build/safety_interfaces' returned '0': CMAKE_PREFIX_PATH=${CMAKE_PREFIX_PATH}:/home/rover/my_rover_ws/install/vertical_lidar_logger_pkg:/home/rover/my_rover_ws/install/ps_serial_utils_pkg:/home/rover/my_rover_ws/install/pan_tilt_control_pkg:/home/rover/my_rover_ws/install/my_rover_launch_pkg:/home/rover/my_rover_ws/install/lidar_safety_pkg:/home/rover/my_rover_ws/install/keyboard_controller_pkg:/home/rover/my_rover_ws/install/joy_twist_bridge_pkg:/home/rover/my_rover_ws/install/gps_navigator_pkg:/home/rover/my_rover_ws/install/four_leds_control_pkg:/opt/ros/humble /usr/bin/cmake --build /home/rover/my_rover_ws/build/safety_interfaces -- -j6 -l6
[4.207s] Invoking command in '/home/rover/my_rover_ws/build/safety_interfaces': CMAKE_PREFIX_PATH=${CMAKE_PREFIX_PATH}:/home/rover/my_rover_ws/install/vertical_lidar_logger_pkg:/home/rover/my_rover_ws/install/ps_serial_utils_pkg:/home/rover/my_rover_ws/install/pan_tilt_control_pkg:/home/rover/my_rover_ws/install/my_rover_launch_pkg:/home/rover/my_rover_ws/install/lidar_safety_pkg:/home/rover/my_rover_ws/install/keyboard_controller_pkg:/home/rover/my_rover_ws/install/joy_twist_bridge_pkg:/home/rover/my_rover_ws/install/gps_navigator_pkg:/home/rover/my_rover_ws/install/four_leds_control_pkg:/opt/ros/humble /usr/bin/cmake --install /home/rover/my_rover_ws/build/safety_interfaces
[4.225s] -- Install configuration: ""
[4.226s] -- Execute custom install script
[4.226s] -- Up-to-date symlink: /home/rover/my_rover_ws/install/safety_interfaces/share/ament_index/resource_index/rosidl_interfaces/safety_interfaces
[4.227s] -- Up-to-date symlink: /home/rover/my_rover_ws/install/safety_interfaces/include/safety_interfaces/safety_interfaces/msg/detail/safety_status__functions.h
[4.228s] -- Up-to-date symlink: /home/rover/my_rover_ws/install/safety_interfaces/include/safety_interfaces/safety_interfaces/msg/detail/safety_status__struct.h
[4.228s] -- Up-to-date symlink: /home/rover/my_rover_ws/install/safety_interfaces/include/safety_interfaces/safety_interfaces/msg/detail/safety_status__type_support.h
[4.228s] -- Up-to-date symlink: /home/rover/my_rover_ws/install/safety_interfaces/include/safety_interfaces/safety_interfaces/msg/rosidl_generator_c__visibility_control.h
[4.228s] -- Up-to-date symlink: /home/rover/my_rover_ws/install/safety_interfaces/include/safety_interfaces/safety_interfaces/msg/safety_status.h
[4.229s] -- Up-to-date symlink: /home/rover/my_rover_ws/install/safety_interfaces/share/safety_interfaces/environment/library_path.sh
[4.229s] -- Up-to-date symlink: /home/rover/my_rover_ws/install/safety_interfaces/share/safety_interfaces/environment/library_path.dsv
[4.230s] -- Up-to-date symlink: /home/rover/my_rover_ws/install/safety_interfaces/include/safety_interfaces/safety_interfaces/msg/detail/safety_status__rosidl_typesupport_fastrtps_c.h
[4.230s] -- Up-to-date symlink: /home/rover/my_rover_ws/install/safety_interfaces/include/safety_interfaces/safety_interfaces/msg/rosidl_typesupport_fastrtps_c__visibility_control.h
[4.231s] -- Up-to-date symlink: /home/rover/my_rover_ws/install/safety_interfaces/include/safety_interfaces/safety_interfaces/msg/detail/safety_status__builder.hpp
[4.231s] -- Up-to-date symlink: /home/rover/my_rover_ws/install/safety_interfaces/include/safety_interfaces/safety_interfaces/msg/detail/safety_status__struct.hpp
[4.232s] -- Up-to-date symlink: /home/rover/my_rover_ws/install/safety_interfaces/include/safety_interfaces/safety_interfaces/msg/detail/safety_status__traits.hpp
[4.232s] -- Up-to-date symlink: /home/rover/my_rover_ws/install/safety_interfaces/include/safety_interfaces/safety_interfaces/msg/detail/safety_status__type_support.hpp
[4.232s] -- Up-to-date symlink: /home/rover/my_rover_ws/install/safety_interfaces/include/safety_interfaces/safety_interfaces/msg/rosidl_generator_cpp__visibility_control.hpp
[4.232s] -- Up-to-date symlink: /home/rover/my_rover_ws/install/safety_interfaces/include/safety_interfaces/safety_interfaces/msg/safety_status.hpp
[4.233s] -- Up-to-date symlink: /home/rover/my_rover_ws/install/safety_interfaces/include/safety_interfaces/safety_interfaces/msg/detail/safety_status__rosidl_typesupport_fastrtps_cpp.hpp
[4.234s] -- Up-to-date symlink: /home/rover/my_rover_ws/install/safety_interfaces/include/safety_interfaces/safety_interfaces/msg/rosidl_typesupport_fastrtps_cpp__visibility_control.h
[4.234s] -- Up-to-date symlink: /home/rover/my_rover_ws/install/safety_interfaces/include/safety_interfaces/safety_interfaces/msg/detail/safety_status__rosidl_typesupport_introspection_c.h
[4.234s] -- Up-to-date symlink: /home/rover/my_rover_ws/install/safety_interfaces/include/safety_interfaces/safety_interfaces/msg/rosidl_typesupport_introspection_c__visibility_control.h
[4.235s] -- Up-to-date symlink: /home/rover/my_rover_ws/install/safety_interfaces/include/safety_interfaces/safety_interfaces/msg/detail/safety_status__rosidl_typesupport_introspection_cpp.hpp
[4.235s] -- Up-to-date symlink: /home/rover/my_rover_ws/install/safety_interfaces/share/safety_interfaces/environment/pythonpath.sh
[4.236s] -- Up-to-date symlink: /home/rover/my_rover_ws/install/safety_interfaces/share/safety_interfaces/environment/pythonpath.dsv
[4.236s] -- Up-to-date symlink: /home/rover/my_rover_ws/install/safety_interfaces/local/lib/python3.10/dist-packages/safety_interfaces-0.0.0-py3.10.egg-info/PKG-INFO
[4.237s] -- Up-to-date symlink: /home/rover/my_rover_ws/install/safety_interfaces/local/lib/python3.10/dist-packages/safety_interfaces-0.0.0-py3.10.egg-info/SOURCES.txt
[4.237s] -- Up-to-date symlink: /home/rover/my_rover_ws/install/safety_interfaces/local/lib/python3.10/dist-packages/safety_interfaces-0.0.0-py3.10.egg-info/dependency_links.txt
[4.237s] -- Up-to-date symlink: /home/rover/my_rover_ws/install/safety_interfaces/local/lib/python3.10/dist-packages/safety_interfaces-0.0.0-py3.10.egg-info/top_level.txt
[4.238s] -- Up-to-date symlink: /home/rover/my_rover_ws/install/safety_interfaces/local/lib/python3.10/dist-packages/safety_interfaces/__init__.py
[4.238s] -- Up-to-date symlink: /home/rover/my_rover_ws/install/safety_interfaces/local/lib/python3.10/dist-packages/safety_interfaces/_safety_interfaces_s.ep.rosidl_typesupport_c.c
[4.239s] -- Up-to-date symlink: /home/rover/my_rover_ws/install/safety_interfaces/local/lib/python3.10/dist-packages/safety_interfaces/_safety_interfaces_s.ep.rosidl_typesupport_fastrtps_c.c
[4.239s] -- Up-to-date symlink: /home/rover/my_rover_ws/install/safety_interfaces/local/lib/python3.10/dist-packages/safety_interfaces/_safety_interfaces_s.ep.rosidl_typesupport_introspection_c.c
[4.239s] -- Up-to-date symlink: /home/rover/my_rover_ws/install/safety_interfaces/local/lib/python3.10/dist-packages/safety_interfaces/libsafety_interfaces__rosidl_generator_py.so
[4.239s] -- Up-to-date symlink: /home/rover/my_rover_ws/install/safety_interfaces/local/lib/python3.10/dist-packages/safety_interfaces/msg/__init__.py
[4.240s] -- Up-to-date symlink: /home/rover/my_rover_ws/install/safety_interfaces/local/lib/python3.10/dist-packages/safety_interfaces/msg/_safety_status.py
[4.240s] -- Up-to-date symlink: /home/rover/my_rover_ws/install/safety_interfaces/local/lib/python3.10/dist-packages/safety_interfaces/msg/_safety_status_s.c
[4.240s] -- Up-to-date symlink: /home/rover/my_rover_ws/install/safety_interfaces/local/lib/python3.10/dist-packages/safety_interfaces/safety_interfaces_s__rosidl_typesupport_c.cpython-310-aarch64-linux-gnu.so
[4.240s] -- Up-to-date symlink: /home/rover/my_rover_ws/install/safety_interfaces/local/lib/python3.10/dist-packages/safety_interfaces/safety_interfaces_s__rosidl_typesupport_fastrtps_c.cpython-310-aarch64-linux-gnu.so
[4.241s] -- Up-to-date symlink: /home/rover/my_rover_ws/install/safety_interfaces/local/lib/python3.10/dist-packages/safety_interfaces/safety_interfaces_s__rosidl_typesupport_introspection_c.cpython-310-aarch64-linux-gnu.so
[4.241s] -- Up-to-date symlink: /home/rover/my_rover_ws/install/safety_interfaces/local/lib/python3.10/dist-packages/safety_interfaces/safety_interfaces_s__rosidl_typesupport_fastrtps_c.cpython-310-aarch64-linux-gnu.so
[4.242s] -- Up-to-date symlink: /home/rover/my_rover_ws/install/safety_interfaces/local/lib/python3.10/dist-packages/safety_interfaces/safety_interfaces_s__rosidl_typesupport_introspection_c.cpython-310-aarch64-linux-gnu.so
[4.242s] -- Up-to-date symlink: /home/rover/my_rover_ws/install/safety_interfaces/local/lib/python3.10/dist-packages/safety_interfaces/safety_interfaces_s__rosidl_typesupport_c.cpython-310-aarch64-linux-gnu.so
[4.242s] -- Up-to-date symlink: /home/rover/my_rover_ws/install/safety_interfaces/share/safety_interfaces/msg/SafetyStatus.idl
[4.243s] -- Up-to-date symlink: /home/rover/my_rover_ws/install/safety_interfaces/share/safety_interfaces/msg/SafetyStatus.msg
[4.243s] -- Up-to-date symlink: /home/rover/my_rover_ws/install/safety_interfaces/share/ament_index/resource_index/package_run_dependencies/safety_interfaces
[4.243s] -- Up-to-date symlink: /home/rover/my_rover_ws/install/safety_interfaces/share/ament_index/resource_index/parent_prefix_path/safety_interfaces
[4.244s] -- Up-to-date symlink: /home/rover/my_rover_ws/install/safety_interfaces/share/safety_interfaces/environment/ament_prefix_path.sh
[4.244s] -- Up-to-date symlink: /home/rover/my_rover_ws/install/safety_interfaces/share/safety_interfaces/environment/ament_prefix_path.dsv
[4.244s] -- Up-to-date symlink: /home/rover/my_rover_ws/install/safety_interfaces/share/safety_interfaces/environment/path.sh
[4.245s] -- Up-to-date symlink: /home/rover/my_rover_ws/install/safety_interfaces/share/safety_interfaces/environment/path.dsv
[4.245s] -- Up-to-date symlink: /home/rover/my_rover_ws/install/safety_interfaces/share/safety_interfaces/local_setup.bash
[4.245s] -- Up-to-date symlink: /home/rover/my_rover_ws/install/safety_interfaces/share/safety_interfaces/local_setup.sh
[4.246s] -- Up-to-date symlink: /home/rover/my_rover_ws/install/safety_interfaces/share/safety_interfaces/local_setup.zsh
[4.246s] -- Up-to-date symlink: /home/rover/my_rover_ws/install/safety_interfaces/share/safety_interfaces/local_setup.dsv
[4.246s] -- Symlinking: /home/rover/my_rover_ws/install/safety_interfaces/share/safety_interfaces/package.dsv
[4.265s] -- Up-to-date symlink: /home/rover/my_rover_ws/install/safety_interfaces/share/ament_index/resource_index/packages/safety_interfaces
[4.265s] -- Up-to-date symlink: /home/rover/my_rover_ws/install/safety_interfaces/share/safety_interfaces/cmake/rosidl_cmake-extras.cmake
[4.265s] -- Up-to-date symlink: /home/rover/my_rover_ws/install/safety_interfaces/share/safety_interfaces/cmake/ament_cmake_export_dependencies-extras.cmake
[4.265s] -- Up-to-date symlink: /home/rover/my_rover_ws/install/safety_interfaces/share/safety_interfaces/cmake/ament_cmake_export_include_directories-extras.cmake
[4.266s] -- Up-to-date symlink: /home/rover/my_rover_ws/install/safety_interfaces/share/safety_interfaces/cmake/ament_cmake_export_libraries-extras.cmake
[4.266s] -- Up-to-date symlink: /home/rover/my_rover_ws/install/safety_interfaces/share/safety_interfaces/cmake/ament_cmake_export_targets-extras.cmake
[4.266s] -- Up-to-date symlink: /home/rover/my_rover_ws/install/safety_interfaces/share/safety_interfaces/cmake/rosidl_cmake_export_typesupport_targets-extras.cmake
[4.267s] -- Up-to-date symlink: /home/rover/my_rover_ws/install/safety_interfaces/share/safety_interfaces/cmake/rosidl_cmake_export_typesupport_libraries-extras.cmake
[4.267s] -- Up-to-date symlink: /home/rover/my_rover_ws/install/safety_interfaces/share/safety_interfaces/cmake/safety_interfacesConfig.cmake
[4.267s] -- Up-to-date symlink: /home/rover/my_rover_ws/install/safety_interfaces/share/safety_interfaces/cmake/safety_interfacesConfig-version.cmake
[4.267s] -- Up-to-date symlink: /home/rover/my_rover_ws/install/safety_interfaces/share/safety_interfaces/package.xml
[4.268s] -- Up-to-date: /home/rover/my_rover_ws/install/safety_interfaces/lib/libsafety_interfaces__rosidl_generator_c.so
[4.269s] -- Up-to-date: /home/rover/my_rover_ws/install/safety_interfaces/lib/libsafety_interfaces__rosidl_typesupport_fastrtps_c.so
[4.269s] -- Up-to-date: /home/rover/my_rover_ws/install/safety_interfaces/lib/libsafety_interfaces__rosidl_typesupport_fastrtps_cpp.so
[4.270s] -- Up-to-date: /home/rover/my_rover_ws/install/safety_interfaces/lib/libsafety_interfaces__rosidl_typesupport_introspection_c.so
[4.270s] -- Up-to-date: /home/rover/my_rover_ws/install/safety_interfaces/lib/libsafety_interfaces__rosidl_typesupport_c.so
[4.271s] -- Up-to-date: /home/rover/my_rover_ws/install/safety_interfaces/lib/libsafety_interfaces__rosidl_typesupport_introspection_cpp.so
[4.271s] -- Up-to-date: /home/rover/my_rover_ws/install/safety_interfaces/lib/libsafety_interfaces__rosidl_typesupport_cpp.so
[4.372s] Listing '/home/rover/my_rover_ws/install/safety_interfaces/local/lib/python3.10/dist-packages/safety_interfaces'...
[4.373s] Compiling '/home/rover/my_rover_ws/install/safety_interfaces/local/lib/python3.10/dist-packages/safety_interfaces/__init__.py'...
[4.373s] Listing '/home/rover/my_rover_ws/install/safety_interfaces/local/lib/python3.10/dist-packages/safety_interfaces/msg'...
[4.385s] -- Up-to-date: /home/rover/my_rover_ws/install/safety_interfaces/lib/libsafety_interfaces__rosidl_generator_py.so
[4.385s] -- Up-to-date: /home/rover/my_rover_ws/install/safety_interfaces/share/safety_interfaces/cmake/export_safety_interfaces__rosidl_generator_cExport.cmake
[4.386s] -- Up-to-date: /home/rover/my_rover_ws/install/safety_interfaces/share/safety_interfaces/cmake/export_safety_interfaces__rosidl_generator_cExport-noconfig.cmake
[4.386s] -- Up-to-date: /home/rover/my_rover_ws/install/safety_interfaces/share/safety_interfaces/cmake/export_safety_interfaces__rosidl_typesupport_fastrtps_cExport.cmake
[4.386s] -- Up-to-date: /home/rover/my_rover_ws/install/safety_interfaces/share/safety_interfaces/cmake/export_safety_interfaces__rosidl_typesupport_fastrtps_cExport-noconfig.cmake
[4.386s] -- Up-to-date: /home/rover/my_rover_ws/install/safety_interfaces/share/safety_interfaces/cmake/export_safety_interfaces__rosidl_generator_cppExport.cmake
[4.387s] -- Up-to-date: /home/rover/my_rover_ws/install/safety_interfaces/share/safety_interfaces/cmake/export_safety_interfaces__rosidl_typesupport_fastrtps_cppExport.cmake
[4.387s] -- Up-to-date: /home/rover/my_rover_ws/install/safety_interfaces/share/safety_interfaces/cmake/export_safety_interfaces__rosidl_typesupport_fastrtps_cppExport-noconfig.cmake
[4.387s] -- Up-to-date: /home/rover/my_rover_ws/install/safety_interfaces/share/safety_interfaces/cmake/safety_interfaces__rosidl_typesupport_introspection_cExport.cmake
[4.387s] -- Up-to-date: /home/rover/my_rover_ws/install/safety_interfaces/share/safety_interfaces/cmake/safety_interfaces__rosidl_typesupport_introspection_cExport-noconfig.cmake
[4.387s] -- Up-to-date: /home/rover/my_rover_ws/install/safety_interfaces/share/safety_interfaces/cmake/safety_interfaces__rosidl_typesupport_cExport.cmake
[4.388s] -- Up-to-date: /home/rover/my_rover_ws/install/safety_interfaces/share/safety_interfaces/cmake/safety_interfaces__rosidl_typesupport_cExport-noconfig.cmake
[4.389s] -- Up-to-date: /home/rover/my_rover_ws/install/safety_interfaces/share/safety_interfaces/cmake/safety_interfaces__rosidl_typesupport_introspection_cppExport.cmake
[4.389s] -- Up-to-date: /home/rover/my_rover_ws/install/safety_interfaces/share/safety_interfaces/cmake/safety_interfaces__rosidl_typesupport_introspection_cppExport-noconfig.cmake
[4.389s] -- Up-to-date: /home/rover/my_rover_ws/install/safety_interfaces/share/safety_interfaces/cmake/safety_interfaces__rosidl_typesupport_cppExport.cmake
[4.390s] -- Up-to-date: /home/rover/my_rover_ws/install/safety_interfaces/share/safety_interfaces/cmake/safety_interfaces__rosidl_typesupport_cppExport-noconfig.cmake
[4.390s] -- Up-to-date: /home/rover/my_rover_ws/install/safety_interfaces/share/safety_interfaces/cmake/export_safety_interfaces__rosidl_generator_pyExport.cmake
[4.390s] -- Up-to-date: /home/rover/my_rover_ws/install/safety_interfaces/share/safety_interfaces/cmake/export_safety_interfaces__rosidl_generator_pyExport-noconfig.cmake
[4.396s] Invoked command in '/home/rover/my_rover_ws/build/safety_interfaces' returned '0': CMAKE_PREFIX_PATH=${CMAKE_PREFIX_PATH}:/home/rover/my_rover_ws/install/vertical_lidar_logger_pkg:/home/rover/my_rover_ws/install/ps_serial_utils_pkg:/home/rover/my_rover_ws/install/pan_tilt_control_pkg:/home/rover/my_rover_ws/install/my_rover_launch_pkg:/home/rover/my_rover_ws/install/lidar_safety_pkg:/home/rover/my_rover_ws/install/keyboard_controller_pkg:/home/rover/my_rover_ws/install/joy_twist_bridge_pkg:/home/rover/my_rover_ws/install/gps_navigator_pkg:/home/rover/my_rover_ws/install/four_leds_control_pkg:/opt/ros/humble /usr/bin/cmake --install /home/rover/my_rover_ws/build/safety_interfaces
