running develop
Removing /home/rover/my_rover_ws/install/ps_serial_utils_pkg/lib/python3.10/site-packages/ps-serial-utils-pkg.egg-link (link to .)
running egg_info
writing ../../build/ps_serial_utils_pkg/ps_serial_utils_pkg.egg-info/PKG-INFO
writing dependency_links to ../../build/ps_serial_utils_pkg/ps_serial_utils_pkg.egg-info/dependency_links.txt
writing entry points to ../../build/ps_serial_utils_pkg/ps_serial_utils_pkg.egg-info/entry_points.txt
writing requirements to ../../build/ps_serial_utils_pkg/ps_serial_utils_pkg.egg-info/requires.txt
writing top-level names to ../../build/ps_serial_utils_pkg/ps_serial_utils_pkg.egg-info/top_level.txt
reading manifest file '../../build/ps_serial_utils_pkg/ps_serial_utils_pkg.egg-info/SOURCES.txt'
writing manifest file '../../build/ps_serial_utils_pkg/ps_serial_utils_pkg.egg-info/SOURCES.txt'
running build
running build_py
creating /home/rover/my_rover_ws/build/ps_serial_utils_pkg/build
creating /home/rover/my_rover_ws/build/ps_serial_utils_pkg/build/lib
creating /home/rover/my_rover_ws/build/ps_serial_utils_pkg/build/lib/ps_serial_utils_pkg
copying ps_serial_utils_pkg/esp32_mac_mapper.py -> /home/rover/my_rover_ws/build/ps_serial_utils_pkg/build/lib/ps_serial_utils_pkg
copying ps_serial_utils_pkg/__init__.py -> /home/rover/my_rover_ws/build/ps_serial_utils_pkg/build/lib/ps_serial_utils_pkg
running install
running install_lib
creating /home/rover/my_rover_ws/install/ps_serial_utils_pkg/lib/python3.10/site-packages/ps_serial_utils_pkg
copying /home/rover/my_rover_ws/build/ps_serial_utils_pkg/build/lib/ps_serial_utils_pkg/esp32_mac_mapper.py -> /home/rover/my_rover_ws/install/ps_serial_utils_pkg/lib/python3.10/site-packages/ps_serial_utils_pkg
copying /home/rover/my_rover_ws/build/ps_serial_utils_pkg/build/lib/ps_serial_utils_pkg/__init__.py -> /home/rover/my_rover_ws/install/ps_serial_utils_pkg/lib/python3.10/site-packages/ps_serial_utils_pkg
byte-compiling /home/rover/my_rover_ws/install/ps_serial_utils_pkg/lib/python3.10/site-packages/ps_serial_utils_pkg/esp32_mac_mapper.py to esp32_mac_mapper.cpython-310.pyc
byte-compiling /home/rover/my_rover_ws/install/ps_serial_utils_pkg/lib/python3.10/site-packages/ps_serial_utils_pkg/__init__.py to __init__.cpython-310.pyc
running install_data
copying resource/ps_serial_utils_pkg -> /home/rover/my_rover_ws/install/ps_serial_utils_pkg/share/ament_index/resource_index/packages
copying package.xml -> /home/rover/my_rover_ws/install/ps_serial_utils_pkg/share/ps_serial_utils_pkg
running install_egg_info
Copying ../../build/ps_serial_utils_pkg/ps_serial_utils_pkg.egg-info to /home/rover/my_rover_ws/install/ps_serial_utils_pkg/lib/python3.10/site-packages/ps_serial_utils_pkg-0.0.0-py3.10.egg-info
running install_scripts
writing list of installed files to '/home/rover/my_rover_ws/build/ps_serial_utils_pkg/install.log'
