[2.572s] Invoking command in '/home/rover/my_rover_ws/build/ps_serial_utils_pkg': PYTHONPATH=/home/rover/my_rover_ws/build/ps_serial_utils_pkg/prefix_override:/usr/lib/python3/dist-packages/colcon_core/task/python/colcon_distutils_commands:/home/rover/my_rover_ws/install/ps_serial_utils_pkg/lib/python3.10/site-packages:${PYTHONPATH} /usr/bin/python3 -W ignore:setup.py install is deprecated -W ignore:easy_install command is deprecated setup.py develop --uninstall --editable --build-directory /home/rover/my_rover_ws/build/ps_serial_utils_pkg/build
[3.244s] running develop
[3.651s] Removing /home/rover/my_rover_ws/install/ps_serial_utils_pkg/lib/python3.10/site-packages/ps-serial-utils-pkg.egg-link (link to .)
[3.749s] Invoked command in '/home/rover/my_rover_ws/build/ps_serial_utils_pkg' returned '0': PYTHONPATH=/home/rover/my_rover_ws/build/ps_serial_utils_pkg/prefix_override:/usr/lib/python3/dist-packages/colcon_core/task/python/colcon_distutils_commands:/home/rover/my_rover_ws/install/ps_serial_utils_pkg/lib/python3.10/site-packages:${PYTHONPATH} /usr/bin/python3 -W ignore:setup.py install is deprecated -W ignore:easy_install command is deprecated setup.py develop --uninstall --editable --build-directory /home/rover/my_rover_ws/build/ps_serial_utils_pkg/build
[3.754s] Invoking command in '/home/rover/my_rover_ws/src/ps_serial_utils_pkg': PYTHONPATH=/home/rover/my_rover_ws/build/ps_serial_utils_pkg/prefix_override:/usr/lib/python3/dist-packages/colcon_core/task/python/colcon_distutils_commands:/home/rover/my_rover_ws/install/ps_serial_utils_pkg/lib/python3.10/site-packages:${PYTHONPATH} /usr/bin/python3 -W ignore:setup.py install is deprecated -W ignore:easy_install command is deprecated setup.py egg_info --egg-base ../../build/ps_serial_utils_pkg build --build-base /home/rover/my_rover_ws/build/ps_serial_utils_pkg/build install --record /home/rover/my_rover_ws/build/ps_serial_utils_pkg/install.log --single-version-externally-managed install_data --force
[4.367s] running egg_info
[4.368s] writing ../../build/ps_serial_utils_pkg/ps_serial_utils_pkg.egg-info/PKG-INFO
[4.369s] writing dependency_links to ../../build/ps_serial_utils_pkg/ps_serial_utils_pkg.egg-info/dependency_links.txt
[4.369s] writing entry points to ../../build/ps_serial_utils_pkg/ps_serial_utils_pkg.egg-info/entry_points.txt
[4.370s] writing requirements to ../../build/ps_serial_utils_pkg/ps_serial_utils_pkg.egg-info/requires.txt
[4.370s] writing top-level names to ../../build/ps_serial_utils_pkg/ps_serial_utils_pkg.egg-info/top_level.txt
[4.374s] reading manifest file '../../build/ps_serial_utils_pkg/ps_serial_utils_pkg.egg-info/SOURCES.txt'
[4.375s] writing manifest file '../../build/ps_serial_utils_pkg/ps_serial_utils_pkg.egg-info/SOURCES.txt'
[4.376s] running build
[4.376s] running build_py
[4.376s] creating /home/rover/my_rover_ws/build/ps_serial_utils_pkg/build
[4.377s] creating /home/rover/my_rover_ws/build/ps_serial_utils_pkg/build/lib
[4.377s] creating /home/rover/my_rover_ws/build/ps_serial_utils_pkg/build/lib/ps_serial_utils_pkg
[4.377s] copying ps_serial_utils_pkg/esp32_mac_mapper.py -> /home/rover/my_rover_ws/build/ps_serial_utils_pkg/build/lib/ps_serial_utils_pkg
[4.377s] copying ps_serial_utils_pkg/__init__.py -> /home/rover/my_rover_ws/build/ps_serial_utils_pkg/build/lib/ps_serial_utils_pkg
[4.383s] running install
[4.383s] running install_lib
[4.384s] creating /home/rover/my_rover_ws/install/ps_serial_utils_pkg/lib/python3.10/site-packages/ps_serial_utils_pkg
[4.384s] copying /home/rover/my_rover_ws/build/ps_serial_utils_pkg/build/lib/ps_serial_utils_pkg/esp32_mac_mapper.py -> /home/rover/my_rover_ws/install/ps_serial_utils_pkg/lib/python3.10/site-packages/ps_serial_utils_pkg
[4.384s] copying /home/rover/my_rover_ws/build/ps_serial_utils_pkg/build/lib/ps_serial_utils_pkg/__init__.py -> /home/rover/my_rover_ws/install/ps_serial_utils_pkg/lib/python3.10/site-packages/ps_serial_utils_pkg
[4.385s] byte-compiling /home/rover/my_rover_ws/install/ps_serial_utils_pkg/lib/python3.10/site-packages/ps_serial_utils_pkg/esp32_mac_mapper.py to esp32_mac_mapper.cpython-310.pyc
[4.387s] byte-compiling /home/rover/my_rover_ws/install/ps_serial_utils_pkg/lib/python3.10/site-packages/ps_serial_utils_pkg/__init__.py to __init__.cpython-310.pyc
[4.387s] running install_data
[4.388s] copying resource/ps_serial_utils_pkg -> /home/rover/my_rover_ws/install/ps_serial_utils_pkg/share/ament_index/resource_index/packages
[4.389s] copying package.xml -> /home/rover/my_rover_ws/install/ps_serial_utils_pkg/share/ps_serial_utils_pkg
[4.389s] running install_egg_info
[4.392s] Copying ../../build/ps_serial_utils_pkg/ps_serial_utils_pkg.egg-info to /home/rover/my_rover_ws/install/ps_serial_utils_pkg/lib/python3.10/site-packages/ps_serial_utils_pkg-0.0.0-py3.10.egg-info
[4.395s] running install_scripts
[4.443s] writing list of installed files to '/home/rover/my_rover_ws/build/ps_serial_utils_pkg/install.log'
[4.525s] Invoked command in '/home/rover/my_rover_ws/src/ps_serial_utils_pkg' returned '0': PYTHONPATH=/home/rover/my_rover_ws/build/ps_serial_utils_pkg/prefix_override:/usr/lib/python3/dist-packages/colcon_core/task/python/colcon_distutils_commands:/home/rover/my_rover_ws/install/ps_serial_utils_pkg/lib/python3.10/site-packages:${PYTHONPATH} /usr/bin/python3 -W ignore:setup.py install is deprecated -W ignore:easy_install command is deprecated setup.py egg_info --egg-base ../../build/ps_serial_utils_pkg build --build-base /home/rover/my_rover_ws/build/ps_serial_utils_pkg/build install --record /home/rover/my_rover_ws/build/ps_serial_utils_pkg/install.log --single-version-externally-managed install_data --force
