[4.664s] Invoking command in '/home/rover/my_rover_ws/src/joy_twist_bridge_pkg': PYTHONPATH=/home/rover/my_rover_ws/build/joy_twist_bridge_pkg/prefix_override:/usr/lib/python3/dist-packages/colcon_core/task/python/colcon_distutils_commands:/home/rover/my_rover_ws/install/joy_twist_bridge_pkg/lib/python3.10/site-packages:${PYTHONPATH} /usr/bin/python3 -W ignore:setup.py install is deprecated -W ignore:easy_install command is deprecated setup.py egg_info --egg-base ../../build/joy_twist_bridge_pkg build --build-base /home/rover/my_rover_ws/build/joy_twist_bridge_pkg/build install --record /home/rover/my_rover_ws/build/joy_twist_bridge_pkg/install.log --single-version-externally-managed install_data
[5.300s] running egg_info
[5.311s] writing ../../build/joy_twist_bridge_pkg/joy_twist_bridge_pkg.egg-info/PKG-INFO
[5.316s] writing dependency_links to ../../build/joy_twist_bridge_pkg/joy_twist_bridge_pkg.egg-info/dependency_links.txt
[5.316s] writing entry points to ../../build/joy_twist_bridge_pkg/joy_twist_bridge_pkg.egg-info/entry_points.txt
[5.317s] writing requirements to ../../build/joy_twist_bridge_pkg/joy_twist_bridge_pkg.egg-info/requires.txt
[5.318s] writing top-level names to ../../build/joy_twist_bridge_pkg/joy_twist_bridge_pkg.egg-info/top_level.txt
[5.319s] reading manifest file '../../build/joy_twist_bridge_pkg/joy_twist_bridge_pkg.egg-info/SOURCES.txt'
[5.319s] writing manifest file '../../build/joy_twist_bridge_pkg/joy_twist_bridge_pkg.egg-info/SOURCES.txt'
[5.320s] running build
[5.321s] running build_py
[5.322s] running install
[5.323s] running install_lib
[5.324s] running install_data
[5.324s] running install_egg_info
[5.324s] removing '/home/rover/my_rover_ws/install/joy_twist_bridge_pkg/lib/python3.10/site-packages/joy_twist_bridge_pkg-0.0.0-py3.10.egg-info' (and everything under it)
[5.324s] Copying ../../build/joy_twist_bridge_pkg/joy_twist_bridge_pkg.egg-info to /home/rover/my_rover_ws/install/joy_twist_bridge_pkg/lib/python3.10/site-packages/joy_twist_bridge_pkg-0.0.0-py3.10.egg-info
[5.327s] running install_scripts
[5.405s] Installing joy_to_twist script to /home/rover/my_rover_ws/install/joy_twist_bridge_pkg/lib/joy_twist_bridge_pkg
[5.420s] writing list of installed files to '/home/rover/my_rover_ws/build/joy_twist_bridge_pkg/install.log'
[6.107s] Invoked command in '/home/rover/my_rover_ws/src/joy_twist_bridge_pkg' returned '0': PYTHONPATH=/home/rover/my_rover_ws/build/joy_twist_bridge_pkg/prefix_override:/usr/lib/python3/dist-packages/colcon_core/task/python/colcon_distutils_commands:/home/rover/my_rover_ws/install/joy_twist_bridge_pkg/lib/python3.10/site-packages:${PYTHONPATH} /usr/bin/python3 -W ignore:setup.py install is deprecated -W ignore:easy_install command is deprecated setup.py egg_info --egg-base ../../build/joy_twist_bridge_pkg build --build-base /home/rover/my_rover_ws/build/joy_twist_bridge_pkg/build install --record /home/rover/my_rover_ws/build/joy_twist_bridge_pkg/install.log --single-version-externally-managed install_data
