[4.529s] Invoking command in '/home/rover/my_rover_ws/src/joy_twist_bridge_pkg': PYTHONPATH=/home/rover/my_rover_ws/build/joy_twist_bridge_pkg/prefix_override:/usr/lib/python3/dist-packages/colcon_core/task/python/colcon_distutils_commands:/home/rover/my_rover_ws/install/joy_twist_bridge_pkg/lib/python3.10/site-packages:${PYTHONPATH} /usr/bin/python3 -W ignore:setup.py install is deprecated -W ignore:easy_install command is deprecated setup.py egg_info --egg-base ../../build/joy_twist_bridge_pkg build --build-base /home/rover/my_rover_ws/build/joy_twist_bridge_pkg/build install --record /home/rover/my_rover_ws/build/joy_twist_bridge_pkg/install.log --single-version-externally-managed install_data
[5.099s] running egg_info
[5.101s] writing ../../build/joy_twist_bridge_pkg/joy_twist_bridge_pkg.egg-info/PKG-INFO
[5.102s] writing dependency_links to ../../build/joy_twist_bridge_pkg/joy_twist_bridge_pkg.egg-info/dependency_links.txt
[5.103s] writing entry points to ../../build/joy_twist_bridge_pkg/joy_twist_bridge_pkg.egg-info/entry_points.txt
[5.105s] writing requirements to ../../build/joy_twist_bridge_pkg/joy_twist_bridge_pkg.egg-info/requires.txt
[5.106s] writing top-level names to ../../build/joy_twist_bridge_pkg/joy_twist_bridge_pkg.egg-info/top_level.txt
[5.111s] reading manifest file '../../build/joy_twist_bridge_pkg/joy_twist_bridge_pkg.egg-info/SOURCES.txt'
[5.113s] writing manifest file '../../build/joy_twist_bridge_pkg/joy_twist_bridge_pkg.egg-info/SOURCES.txt'
[5.114s] running build
[5.115s] running build_py
[5.116s] running install
[5.117s] running install_lib
[5.123s] running install_data
[5.125s] running install_egg_info
[5.129s] removing '/home/rover/my_rover_ws/install/joy_twist_bridge_pkg/lib/python3.10/site-packages/joy_twist_bridge_pkg-0.0.0-py3.10.egg-info' (and everything under it)
[5.135s] Copying ../../build/joy_twist_bridge_pkg/joy_twist_bridge_pkg.egg-info to /home/rover/my_rover_ws/install/joy_twist_bridge_pkg/lib/python3.10/site-packages/joy_twist_bridge_pkg-0.0.0-py3.10.egg-info
[5.140s] running install_scripts
[5.195s] Installing joy_to_twist script to /home/rover/my_rover_ws/install/joy_twist_bridge_pkg/lib/joy_twist_bridge_pkg
[5.196s] writing list of installed files to '/home/rover/my_rover_ws/build/joy_twist_bridge_pkg/install.log'
[5.307s] Invoked command in '/home/rover/my_rover_ws/src/joy_twist_bridge_pkg' returned '0': PYTHONPATH=/home/rover/my_rover_ws/build/joy_twist_bridge_pkg/prefix_override:/usr/lib/python3/dist-packages/colcon_core/task/python/colcon_distutils_commands:/home/rover/my_rover_ws/install/joy_twist_bridge_pkg/lib/python3.10/site-packages:${PYTHONPATH} /usr/bin/python3 -W ignore:setup.py install is deprecated -W ignore:easy_install command is deprecated setup.py egg_info --egg-base ../../build/joy_twist_bridge_pkg build --build-base /home/rover/my_rover_ws/build/joy_twist_bridge_pkg/build install --record /home/rover/my_rover_ws/build/joy_twist_bridge_pkg/install.log --single-version-externally-managed install_data
