[0.284s] DEBUG:colcon:Command line arguments: ['/usr/bin/colcon', 'build', '--packages-select', 'my_rover_launch_pkg']
[0.284s] DEBUG:colcon:Parsed command line arguments: Namespace(log_base=None, log_level=None, verb_name='build', build_base='build', install_base='install', merge_install=False, symlink_install=False, test_result_base=None, continue_on_error=False, executor='parallel', parallel_workers=6, event_handlers=None, ignore_user_meta=False, metas=['./colcon.meta'], base_paths=['.'], packages_ignore=None, packages_ignore_regex=None, paths=None, packages_up_to=None, packages_up_to_regex=None, packages_above=None, packages_above_and_dependencies=None, packages_above_depth=None, packages_select_by_dep=None, packages_skip_by_dep=None, packages_skip_up_to=None, packages_select_build_failed=False, packages_skip_build_finished=False, packages_select_test_failures=False, packages_skip_test_passed=False, packages_select=['my_rover_launch_pkg'], packages_skip=None, packages_select_regex=None, packages_skip_regex=None, packages_start=None, packages_end=None, allow_overriding=[], cmake_args=None, cmake_target=None, cmake_target_skip_unavailable=False, cmake_clean_cache=False, cmake_clean_first=False, cmake_force_configure=False, ament_cmake_args=None, catkin_cmake_args=None, catkin_skip_building_tests=False, mixin_files=None, mixin=None, verb_parser=<colcon_mixin.mixin.mixin_argument.MixinArgumentDecorator object at 0xffff8f997a30>, verb_extension=<colcon_core.verb.build.BuildVerb object at 0xffff8f94a0e0>, main=<bound method BuildVerb.main of <colcon_core.verb.build.BuildVerb object at 0xffff8f94a0e0>>, mixin_verb=('build',))
[0.657s] Level 1:colcon.colcon_core.package_discovery:discover_packages(colcon_meta) check parameters
[0.657s] Level 1:colcon.colcon_core.package_discovery:discover_packages(recursive) check parameters
[0.657s] Level 1:colcon.colcon_core.package_discovery:discover_packages(ignore) check parameters
[0.657s] Level 1:colcon.colcon_core.package_discovery:discover_packages(path) check parameters
[0.657s] Level 1:colcon.colcon_core.package_discovery:discover_packages(colcon_meta) discover
[0.658s] Level 1:colcon.colcon_core.package_discovery:discover_packages(recursive) discover
[0.658s] INFO:colcon.colcon_core.package_discovery:Crawling recursively for packages in '/home/rover/my_rover_ws'
[0.658s] Level 1:colcon.colcon_core.package_identification:_identify(.) by extensions ['ignore', 'ignore_ament_install']
[0.658s] Level 1:colcon.colcon_core.package_identification:_identify(.) by extension 'ignore'
[0.658s] Level 1:colcon.colcon_core.package_identification:_identify(.) by extension 'ignore_ament_install'
[0.659s] Level 1:colcon.colcon_core.package_identification:_identify(.) by extensions ['colcon_pkg']
[0.659s] Level 1:colcon.colcon_core.package_identification:_identify(.) by extension 'colcon_pkg'
[0.659s] Level 1:colcon.colcon_core.package_identification:_identify(.) by extensions ['colcon_meta']
[0.659s] Level 1:colcon.colcon_core.package_identification:_identify(.) by extension 'colcon_meta'
[0.659s] Level 1:colcon.colcon_core.package_identification:_identify(.) by extensions ['ros']
[0.659s] Level 1:colcon.colcon_core.package_identification:_identify(.) by extension 'ros'
[0.710s] Level 1:colcon.colcon_core.package_identification:_identify(.) by extensions ['cmake', 'python']
[0.711s] Level 1:colcon.colcon_core.package_identification:_identify(.) by extension 'cmake'
[0.711s] Level 1:colcon.colcon_core.package_identification:_identify(.) by extension 'python'
[0.711s] Level 1:colcon.colcon_core.package_identification:_identify(.) by extensions ['python_setup_py']
[0.711s] Level 1:colcon.colcon_core.package_identification:_identify(.) by extension 'python_setup_py'
[0.711s] Level 1:colcon.colcon_core.package_identification:_identify(build) by extensions ['ignore', 'ignore_ament_install']
[0.712s] Level 1:colcon.colcon_core.package_identification:_identify(build) by extension 'ignore'
[0.712s] Level 1:colcon.colcon_core.package_identification:_identify(build) ignored
[0.712s] Level 1:colcon.colcon_core.package_identification:_identify(install) by extensions ['ignore', 'ignore_ament_install']
[0.712s] Level 1:colcon.colcon_core.package_identification:_identify(install) by extension 'ignore'
[0.712s] Level 1:colcon.colcon_core.package_identification:_identify(install) ignored
[0.713s] Level 1:colcon.colcon_core.package_identification:_identify(log) by extensions ['ignore', 'ignore_ament_install']
[0.713s] Level 1:colcon.colcon_core.package_identification:_identify(log) by extension 'ignore'
[0.713s] Level 1:colcon.colcon_core.package_identification:_identify(log) ignored
[0.713s] Level 1:colcon.colcon_core.package_identification:_identify(src) by extensions ['ignore', 'ignore_ament_install']
[0.713s] Level 1:colcon.colcon_core.package_identification:_identify(src) by extension 'ignore'
[0.714s] Level 1:colcon.colcon_core.package_identification:_identify(src) by extension 'ignore_ament_install'
[0.714s] Level 1:colcon.colcon_core.package_identification:_identify(src) by extensions ['colcon_pkg']
[0.714s] Level 1:colcon.colcon_core.package_identification:_identify(src) by extension 'colcon_pkg'
[0.714s] Level 1:colcon.colcon_core.package_identification:_identify(src) by extensions ['colcon_meta']
[0.714s] Level 1:colcon.colcon_core.package_identification:_identify(src) by extension 'colcon_meta'
[0.714s] Level 1:colcon.colcon_core.package_identification:_identify(src) by extensions ['ros']
[0.714s] Level 1:colcon.colcon_core.package_identification:_identify(src) by extension 'ros'
[0.714s] Level 1:colcon.colcon_core.package_identification:_identify(src) by extensions ['cmake', 'python']
[0.714s] Level 1:colcon.colcon_core.package_identification:_identify(src) by extension 'cmake'
[0.714s] Level 1:colcon.colcon_core.package_identification:_identify(src) by extension 'python'
[0.715s] Level 1:colcon.colcon_core.package_identification:_identify(src) by extensions ['python_setup_py']
[0.715s] Level 1:colcon.colcon_core.package_identification:_identify(src) by extension 'python_setup_py'
[0.715s] Level 1:colcon.colcon_core.package_identification:_identify(src/build) by extensions ['ignore', 'ignore_ament_install']
[0.715s] Level 1:colcon.colcon_core.package_identification:_identify(src/build) by extension 'ignore'
[0.715s] Level 1:colcon.colcon_core.package_identification:_identify(src/build) ignored
[0.715s] Level 1:colcon.colcon_core.package_identification:_identify(src/four_leds_control_pkg) by extensions ['ignore', 'ignore_ament_install']
[0.716s] Level 1:colcon.colcon_core.package_identification:_identify(src/four_leds_control_pkg) by extension 'ignore'
[0.716s] Level 1:colcon.colcon_core.package_identification:_identify(src/four_leds_control_pkg) by extension 'ignore_ament_install'
[0.716s] Level 1:colcon.colcon_core.package_identification:_identify(src/four_leds_control_pkg) by extensions ['colcon_pkg']
[0.716s] Level 1:colcon.colcon_core.package_identification:_identify(src/four_leds_control_pkg) by extension 'colcon_pkg'
[0.716s] Level 1:colcon.colcon_core.package_identification:_identify(src/four_leds_control_pkg) by extensions ['colcon_meta']
[0.716s] Level 1:colcon.colcon_core.package_identification:_identify(src/four_leds_control_pkg) by extension 'colcon_meta'
[0.716s] Level 1:colcon.colcon_core.package_identification:_identify(src/four_leds_control_pkg) by extensions ['ros']
[0.716s] Level 1:colcon.colcon_core.package_identification:_identify(src/four_leds_control_pkg) by extension 'ros'
[0.722s] DEBUG:colcon.colcon_core.package_identification:Package 'src/four_leds_control_pkg' with type 'ros.ament_python' and name 'four_leds_control_pkg'
[0.722s] Level 1:colcon.colcon_core.package_identification:_identify(src/gps_navigator_pkg) by extensions ['ignore', 'ignore_ament_install']
[0.722s] Level 1:colcon.colcon_core.package_identification:_identify(src/gps_navigator_pkg) by extension 'ignore'
[0.722s] Level 1:colcon.colcon_core.package_identification:_identify(src/gps_navigator_pkg) by extension 'ignore_ament_install'
[0.722s] Level 1:colcon.colcon_core.package_identification:_identify(src/gps_navigator_pkg) by extensions ['colcon_pkg']
[0.723s] Level 1:colcon.colcon_core.package_identification:_identify(src/gps_navigator_pkg) by extension 'colcon_pkg'
[0.723s] Level 1:colcon.colcon_core.package_identification:_identify(src/gps_navigator_pkg) by extensions ['colcon_meta']
[0.723s] Level 1:colcon.colcon_core.package_identification:_identify(src/gps_navigator_pkg) by extension 'colcon_meta'
[0.723s] Level 1:colcon.colcon_core.package_identification:_identify(src/gps_navigator_pkg) by extensions ['ros']
[0.723s] Level 1:colcon.colcon_core.package_identification:_identify(src/gps_navigator_pkg) by extension 'ros'
[0.724s] DEBUG:colcon.colcon_core.package_identification:Package 'src/gps_navigator_pkg' with type 'ros.ament_python' and name 'gps_navigator_pkg'
[0.724s] Level 1:colcon.colcon_core.package_identification:_identify(src/install) by extensions ['ignore', 'ignore_ament_install']
[0.725s] Level 1:colcon.colcon_core.package_identification:_identify(src/install) by extension 'ignore'
[0.725s] Level 1:colcon.colcon_core.package_identification:_identify(src/install) ignored
[0.725s] Level 1:colcon.colcon_core.package_identification:_identify(src/joy_twist_bridge_pkg) by extensions ['ignore', 'ignore_ament_install']
[0.725s] Level 1:colcon.colcon_core.package_identification:_identify(src/joy_twist_bridge_pkg) by extension 'ignore'
[0.725s] Level 1:colcon.colcon_core.package_identification:_identify(src/joy_twist_bridge_pkg) by extension 'ignore_ament_install'
[0.725s] Level 1:colcon.colcon_core.package_identification:_identify(src/joy_twist_bridge_pkg) by extensions ['colcon_pkg']
[0.725s] Level 1:colcon.colcon_core.package_identification:_identify(src/joy_twist_bridge_pkg) by extension 'colcon_pkg'
[0.725s] Level 1:colcon.colcon_core.package_identification:_identify(src/joy_twist_bridge_pkg) by extensions ['colcon_meta']
[0.726s] Level 1:colcon.colcon_core.package_identification:_identify(src/joy_twist_bridge_pkg) by extension 'colcon_meta'
[0.726s] Level 1:colcon.colcon_core.package_identification:_identify(src/joy_twist_bridge_pkg) by extensions ['ros']
[0.726s] Level 1:colcon.colcon_core.package_identification:_identify(src/joy_twist_bridge_pkg) by extension 'ros'
[0.727s] DEBUG:colcon.colcon_core.package_identification:Package 'src/joy_twist_bridge_pkg' with type 'ros.ament_python' and name 'joy_twist_bridge_pkg'
[0.727s] Level 1:colcon.colcon_core.package_identification:_identify(src/keyboard_controller_pkg) by extensions ['ignore', 'ignore_ament_install']
[0.727s] Level 1:colcon.colcon_core.package_identification:_identify(src/keyboard_controller_pkg) by extension 'ignore'
[0.727s] Level 1:colcon.colcon_core.package_identification:_identify(src/keyboard_controller_pkg) by extension 'ignore_ament_install'
[0.727s] Level 1:colcon.colcon_core.package_identification:_identify(src/keyboard_controller_pkg) by extensions ['colcon_pkg']
[0.728s] Level 1:colcon.colcon_core.package_identification:_identify(src/keyboard_controller_pkg) by extension 'colcon_pkg'
[0.728s] Level 1:colcon.colcon_core.package_identification:_identify(src/keyboard_controller_pkg) by extensions ['colcon_meta']
[0.728s] Level 1:colcon.colcon_core.package_identification:_identify(src/keyboard_controller_pkg) by extension 'colcon_meta'
[0.728s] Level 1:colcon.colcon_core.package_identification:_identify(src/keyboard_controller_pkg) by extensions ['ros']
[0.728s] Level 1:colcon.colcon_core.package_identification:_identify(src/keyboard_controller_pkg) by extension 'ros'
[0.729s] DEBUG:colcon.colcon_core.package_identification:Package 'src/keyboard_controller_pkg' with type 'ros.ament_python' and name 'keyboard_controller_pkg'
[0.729s] Level 1:colcon.colcon_core.package_identification:_identify(src/lidar_safety_pkg) by extensions ['ignore', 'ignore_ament_install']
[0.729s] Level 1:colcon.colcon_core.package_identification:_identify(src/lidar_safety_pkg) by extension 'ignore'
[0.729s] Level 1:colcon.colcon_core.package_identification:_identify(src/lidar_safety_pkg) by extension 'ignore_ament_install'
[0.730s] Level 1:colcon.colcon_core.package_identification:_identify(src/lidar_safety_pkg) by extensions ['colcon_pkg']
[0.730s] Level 1:colcon.colcon_core.package_identification:_identify(src/lidar_safety_pkg) by extension 'colcon_pkg'
[0.730s] Level 1:colcon.colcon_core.package_identification:_identify(src/lidar_safety_pkg) by extensions ['colcon_meta']
[0.730s] Level 1:colcon.colcon_core.package_identification:_identify(src/lidar_safety_pkg) by extension 'colcon_meta'
[0.730s] Level 1:colcon.colcon_core.package_identification:_identify(src/lidar_safety_pkg) by extensions ['ros']
[0.730s] Level 1:colcon.colcon_core.package_identification:_identify(src/lidar_safety_pkg) by extension 'ros'
[0.731s] DEBUG:colcon.colcon_core.package_identification:Package 'src/lidar_safety_pkg' with type 'ros.ament_python' and name 'lidar_safety_pkg'
[0.731s] Level 1:colcon.colcon_core.package_identification:_identify(src/log) by extensions ['ignore', 'ignore_ament_install']
[0.731s] Level 1:colcon.colcon_core.package_identification:_identify(src/log) by extension 'ignore'
[0.732s] Level 1:colcon.colcon_core.package_identification:_identify(src/log) ignored
[0.732s] Level 1:colcon.colcon_core.package_identification:_identify(src/my_rover_launch_pkg) by extensions ['ignore', 'ignore_ament_install']
[0.732s] Level 1:colcon.colcon_core.package_identification:_identify(src/my_rover_launch_pkg) by extension 'ignore'
[0.732s] Level 1:colcon.colcon_core.package_identification:_identify(src/my_rover_launch_pkg) by extension 'ignore_ament_install'
[0.732s] Level 1:colcon.colcon_core.package_identification:_identify(src/my_rover_launch_pkg) by extensions ['colcon_pkg']
[0.732s] Level 1:colcon.colcon_core.package_identification:_identify(src/my_rover_launch_pkg) by extension 'colcon_pkg'
[0.732s] Level 1:colcon.colcon_core.package_identification:_identify(src/my_rover_launch_pkg) by extensions ['colcon_meta']
[0.732s] Level 1:colcon.colcon_core.package_identification:_identify(src/my_rover_launch_pkg) by extension 'colcon_meta'
[0.733s] Level 1:colcon.colcon_core.package_identification:_identify(src/my_rover_launch_pkg) by extensions ['ros']
[0.733s] Level 1:colcon.colcon_core.package_identification:_identify(src/my_rover_launch_pkg) by extension 'ros'
[0.734s] DEBUG:colcon.colcon_core.package_identification:Package 'src/my_rover_launch_pkg' with type 'ros.ament_python' and name 'my_rover_launch_pkg'
[0.734s] Level 1:colcon.colcon_core.package_identification:_identify(src/pan_tilt_control_pkg) by extensions ['ignore', 'ignore_ament_install']
[0.734s] Level 1:colcon.colcon_core.package_identification:_identify(src/pan_tilt_control_pkg) by extension 'ignore'
[0.734s] Level 1:colcon.colcon_core.package_identification:_identify(src/pan_tilt_control_pkg) by extension 'ignore_ament_install'
[0.734s] Level 1:colcon.colcon_core.package_identification:_identify(src/pan_tilt_control_pkg) by extensions ['colcon_pkg']
[0.735s] Level 1:colcon.colcon_core.package_identification:_identify(src/pan_tilt_control_pkg) by extension 'colcon_pkg'
[0.735s] Level 1:colcon.colcon_core.package_identification:_identify(src/pan_tilt_control_pkg) by extensions ['colcon_meta']
[0.735s] Level 1:colcon.colcon_core.package_identification:_identify(src/pan_tilt_control_pkg) by extension 'colcon_meta'
[0.735s] Level 1:colcon.colcon_core.package_identification:_identify(src/pan_tilt_control_pkg) by extensions ['ros']
[0.735s] Level 1:colcon.colcon_core.package_identification:_identify(src/pan_tilt_control_pkg) by extension 'ros'
[0.736s] DEBUG:colcon.colcon_core.package_identification:Package 'src/pan_tilt_control_pkg' with type 'ros.ament_python' and name 'pan_tilt_control_pkg'
[0.736s] Level 1:colcon.colcon_core.package_identification:_identify(src/ps_serial_utils_pkg) by extensions ['ignore', 'ignore_ament_install']
[0.737s] Level 1:colcon.colcon_core.package_identification:_identify(src/ps_serial_utils_pkg) by extension 'ignore'
[0.737s] Level 1:colcon.colcon_core.package_identification:_identify(src/ps_serial_utils_pkg) by extension 'ignore_ament_install'
[0.737s] Level 1:colcon.colcon_core.package_identification:_identify(src/ps_serial_utils_pkg) by extensions ['colcon_pkg']
[0.737s] Level 1:colcon.colcon_core.package_identification:_identify(src/ps_serial_utils_pkg) by extension 'colcon_pkg'
[0.737s] Level 1:colcon.colcon_core.package_identification:_identify(src/ps_serial_utils_pkg) by extensions ['colcon_meta']
[0.737s] Level 1:colcon.colcon_core.package_identification:_identify(src/ps_serial_utils_pkg) by extension 'colcon_meta'
[0.737s] Level 1:colcon.colcon_core.package_identification:_identify(src/ps_serial_utils_pkg) by extensions ['ros']
[0.737s] Level 1:colcon.colcon_core.package_identification:_identify(src/ps_serial_utils_pkg) by extension 'ros'
[0.738s] DEBUG:colcon.colcon_core.package_identification:Package 'src/ps_serial_utils_pkg' with type 'ros.ament_python' and name 'ps_serial_utils_pkg'
[0.739s] Level 1:colcon.colcon_core.package_identification:_identify(src/rplidar_ros) by extensions ['ignore', 'ignore_ament_install']
[0.739s] Level 1:colcon.colcon_core.package_identification:_identify(src/rplidar_ros) by extension 'ignore'
[0.739s] Level 1:colcon.colcon_core.package_identification:_identify(src/rplidar_ros) by extension 'ignore_ament_install'
[0.739s] Level 1:colcon.colcon_core.package_identification:_identify(src/rplidar_ros) by extensions ['colcon_pkg']
[0.739s] Level 1:colcon.colcon_core.package_identification:_identify(src/rplidar_ros) by extension 'colcon_pkg'
[0.739s] Level 1:colcon.colcon_core.package_identification:_identify(src/rplidar_ros) by extensions ['colcon_meta']
[0.739s] Level 1:colcon.colcon_core.package_identification:_identify(src/rplidar_ros) by extension 'colcon_meta'
[0.739s] Level 1:colcon.colcon_core.package_identification:_identify(src/rplidar_ros) by extensions ['ros']
[0.739s] Level 1:colcon.colcon_core.package_identification:_identify(src/rplidar_ros) by extension 'ros'
[0.741s] DEBUG:colcon.colcon_core.package_identification:Package 'src/rplidar_ros' with type 'ros.ament_cmake' and name 'rplidar_ros'
[0.741s] Level 1:colcon.colcon_core.package_identification:_identify(src/safety_interfaces) by extensions ['ignore', 'ignore_ament_install']
[0.741s] Level 1:colcon.colcon_core.package_identification:_identify(src/safety_interfaces) by extension 'ignore'
[0.741s] Level 1:colcon.colcon_core.package_identification:_identify(src/safety_interfaces) by extension 'ignore_ament_install'
[0.741s] Level 1:colcon.colcon_core.package_identification:_identify(src/safety_interfaces) by extensions ['colcon_pkg']
[0.741s] Level 1:colcon.colcon_core.package_identification:_identify(src/safety_interfaces) by extension 'colcon_pkg'
[0.741s] Level 1:colcon.colcon_core.package_identification:_identify(src/safety_interfaces) by extensions ['colcon_meta']
[0.742s] Level 1:colcon.colcon_core.package_identification:_identify(src/safety_interfaces) by extension 'colcon_meta'
[0.742s] Level 1:colcon.colcon_core.package_identification:_identify(src/safety_interfaces) by extensions ['ros']
[0.742s] Level 1:colcon.colcon_core.package_identification:_identify(src/safety_interfaces) by extension 'ros'
[0.743s] DEBUG:colcon.colcon_core.package_identification:Package 'src/safety_interfaces' with type 'ros.ament_cmake' and name 'safety_interfaces'
[0.743s] Level 1:colcon.colcon_core.package_identification:_identify(src/vertical_lidar_logger_pkg) by extensions ['ignore', 'ignore_ament_install']
[0.743s] Level 1:colcon.colcon_core.package_identification:_identify(src/vertical_lidar_logger_pkg) by extension 'ignore'
[0.743s] Level 1:colcon.colcon_core.package_identification:_identify(src/vertical_lidar_logger_pkg) by extension 'ignore_ament_install'
[0.743s] Level 1:colcon.colcon_core.package_identification:_identify(src/vertical_lidar_logger_pkg) by extensions ['colcon_pkg']
[0.743s] Level 1:colcon.colcon_core.package_identification:_identify(src/vertical_lidar_logger_pkg) by extension 'colcon_pkg'
[0.744s] Level 1:colcon.colcon_core.package_identification:_identify(src/vertical_lidar_logger_pkg) by extensions ['colcon_meta']
[0.744s] Level 1:colcon.colcon_core.package_identification:_identify(src/vertical_lidar_logger_pkg) by extension 'colcon_meta'
[0.744s] Level 1:colcon.colcon_core.package_identification:_identify(src/vertical_lidar_logger_pkg) by extensions ['ros']
[0.744s] Level 1:colcon.colcon_core.package_identification:_identify(src/vertical_lidar_logger_pkg) by extension 'ros'
[0.745s] DEBUG:colcon.colcon_core.package_identification:Package 'src/vertical_lidar_logger_pkg' with type 'ros.ament_python' and name 'vertical_lidar_logger_pkg'
[0.745s] Level 1:colcon.colcon_core.package_discovery:discover_packages(recursive) using defaults
[0.745s] Level 1:colcon.colcon_core.package_discovery:discover_packages(ignore) discover
[0.745s] Level 1:colcon.colcon_core.package_discovery:discover_packages(ignore) using defaults
[0.745s] Level 1:colcon.colcon_core.package_discovery:discover_packages(path) discover
[0.745s] Level 1:colcon.colcon_core.package_discovery:discover_packages(path) using defaults
[0.789s] INFO:colcon.colcon_core.package_selection:Skipping not selected package 'four_leds_control_pkg' in 'src/four_leds_control_pkg'
[0.789s] INFO:colcon.colcon_core.package_selection:Skipping not selected package 'gps_navigator_pkg' in 'src/gps_navigator_pkg'
[0.789s] INFO:colcon.colcon_core.package_selection:Skipping not selected package 'joy_twist_bridge_pkg' in 'src/joy_twist_bridge_pkg'
[0.789s] INFO:colcon.colcon_core.package_selection:Skipping not selected package 'keyboard_controller_pkg' in 'src/keyboard_controller_pkg'
[0.790s] INFO:colcon.colcon_core.package_selection:Skipping not selected package 'lidar_safety_pkg' in 'src/lidar_safety_pkg'
[0.790s] INFO:colcon.colcon_core.package_selection:Skipping not selected package 'pan_tilt_control_pkg' in 'src/pan_tilt_control_pkg'
[0.790s] INFO:colcon.colcon_core.package_selection:Skipping not selected package 'ps_serial_utils_pkg' in 'src/ps_serial_utils_pkg'
[0.790s] INFO:colcon.colcon_core.package_selection:Skipping not selected package 'rplidar_ros' in 'src/rplidar_ros'
[0.790s] INFO:colcon.colcon_core.package_selection:Skipping not selected package 'safety_interfaces' in 'src/safety_interfaces'
[0.790s] INFO:colcon.colcon_core.package_selection:Skipping not selected package 'vertical_lidar_logger_pkg' in 'src/vertical_lidar_logger_pkg'
[0.791s] Level 1:colcon.colcon_core.package_discovery:discover_packages(prefix_path) check parameters
[0.791s] Level 1:colcon.colcon_core.package_discovery:discover_packages(prefix_path) discover
[0.796s] DEBUG:colcon.colcon_installed_package_information.package_discovery:Found 11 installed packages in /home/rover/my_rover_ws/install
[0.798s] DEBUG:colcon.colcon_installed_package_information.package_discovery:Found 4 installed packages in /home/rover/rover_workspace/install
[0.800s] DEBUG:colcon.colcon_installed_package_information.package_discovery:Found 332 installed packages in /opt/ros/humble
[0.803s] Level 1:colcon.colcon_core.package_discovery:discover_packages(prefix_path) using defaults
[0.891s] Level 5:colcon.colcon_core.verb:set package 'my_rover_launch_pkg' build argument 'cmake_args' from command line to 'None'
[0.892s] Level 5:colcon.colcon_core.verb:set package 'my_rover_launch_pkg' build argument 'cmake_target' from command line to 'None'
[0.892s] Level 5:colcon.colcon_core.verb:set package 'my_rover_launch_pkg' build argument 'cmake_target_skip_unavailable' from command line to 'False'
[0.892s] Level 5:colcon.colcon_core.verb:set package 'my_rover_launch_pkg' build argument 'cmake_clean_cache' from command line to 'False'
[0.892s] Level 5:colcon.colcon_core.verb:set package 'my_rover_launch_pkg' build argument 'cmake_clean_first' from command line to 'False'
[0.892s] Level 5:colcon.colcon_core.verb:set package 'my_rover_launch_pkg' build argument 'cmake_force_configure' from command line to 'False'
[0.892s] Level 5:colcon.colcon_core.verb:set package 'my_rover_launch_pkg' build argument 'ament_cmake_args' from command line to 'None'
[0.892s] Level 5:colcon.colcon_core.verb:set package 'my_rover_launch_pkg' build argument 'catkin_cmake_args' from command line to 'None'
[0.892s] Level 5:colcon.colcon_core.verb:set package 'my_rover_launch_pkg' build argument 'catkin_skip_building_tests' from command line to 'False'
[0.892s] DEBUG:colcon.colcon_core.verb:Building package 'my_rover_launch_pkg' with the following arguments: {'ament_cmake_args': None, 'build_base': '/home/rover/my_rover_ws/build/my_rover_launch_pkg', 'catkin_cmake_args': None, 'catkin_skip_building_tests': False, 'cmake_args': None, 'cmake_clean_cache': False, 'cmake_clean_first': False, 'cmake_force_configure': False, 'cmake_target': None, 'cmake_target_skip_unavailable': False, 'install_base': '/home/rover/my_rover_ws/install/my_rover_launch_pkg', 'merge_install': False, 'path': '/home/rover/my_rover_ws/src/my_rover_launch_pkg', 'symlink_install': False, 'test_result_base': None}
[0.893s] INFO:colcon.colcon_core.executor:Executing jobs using 'parallel' executor
[0.895s] DEBUG:colcon.colcon_parallel_executor.executor.parallel:run_until_complete
[0.896s] INFO:colcon.colcon_ros.task.ament_python.build:Building ROS package in '/home/rover/my_rover_ws/src/my_rover_launch_pkg' with build type 'ament_python'
[0.896s] Level 1:colcon.colcon_core.shell:create_environment_hook('my_rover_launch_pkg', 'ament_prefix_path')
[0.902s] INFO:colcon.colcon_core.plugin_system:Skipping extension 'colcon_core.shell.bat': Not used on non-Windows systems
[0.902s] INFO:colcon.colcon_core.shell:Creating environment hook '/home/rover/my_rover_ws/install/my_rover_launch_pkg/share/my_rover_launch_pkg/hook/ament_prefix_path.ps1'
[0.904s] INFO:colcon.colcon_core.shell:Creating environment descriptor '/home/rover/my_rover_ws/install/my_rover_launch_pkg/share/my_rover_launch_pkg/hook/ament_prefix_path.dsv'
[0.905s] INFO:colcon.colcon_core.shell:Creating environment hook '/home/rover/my_rover_ws/install/my_rover_launch_pkg/share/my_rover_launch_pkg/hook/ament_prefix_path.sh'
[0.906s] INFO:colcon.colcon_core.shell:Skip shell extension 'powershell' for command environment: Not usable outside of PowerShell
[0.907s] DEBUG:colcon.colcon_core.shell:Skip shell extension 'dsv' for command environment
[1.515s] INFO:colcon.colcon_core.task.python.build:Building Python package in '/home/rover/my_rover_ws/src/my_rover_launch_pkg'
[1.515s] INFO:colcon.colcon_core.shell:Skip shell extension 'powershell' for command environment: Not usable outside of PowerShell
[1.516s] DEBUG:colcon.colcon_core.shell:Skip shell extension 'dsv' for command environment
[2.288s] DEBUG:colcon.colcon_core.event_handler.log_command:Invoking command in '/home/rover/my_rover_ws/src/my_rover_launch_pkg': PYTHONPATH=/home/rover/my_rover_ws/build/my_rover_launch_pkg/prefix_override:/usr/lib/python3/dist-packages/colcon_core/task/python/colcon_distutils_commands:/home/rover/my_rover_ws/install/my_rover_launch_pkg/lib/python3.10/site-packages:${PYTHONPATH} /usr/bin/python3 -W ignore:setup.py install is deprecated -W ignore:easy_install command is deprecated setup.py egg_info --egg-base ../../build/my_rover_launch_pkg build --build-base /home/rover/my_rover_ws/build/my_rover_launch_pkg/build install --record /home/rover/my_rover_ws/build/my_rover_launch_pkg/install.log --single-version-externally-managed install_data
[2.959s] DEBUG:colcon.colcon_core.event_handler.log_command:Invoked command in '/home/rover/my_rover_ws/src/my_rover_launch_pkg' returned '0': PYTHONPATH=/home/rover/my_rover_ws/build/my_rover_launch_pkg/prefix_override:/usr/lib/python3/dist-packages/colcon_core/task/python/colcon_distutils_commands:/home/rover/my_rover_ws/install/my_rover_launch_pkg/lib/python3.10/site-packages:${PYTHONPATH} /usr/bin/python3 -W ignore:setup.py install is deprecated -W ignore:easy_install command is deprecated setup.py egg_info --egg-base ../../build/my_rover_launch_pkg build --build-base /home/rover/my_rover_ws/build/my_rover_launch_pkg/build install --record /home/rover/my_rover_ws/build/my_rover_launch_pkg/install.log --single-version-externally-managed install_data
[2.968s] Level 1:colcon.colcon_core.environment:checking '/home/rover/my_rover_ws/install/my_rover_launch_pkg' for CMake module files
[2.970s] Level 1:colcon.colcon_core.environment:checking '/home/rover/my_rover_ws/install/my_rover_launch_pkg' for CMake config files
[2.973s] Level 1:colcon.colcon_core.environment:checking '/home/rover/my_rover_ws/install/my_rover_launch_pkg/lib'
[2.974s] Level 1:colcon.colcon_core.environment:checking '/home/rover/my_rover_ws/install/my_rover_launch_pkg/bin'
[2.974s] Level 1:colcon.colcon_core.environment:checking '/home/rover/my_rover_ws/install/my_rover_launch_pkg/lib/pkgconfig/my_rover_launch_pkg.pc'
[2.974s] Level 1:colcon.colcon_core.environment:checking '/home/rover/my_rover_ws/install/my_rover_launch_pkg/lib/python3.10/site-packages'
[2.974s] Level 1:colcon.colcon_core.shell:create_environment_hook('my_rover_launch_pkg', 'pythonpath')
[2.975s] INFO:colcon.colcon_core.shell:Creating environment hook '/home/rover/my_rover_ws/install/my_rover_launch_pkg/share/my_rover_launch_pkg/hook/pythonpath.ps1'
[2.976s] INFO:colcon.colcon_core.shell:Creating environment descriptor '/home/rover/my_rover_ws/install/my_rover_launch_pkg/share/my_rover_launch_pkg/hook/pythonpath.dsv'
[2.978s] INFO:colcon.colcon_core.shell:Creating environment hook '/home/rover/my_rover_ws/install/my_rover_launch_pkg/share/my_rover_launch_pkg/hook/pythonpath.sh'
[2.980s] Level 1:colcon.colcon_core.environment:checking '/home/rover/my_rover_ws/install/my_rover_launch_pkg/bin'
[2.980s] Level 1:colcon.colcon_core.environment:create_environment_scripts_only(my_rover_launch_pkg)
[2.981s] INFO:colcon.colcon_core.shell:Creating package script '/home/rover/my_rover_ws/install/my_rover_launch_pkg/share/my_rover_launch_pkg/package.ps1'
[2.985s] INFO:colcon.colcon_core.shell:Creating package descriptor '/home/rover/my_rover_ws/install/my_rover_launch_pkg/share/my_rover_launch_pkg/package.dsv'
[2.987s] INFO:colcon.colcon_core.shell:Creating package script '/home/rover/my_rover_ws/install/my_rover_launch_pkg/share/my_rover_launch_pkg/package.sh'
[2.989s] INFO:colcon.colcon_core.shell:Creating package script '/home/rover/my_rover_ws/install/my_rover_launch_pkg/share/my_rover_launch_pkg/package.bash'
[2.992s] INFO:colcon.colcon_core.shell:Creating package script '/home/rover/my_rover_ws/install/my_rover_launch_pkg/share/my_rover_launch_pkg/package.zsh'
[2.995s] Level 1:colcon.colcon_core.environment:create_file_with_runtime_dependencies(/home/rover/my_rover_ws/install/my_rover_launch_pkg/share/colcon-core/packages/my_rover_launch_pkg)
[2.996s] DEBUG:colcon.colcon_parallel_executor.executor.parallel:closing loop
[2.997s] DEBUG:colcon.colcon_parallel_executor.executor.parallel:loop closed
[2.997s] DEBUG:colcon.colcon_parallel_executor.executor.parallel:run_until_complete finished with '0'
[2.997s] DEBUG:colcon.colcon_core.event_reactor:joining thread
[3.018s] INFO:colcon.colcon_core.plugin_system:Skipping extension 'colcon_notification.desktop_notification.terminal_notifier': Not used on non-Darwin systems
[3.018s] INFO:colcon.colcon_core.plugin_system:Skipping extension 'colcon_notification.desktop_notification.win32': Not used on non-Windows systems
[3.018s] INFO:colcon.colcon_notification.desktop_notification:Sending desktop notification using 'notify2'
[3.062s] DEBUG:colcon.colcon_core.event_reactor:joined thread
[3.063s] INFO:colcon.colcon_core.shell:Creating prefix script '/home/rover/my_rover_ws/install/local_setup.ps1'
[3.066s] INFO:colcon.colcon_core.shell:Creating prefix util module '/home/rover/my_rover_ws/install/_local_setup_util_ps1.py'
[3.071s] INFO:colcon.colcon_core.shell:Creating prefix chain script '/home/rover/my_rover_ws/install/setup.ps1'
[3.075s] INFO:colcon.colcon_core.shell:Creating prefix script '/home/rover/my_rover_ws/install/local_setup.sh'
[3.077s] INFO:colcon.colcon_core.shell:Creating prefix util module '/home/rover/my_rover_ws/install/_local_setup_util_sh.py'
[3.079s] INFO:colcon.colcon_core.shell:Creating prefix chain script '/home/rover/my_rover_ws/install/setup.sh'
[3.085s] INFO:colcon.colcon_core.shell:Creating prefix script '/home/rover/my_rover_ws/install/local_setup.bash'
[3.087s] INFO:colcon.colcon_core.shell:Creating prefix chain script '/home/rover/my_rover_ws/install/setup.bash'
[3.093s] INFO:colcon.colcon_core.shell:Creating prefix script '/home/rover/my_rover_ws/install/local_setup.zsh'
[3.094s] INFO:colcon.colcon_core.shell:Creating prefix chain script '/home/rover/my_rover_ws/install/setup.zsh'
