[4.494s] Invoking command in '/home/rover/my_rover_ws/src/keyboard_controller_pkg': PYTHONPATH=/home/rover/my_rover_ws/build/keyboard_controller_pkg/prefix_override:/usr/lib/python3/dist-packages/colcon_core/task/python/colcon_distutils_commands:/home/rover/my_rover_ws/install/keyboard_controller_pkg/lib/python3.10/site-packages:${PYTHONPATH} /usr/bin/python3 -W ignore:setup.py install is deprecated -W ignore:easy_install command is deprecated setup.py egg_info --egg-base ../../build/keyboard_controller_pkg build --build-base /home/rover/my_rover_ws/build/keyboard_controller_pkg/build install --record /home/rover/my_rover_ws/build/keyboard_controller_pkg/install.log --single-version-externally-managed install_data
[5.056s] running egg_info
[5.058s] writing ../../build/keyboard_controller_pkg/keyboard_controller_pkg.egg-info/PKG-INFO
[5.058s] writing dependency_links to ../../build/keyboard_controller_pkg/keyboard_controller_pkg.egg-info/dependency_links.txt
[5.059s] writing entry points to ../../build/keyboard_controller_pkg/keyboard_controller_pkg.egg-info/entry_points.txt
[5.059s] writing requirements to ../../build/keyboard_controller_pkg/keyboard_controller_pkg.egg-info/requires.txt
[5.059s] writing top-level names to ../../build/keyboard_controller_pkg/keyboard_controller_pkg.egg-info/top_level.txt
[5.063s] reading manifest file '../../build/keyboard_controller_pkg/keyboard_controller_pkg.egg-info/SOURCES.txt'
[5.065s] writing manifest file '../../build/keyboard_controller_pkg/keyboard_controller_pkg.egg-info/SOURCES.txt'
[5.065s] running build
[5.065s] running build_py
[5.066s] running install
[5.066s] running install_lib
[5.072s] running install_data
[5.073s] running install_egg_info
[5.076s] removing '/home/rover/my_rover_ws/install/keyboard_controller_pkg/lib/python3.10/site-packages/keyboard_controller_pkg-0.0.0-py3.10.egg-info' (and everything under it)
[5.077s] Copying ../../build/keyboard_controller_pkg/keyboard_controller_pkg.egg-info to /home/rover/my_rover_ws/install/keyboard_controller_pkg/lib/python3.10/site-packages/keyboard_controller_pkg-0.0.0-py3.10.egg-info
[5.080s] running install_scripts
[5.126s] Installing keyboard_teleop script to /home/rover/my_rover_ws/install/keyboard_controller_pkg/lib/keyboard_controller_pkg
[5.127s] writing list of installed files to '/home/rover/my_rover_ws/build/keyboard_controller_pkg/install.log'
[5.227s] Invoked command in '/home/rover/my_rover_ws/src/keyboard_controller_pkg' returned '0': PYTHONPATH=/home/rover/my_rover_ws/build/keyboard_controller_pkg/prefix_override:/usr/lib/python3/dist-packages/colcon_core/task/python/colcon_distutils_commands:/home/rover/my_rover_ws/install/keyboard_controller_pkg/lib/python3.10/site-packages:${PYTHONPATH} /usr/bin/python3 -W ignore:setup.py install is deprecated -W ignore:easy_install command is deprecated setup.py egg_info --egg-base ../../build/keyboard_controller_pkg build --build-base /home/rover/my_rover_ws/build/keyboard_controller_pkg/build install --record /home/rover/my_rover_ws/build/keyboard_controller_pkg/install.log --single-version-externally-managed install_data
