[4.480s] Invoking command in '/home/rover/my_rover_ws/build/four_leds_control_pkg': PYTHONPATH=/home/rover/my_rover_ws/build/four_leds_control_pkg/prefix_override:/usr/lib/python3/dist-packages/colcon_core/task/python/colcon_distutils_commands:/home/rover/my_rover_ws/install/four_leds_control_pkg/lib/python3.10/site-packages:${PYTHONPATH} /usr/bin/python3 -W ignore:setup.py install is deprecated -W ignore:easy_install command is deprecated setup.py develop --editable --build-directory /home/rover/my_rover_ws/build/four_leds_control_pkg/build --no-deps symlink_data
[5.156s] running develop
[5.604s] running egg_info
[5.604s] creating four_leds_control_pkg.egg-info
[5.604s] writing four_leds_control_pkg.egg-info/PKG-INFO
[5.605s] writing dependency_links to four_leds_control_pkg.egg-info/dependency_links.txt
[5.605s] writing entry points to four_leds_control_pkg.egg-info/entry_points.txt
[5.605s] writing requirements to four_leds_control_pkg.egg-info/requires.txt
[5.605s] writing top-level names to four_leds_control_pkg.egg-info/top_level.txt
[5.605s] writing manifest file 'four_leds_control_pkg.egg-info/SOURCES.txt'
[5.609s] reading manifest file 'four_leds_control_pkg.egg-info/SOURCES.txt'
[5.611s] writing manifest file 'four_leds_control_pkg.egg-info/SOURCES.txt'
[5.615s] running build_ext
[5.615s] Creating /home/rover/my_rover_ws/install/four_leds_control_pkg/lib/python3.10/site-packages/four-leds-control-pkg.egg-link (link to .)
[5.618s] Installing joystick_4_buttons script to /home/rover/my_rover_ws/install/four_leds_control_pkg/lib/four_leds_control_pkg
[5.619s] 
[5.619s] Installed /home/rover/my_rover_ws/build/four_leds_control_pkg
[5.619s] running symlink_data
[5.619s] creating /home/rover/my_rover_ws/install/four_leds_control_pkg/share/ament_index
[5.619s] creating /home/rover/my_rover_ws/install/four_leds_control_pkg/share/ament_index/resource_index
[5.620s] creating /home/rover/my_rover_ws/install/four_leds_control_pkg/share/ament_index/resource_index/packages
[5.620s] symbolically linking /home/rover/my_rover_ws/build/four_leds_control_pkg/resource/four_leds_control_pkg -> /home/rover/my_rover_ws/install/four_leds_control_pkg/share/ament_index/resource_index/packages
[5.620s] symbolically linking /home/rover/my_rover_ws/build/four_leds_control_pkg/package.xml -> /home/rover/my_rover_ws/install/four_leds_control_pkg/share/four_leds_control_pkg
[6.299s] Invoked command in '/home/rover/my_rover_ws/build/four_leds_control_pkg' returned '0': PYTHONPATH=/home/rover/my_rover_ws/build/four_leds_control_pkg/prefix_override:/usr/lib/python3/dist-packages/colcon_core/task/python/colcon_distutils_commands:/home/rover/my_rover_ws/install/four_leds_control_pkg/lib/python3.10/site-packages:${PYTHONPATH} /usr/bin/python3 -W ignore:setup.py install is deprecated -W ignore:easy_install command is deprecated setup.py develop --editable --build-directory /home/rover/my_rover_ws/build/four_leds_control_pkg/build --no-deps symlink_data
