running develop
Removing /home/rover/my_rover_ws/install/my_rover_launch_pkg/lib/python3.10/site-packages/my-rover-launch-pkg.egg-link (link to .)
running egg_info
writing ../../build/my_rover_launch_pkg/my_rover_launch_pkg.egg-info/PKG-INFO
writing dependency_links to ../../build/my_rover_launch_pkg/my_rover_launch_pkg.egg-info/dependency_links.txt
writing entry points to ../../build/my_rover_launch_pkg/my_rover_launch_pkg.egg-info/entry_points.txt
writing requirements to ../../build/my_rover_launch_pkg/my_rover_launch_pkg.egg-info/requires.txt
writing top-level names to ../../build/my_rover_launch_pkg/my_rover_launch_pkg.egg-info/top_level.txt
reading manifest file '../../build/my_rover_launch_pkg/my_rover_launch_pkg.egg-info/SOURCES.txt'
writing manifest file '../../build/my_rover_launch_pkg/my_rover_launch_pkg.egg-info/SOURCES.txt'
running build
running build_py
creating /home/rover/my_rover_ws/build/my_rover_launch_pkg/build/lib/my_rover_launch_pkg
copying my_rover_launch_pkg/static_tf_gps.py -> /home/rover/my_rover_ws/build/my_rover_launch_pkg/build/lib/my_rover_launch_pkg
copying my_rover_launch_pkg/__init__.py -> /home/rover/my_rover_ws/build/my_rover_launch_pkg/build/lib/my_rover_launch_pkg
running install
running install_lib
creating /home/rover/my_rover_ws/install/my_rover_launch_pkg/lib/python3.10/site-packages/my_rover_launch_pkg
copying /home/rover/my_rover_ws/build/my_rover_launch_pkg/build/lib/my_rover_launch_pkg/static_tf_gps.py -> /home/rover/my_rover_ws/install/my_rover_launch_pkg/lib/python3.10/site-packages/my_rover_launch_pkg
copying /home/rover/my_rover_ws/build/my_rover_launch_pkg/build/lib/my_rover_launch_pkg/__init__.py -> /home/rover/my_rover_ws/install/my_rover_launch_pkg/lib/python3.10/site-packages/my_rover_launch_pkg
creating /home/rover/my_rover_ws/install/my_rover_launch_pkg/lib/python3.10/site-packages/my_rover_launch
copying /home/rover/my_rover_ws/build/my_rover_launch_pkg/build/lib/my_rover_launch/__init__.py -> /home/rover/my_rover_ws/install/my_rover_launch_pkg/lib/python3.10/site-packages/my_rover_launch
byte-compiling /home/rover/my_rover_ws/install/my_rover_launch_pkg/lib/python3.10/site-packages/my_rover_launch_pkg/static_tf_gps.py to static_tf_gps.cpython-310.pyc
byte-compiling /home/rover/my_rover_ws/install/my_rover_launch_pkg/lib/python3.10/site-packages/my_rover_launch_pkg/__init__.py to __init__.cpython-310.pyc
byte-compiling /home/rover/my_rover_ws/install/my_rover_launch_pkg/lib/python3.10/site-packages/my_rover_launch/__init__.py to __init__.cpython-310.pyc
running install_data
copying resource/my_rover_launch_pkg -> /home/rover/my_rover_ws/install/my_rover_launch_pkg/share/ament_index/resource_index/packages
copying package.xml -> /home/rover/my_rover_ws/install/my_rover_launch_pkg/share/my_rover_launch_pkg
copying launch/lidar_and_rviz2.launch.py -> /home/rover/my_rover_ws/install/my_rover_launch_pkg/share/my_rover_launch_pkg/launch
copying launch/joystick_control.launch.py -> /home/rover/my_rover_ws/install/my_rover_launch_pkg/share/my_rover_launch_pkg/launch
copying launch/vertical_lidar_only.launch.py -> /home/rover/my_rover_ws/install/my_rover_launch_pkg/share/my_rover_launch_pkg/launch
copying launch/navsat_ekf.launch.py -> /home/rover/my_rover_ws/install/my_rover_launch_pkg/share/my_rover_launch_pkg/launch
copying launch/vertical_lidar_logger.launch.py -> /home/rover/my_rover_ws/install/my_rover_launch_pkg/share/my_rover_launch_pkg/launch
copying launch/test_navsat.launch.py -> /home/rover/my_rover_ws/install/my_rover_launch_pkg/share/my_rover_launch_pkg/launch
copying config/ekf.yaml -> /home/rover/my_rover_ws/install/my_rover_launch_pkg/share/my_rover_launch_pkg/config
copying config/navsat_transform.yaml -> /home/rover/my_rover_ws/install/my_rover_launch_pkg/share/my_rover_launch_pkg/config
copying launch/lidar_and_rviz2.launch.py -> /home/rover/my_rover_ws/install/my_rover_launch_pkg/share/my_rover_launch_pkg/launch
copying launch/joystick_control.launch.py -> /home/rover/my_rover_ws/install/my_rover_launch_pkg/share/my_rover_launch_pkg/launch
copying launch/vertical_lidar_only.launch.py -> /home/rover/my_rover_ws/install/my_rover_launch_pkg/share/my_rover_launch_pkg/launch
copying launch/navsat_ekf.launch.py -> /home/rover/my_rover_ws/install/my_rover_launch_pkg/share/my_rover_launch_pkg/launch
copying launch/vertical_lidar_logger.launch.py -> /home/rover/my_rover_ws/install/my_rover_launch_pkg/share/my_rover_launch_pkg/launch
copying launch/test_navsat.launch.py -> /home/rover/my_rover_ws/install/my_rover_launch_pkg/share/my_rover_launch_pkg/launch
running install_egg_info
Copying ../../build/my_rover_launch_pkg/my_rover_launch_pkg.egg-info to /home/rover/my_rover_ws/install/my_rover_launch_pkg/lib/python3.10/site-packages/my_rover_launch_pkg-0.0.0-py3.10.egg-info
running install_scripts
Installing static_tf_gps script to /home/rover/my_rover_ws/install/my_rover_launch_pkg/lib/my_rover_launch_pkg
writing list of installed files to '/home/rover/my_rover_ws/build/my_rover_launch_pkg/install.log'
