[3.216s] Invoking command in '/home/rover/my_rover_ws/src/lidar_safety_pkg': PYTHONPATH=/home/rover/my_rover_ws/src/build/lidar_safety_pkg/prefix_override:/usr/lib/python3/dist-packages/colcon_core/task/python/colcon_distutils_commands:/home/rover/my_rover_ws/src/install/lidar_safety_pkg/lib/python3.10/site-packages:${PYTHONPATH} /usr/bin/python3 -W ignore:setup.py install is deprecated -W ignore:easy_install command is deprecated setup.py egg_info --egg-base ../build/lidar_safety_pkg build --build-base /home/rover/my_rover_ws/src/build/lidar_safety_pkg/build install --record /home/rover/my_rover_ws/src/build/lidar_safety_pkg/install.log --single-version-externally-managed install_data
[3.761s] running egg_info
[3.762s] creating ../build/lidar_safety_pkg/lidar_safety_pkg.egg-info
[3.763s] writing ../build/lidar_safety_pkg/lidar_safety_pkg.egg-info/PKG-INFO
[3.763s] writing dependency_links to ../build/lidar_safety_pkg/lidar_safety_pkg.egg-info/dependency_links.txt
[3.764s] writing entry points to ../build/lidar_safety_pkg/lidar_safety_pkg.egg-info/entry_points.txt
[3.764s] writing requirements to ../build/lidar_safety_pkg/lidar_safety_pkg.egg-info/requires.txt
[3.764s] writing top-level names to ../build/lidar_safety_pkg/lidar_safety_pkg.egg-info/top_level.txt
[3.764s] writing manifest file '../build/lidar_safety_pkg/lidar_safety_pkg.egg-info/SOURCES.txt'
[3.768s] reading manifest file '../build/lidar_safety_pkg/lidar_safety_pkg.egg-info/SOURCES.txt'
[3.770s] writing manifest file '../build/lidar_safety_pkg/lidar_safety_pkg.egg-info/SOURCES.txt'
[3.770s] running build
[3.770s] running build_py
[3.771s] creating /home/rover/my_rover_ws/src/build/lidar_safety_pkg/build
[3.771s] creating /home/rover/my_rover_ws/src/build/lidar_safety_pkg/build/lib
[3.771s] creating /home/rover/my_rover_ws/src/build/lidar_safety_pkg/build/lib/lidar_safety_pkg
[3.771s] copying lidar_safety_pkg/__init__.py -> /home/rover/my_rover_ws/src/build/lidar_safety_pkg/build/lib/lidar_safety_pkg
[3.771s] running install
[3.772s] running install_lib
[3.774s] creating /home/rover/my_rover_ws/src/install/lidar_safety_pkg/lib/python3.10/site-packages/lidar_safety_pkg
[3.774s] copying /home/rover/my_rover_ws/src/build/lidar_safety_pkg/build/lib/lidar_safety_pkg/__init__.py -> /home/rover/my_rover_ws/src/install/lidar_safety_pkg/lib/python3.10/site-packages/lidar_safety_pkg
[3.776s] byte-compiling /home/rover/my_rover_ws/src/install/lidar_safety_pkg/lib/python3.10/site-packages/lidar_safety_pkg/__init__.py to __init__.cpython-310.pyc
[3.776s] running install_data
[3.776s] creating /home/rover/my_rover_ws/src/install/lidar_safety_pkg/share/ament_index
[3.777s] creating /home/rover/my_rover_ws/src/install/lidar_safety_pkg/share/ament_index/resource_index
[3.777s] creating /home/rover/my_rover_ws/src/install/lidar_safety_pkg/share/ament_index/resource_index/packages
[3.777s] copying resource/lidar_safety_pkg -> /home/rover/my_rover_ws/src/install/lidar_safety_pkg/share/ament_index/resource_index/packages
[3.779s] copying package.xml -> /home/rover/my_rover_ws/src/install/lidar_safety_pkg/share/lidar_safety_pkg
[3.780s] running install_egg_info
[3.784s] Copying ../build/lidar_safety_pkg/lidar_safety_pkg.egg-info to /home/rover/my_rover_ws/src/install/lidar_safety_pkg/lib/python3.10/site-packages/lidar_safety_pkg-0.0.0-py3.10.egg-info
[3.786s] running install_scripts
[3.834s] writing list of installed files to '/home/rover/my_rover_ws/src/build/lidar_safety_pkg/install.log'
[3.918s] Invoked command in '/home/rover/my_rover_ws/src/lidar_safety_pkg' returned '0': PYTHONPATH=/home/rover/my_rover_ws/src/build/lidar_safety_pkg/prefix_override:/usr/lib/python3/dist-packages/colcon_core/task/python/colcon_distutils_commands:/home/rover/my_rover_ws/src/install/lidar_safety_pkg/lib/python3.10/site-packages:${PYTHONPATH} /usr/bin/python3 -W ignore:setup.py install is deprecated -W ignore:easy_install command is deprecated setup.py egg_info --egg-base ../build/lidar_safety_pkg build --build-base /home/rover/my_rover_ws/src/build/lidar_safety_pkg/build install --record /home/rover/my_rover_ws/src/build/lidar_safety_pkg/install.log --single-version-externally-managed install_data
