running develop
Removing /home/rover/my_rover_ws/install/keyboard_controller_pkg/lib/python3.10/site-packages/keyboard-controller-pkg.egg-link (link to .)
running egg_info
writing ../../build/keyboard_controller_pkg/keyboard_controller_pkg.egg-info/PKG-INFO
writing dependency_links to ../../build/keyboard_controller_pkg/keyboard_controller_pkg.egg-info/dependency_links.txt
writing entry points to ../../build/keyboard_controller_pkg/keyboard_controller_pkg.egg-info/entry_points.txt
writing requirements to ../../build/keyboard_controller_pkg/keyboard_controller_pkg.egg-info/requires.txt
writing top-level names to ../../build/keyboard_controller_pkg/keyboard_controller_pkg.egg-info/top_level.txt
reading manifest file '../../build/keyboard_controller_pkg/keyboard_controller_pkg.egg-info/SOURCES.txt'
writing manifest file '../../build/keyboard_controller_pkg/keyboard_controller_pkg.egg-info/SOURCES.txt'
running build
running build_py
creating /home/rover/my_rover_ws/build/keyboard_controller_pkg/build
creating /home/rover/my_rover_ws/build/keyboard_controller_pkg/build/lib
creating /home/rover/my_rover_ws/build/keyboard_controller_pkg/build/lib/keyboard_controller_pkg
copying keyboard_controller_pkg/keyboard_teleop.py -> /home/rover/my_rover_ws/build/keyboard_controller_pkg/build/lib/keyboard_controller_pkg
copying keyboard_controller_pkg/__init__.py -> /home/rover/my_rover_ws/build/keyboard_controller_pkg/build/lib/keyboard_controller_pkg
running install
running install_lib
creating /home/rover/my_rover_ws/install/keyboard_controller_pkg/lib/python3.10/site-packages/keyboard_controller_pkg
copying /home/rover/my_rover_ws/build/keyboard_controller_pkg/build/lib/keyboard_controller_pkg/keyboard_teleop.py -> /home/rover/my_rover_ws/install/keyboard_controller_pkg/lib/python3.10/site-packages/keyboard_controller_pkg
copying /home/rover/my_rover_ws/build/keyboard_controller_pkg/build/lib/keyboard_controller_pkg/__init__.py -> /home/rover/my_rover_ws/install/keyboard_controller_pkg/lib/python3.10/site-packages/keyboard_controller_pkg
byte-compiling /home/rover/my_rover_ws/install/keyboard_controller_pkg/lib/python3.10/site-packages/keyboard_controller_pkg/keyboard_teleop.py to keyboard_teleop.cpython-310.pyc
byte-compiling /home/rover/my_rover_ws/install/keyboard_controller_pkg/lib/python3.10/site-packages/keyboard_controller_pkg/__init__.py to __init__.cpython-310.pyc
running install_data
copying resource/keyboard_controller_pkg -> /home/rover/my_rover_ws/install/keyboard_controller_pkg/share/ament_index/resource_index/packages
copying package.xml -> /home/rover/my_rover_ws/install/keyboard_controller_pkg/share/keyboard_controller_pkg
copying launch/keyboard_teleop.launch.py -> /home/rover/my_rover_ws/install/keyboard_controller_pkg/share/keyboard_controller_pkg/launch
running install_egg_info
Copying ../../build/keyboard_controller_pkg/keyboard_controller_pkg.egg-info to /home/rover/my_rover_ws/install/keyboard_controller_pkg/lib/python3.10/site-packages/keyboard_controller_pkg-0.0.0-py3.10.egg-info
running install_scripts
Installing keyboard_teleop script to /home/rover/my_rover_ws/install/keyboard_controller_pkg/lib/keyboard_controller_pkg
writing list of installed files to '/home/rover/my_rover_ws/build/keyboard_controller_pkg/install.log'
