[4.811s] Invoking command in '/home/rover/my_rover_ws/build/keyboard_controller_pkg': PYTHONPATH=/home/rover/my_rover_ws/build/keyboard_controller_pkg/prefix_override:/usr/lib/python3/dist-packages/colcon_core/task/python/colcon_distutils_commands:/home/rover/my_rover_ws/install/keyboard_controller_pkg/lib/python3.10/site-packages:${PYTHONPATH} /usr/bin/python3 -W ignore:setup.py install is deprecated -W ignore:easy_install command is deprecated setup.py develop --uninstall --editable --build-directory /home/rover/my_rover_ws/build/keyboard_controller_pkg/build
[5.738s] running develop
[6.325s] Removing /home/rover/my_rover_ws/install/keyboard_controller_pkg/lib/python3.10/site-packages/keyboard-controller-pkg.egg-link (link to .)
[6.472s] Invoked command in '/home/rover/my_rover_ws/build/keyboard_controller_pkg' returned '0': PYTHONPATH=/home/rover/my_rover_ws/build/keyboard_controller_pkg/prefix_override:/usr/lib/python3/dist-packages/colcon_core/task/python/colcon_distutils_commands:/home/rover/my_rover_ws/install/keyboard_controller_pkg/lib/python3.10/site-packages:${PYTHONPATH} /usr/bin/python3 -W ignore:setup.py install is deprecated -W ignore:easy_install command is deprecated setup.py develop --uninstall --editable --build-directory /home/rover/my_rover_ws/build/keyboard_controller_pkg/build
[6.473s] Invoking command in '/home/rover/my_rover_ws/src/keyboard_controller_pkg': PYTHONPATH=/home/rover/my_rover_ws/build/keyboard_controller_pkg/prefix_override:/usr/lib/python3/dist-packages/colcon_core/task/python/colcon_distutils_commands:/home/rover/my_rover_ws/install/keyboard_controller_pkg/lib/python3.10/site-packages:${PYTHONPATH} /usr/bin/python3 -W ignore:setup.py install is deprecated -W ignore:easy_install command is deprecated setup.py egg_info --egg-base ../../build/keyboard_controller_pkg build --build-base /home/rover/my_rover_ws/build/keyboard_controller_pkg/build install --record /home/rover/my_rover_ws/build/keyboard_controller_pkg/install.log --single-version-externally-managed install_data --force
[7.272s] running egg_info
[7.273s] writing ../../build/keyboard_controller_pkg/keyboard_controller_pkg.egg-info/PKG-INFO
[7.275s] writing dependency_links to ../../build/keyboard_controller_pkg/keyboard_controller_pkg.egg-info/dependency_links.txt
[7.275s] writing entry points to ../../build/keyboard_controller_pkg/keyboard_controller_pkg.egg-info/entry_points.txt
[7.276s] writing requirements to ../../build/keyboard_controller_pkg/keyboard_controller_pkg.egg-info/requires.txt
[7.276s] writing top-level names to ../../build/keyboard_controller_pkg/keyboard_controller_pkg.egg-info/top_level.txt
[7.279s] reading manifest file '../../build/keyboard_controller_pkg/keyboard_controller_pkg.egg-info/SOURCES.txt'
[7.281s] writing manifest file '../../build/keyboard_controller_pkg/keyboard_controller_pkg.egg-info/SOURCES.txt'
[7.281s] running build
[7.281s] running build_py
[7.282s] creating /home/rover/my_rover_ws/build/keyboard_controller_pkg/build
[7.282s] creating /home/rover/my_rover_ws/build/keyboard_controller_pkg/build/lib
[7.282s] creating /home/rover/my_rover_ws/build/keyboard_controller_pkg/build/lib/keyboard_controller_pkg
[7.282s] copying keyboard_controller_pkg/keyboard_teleop.py -> /home/rover/my_rover_ws/build/keyboard_controller_pkg/build/lib/keyboard_controller_pkg
[7.282s] copying keyboard_controller_pkg/__init__.py -> /home/rover/my_rover_ws/build/keyboard_controller_pkg/build/lib/keyboard_controller_pkg
[7.283s] running install
[7.283s] running install_lib
[7.288s] creating /home/rover/my_rover_ws/install/keyboard_controller_pkg/lib/python3.10/site-packages/keyboard_controller_pkg
[7.288s] copying /home/rover/my_rover_ws/build/keyboard_controller_pkg/build/lib/keyboard_controller_pkg/keyboard_teleop.py -> /home/rover/my_rover_ws/install/keyboard_controller_pkg/lib/python3.10/site-packages/keyboard_controller_pkg
[7.288s] copying /home/rover/my_rover_ws/build/keyboard_controller_pkg/build/lib/keyboard_controller_pkg/__init__.py -> /home/rover/my_rover_ws/install/keyboard_controller_pkg/lib/python3.10/site-packages/keyboard_controller_pkg
[7.290s] byte-compiling /home/rover/my_rover_ws/install/keyboard_controller_pkg/lib/python3.10/site-packages/keyboard_controller_pkg/keyboard_teleop.py to keyboard_teleop.cpython-310.pyc
[7.292s] byte-compiling /home/rover/my_rover_ws/install/keyboard_controller_pkg/lib/python3.10/site-packages/keyboard_controller_pkg/__init__.py to __init__.cpython-310.pyc
[7.293s] running install_data
[7.293s] copying resource/keyboard_controller_pkg -> /home/rover/my_rover_ws/install/keyboard_controller_pkg/share/ament_index/resource_index/packages
[7.293s] copying package.xml -> /home/rover/my_rover_ws/install/keyboard_controller_pkg/share/keyboard_controller_pkg
[7.293s] copying launch/keyboard_teleop.launch.py -> /home/rover/my_rover_ws/install/keyboard_controller_pkg/share/keyboard_controller_pkg/launch
[7.294s] running install_egg_info
[7.298s] Copying ../../build/keyboard_controller_pkg/keyboard_controller_pkg.egg-info to /home/rover/my_rover_ws/install/keyboard_controller_pkg/lib/python3.10/site-packages/keyboard_controller_pkg-0.0.0-py3.10.egg-info
[7.300s] running install_scripts
[7.352s] Installing keyboard_teleop script to /home/rover/my_rover_ws/install/keyboard_controller_pkg/lib/keyboard_controller_pkg
[7.352s] writing list of installed files to '/home/rover/my_rover_ws/build/keyboard_controller_pkg/install.log'
[7.898s] Invoked command in '/home/rover/my_rover_ws/src/keyboard_controller_pkg' returned '0': PYTHONPATH=/home/rover/my_rover_ws/build/keyboard_controller_pkg/prefix_override:/usr/lib/python3/dist-packages/colcon_core/task/python/colcon_distutils_commands:/home/rover/my_rover_ws/install/keyboard_controller_pkg/lib/python3.10/site-packages:${PYTHONPATH} /usr/bin/python3 -W ignore:setup.py install is deprecated -W ignore:easy_install command is deprecated setup.py egg_info --egg-base ../../build/keyboard_controller_pkg build --build-base /home/rover/my_rover_ws/build/keyboard_controller_pkg/build install --record /home/rover/my_rover_ws/build/keyboard_controller_pkg/install.log --single-version-externally-managed install_data --force
