running develop
Removing /home/rover/my_rover_ws/install/lidar_safety_pkg/lib/python3.10/site-packages/lidar-safety-pkg.egg-link (link to .)
running egg_info
writing ../../build/lidar_safety_pkg/lidar_safety_pkg.egg-info/PKG-INFO
writing dependency_links to ../../build/lidar_safety_pkg/lidar_safety_pkg.egg-info/dependency_links.txt
writing entry points to ../../build/lidar_safety_pkg/lidar_safety_pkg.egg-info/entry_points.txt
writing requirements to ../../build/lidar_safety_pkg/lidar_safety_pkg.egg-info/requires.txt
writing top-level names to ../../build/lidar_safety_pkg/lidar_safety_pkg.egg-info/top_level.txt
reading manifest file '../../build/lidar_safety_pkg/lidar_safety_pkg.egg-info/SOURCES.txt'
writing manifest file '../../build/lidar_safety_pkg/lidar_safety_pkg.egg-info/SOURCES.txt'
running build
running build_py
creating /home/rover/my_rover_ws/build/lidar_safety_pkg/build
creating /home/rover/my_rover_ws/build/lidar_safety_pkg/build/lib
creating /home/rover/my_rover_ws/build/lidar_safety_pkg/build/lib/lidar_safety_pkg
copying lidar_safety_pkg/obstacle_detector_node.py -> /home/rover/my_rover_ws/build/lidar_safety_pkg/build/lib/lidar_safety_pkg
copying lidar_safety_pkg/__init__.py -> /home/rover/my_rover_ws/build/lidar_safety_pkg/build/lib/lidar_safety_pkg
running install
running install_lib
creating /home/rover/my_rover_ws/install/lidar_safety_pkg/lib/python3.10/site-packages/lidar_safety_pkg
copying /home/rover/my_rover_ws/build/lidar_safety_pkg/build/lib/lidar_safety_pkg/obstacle_detector_node.py -> /home/rover/my_rover_ws/install/lidar_safety_pkg/lib/python3.10/site-packages/lidar_safety_pkg
copying /home/rover/my_rover_ws/build/lidar_safety_pkg/build/lib/lidar_safety_pkg/__init__.py -> /home/rover/my_rover_ws/install/lidar_safety_pkg/lib/python3.10/site-packages/lidar_safety_pkg
byte-compiling /home/rover/my_rover_ws/install/lidar_safety_pkg/lib/python3.10/site-packages/lidar_safety_pkg/obstacle_detector_node.py to obstacle_detector_node.cpython-310.pyc
byte-compiling /home/rover/my_rover_ws/install/lidar_safety_pkg/lib/python3.10/site-packages/lidar_safety_pkg/__init__.py to __init__.cpython-310.pyc
running install_data
copying resource/lidar_safety_pkg -> /home/rover/my_rover_ws/install/lidar_safety_pkg/share/ament_index/resource_index/packages
copying package.xml -> /home/rover/my_rover_ws/install/lidar_safety_pkg/share/lidar_safety_pkg
copying launch/lidar_safety.launch.py -> /home/rover/my_rover_ws/install/lidar_safety_pkg/share/lidar_safety_pkg/launch
running install_egg_info
Copying ../../build/lidar_safety_pkg/lidar_safety_pkg.egg-info to /home/rover/my_rover_ws/install/lidar_safety_pkg/lib/python3.10/site-packages/lidar_safety_pkg-0.0.0-py3.10.egg-info
running install_scripts
Installing obstacle_detector_node script to /home/rover/my_rover_ws/install/lidar_safety_pkg/lib/lidar_safety_pkg
writing list of installed files to '/home/rover/my_rover_ws/build/lidar_safety_pkg/install.log'
