running develop
running egg_info
creating pan_tilt_control_pkg.egg-info
writing pan_tilt_control_pkg.egg-info/PKG-INFO
writing dependency_links to pan_tilt_control_pkg.egg-info/dependency_links.txt
writing entry points to pan_tilt_control_pkg.egg-info/entry_points.txt
writing requirements to pan_tilt_control_pkg.egg-info/requires.txt
writing top-level names to pan_tilt_control_pkg.egg-info/top_level.txt
writing manifest file 'pan_tilt_control_pkg.egg-info/SOURCES.txt'
reading manifest file 'pan_tilt_control_pkg.egg-info/SOURCES.txt'
writing manifest file 'pan_tilt_control_pkg.egg-info/SOURCES.txt'
running build_ext
Creating /home/rover/my_rover_ws/install/pan_tilt_control_pkg/lib/python3.10/site-packages/pan-tilt-control-pkg.egg-link (link to .)
Installing joystick_to_serial script to /home/rover/my_rover_ws/install/pan_tilt_control_pkg/lib/pan_tilt_control_pkg

Installed /home/rover/my_rover_ws/build/pan_tilt_control_pkg
running symlink_data
creating /home/rover/my_rover_ws/install/pan_tilt_control_pkg/share/ament_index
creating /home/rover/my_rover_ws/install/pan_tilt_control_pkg/share/ament_index/resource_index
creating /home/rover/my_rover_ws/install/pan_tilt_control_pkg/share/ament_index/resource_index/packages
symbolically linking /home/rover/my_rover_ws/build/pan_tilt_control_pkg/resource/pan_tilt_control_pkg -> /home/rover/my_rover_ws/install/pan_tilt_control_pkg/share/ament_index/resource_index/packages
symbolically linking /home/rover/my_rover_ws/build/pan_tilt_control_pkg/package.xml -> /home/rover/my_rover_ws/install/pan_tilt_control_pkg/share/pan_tilt_control_pkg
