[2.213s] Invoking command in '/home/rover/my_rover_ws/build/pan_tilt_control_pkg': PYTHONPATH=/home/rover/my_rover_ws/build/pan_tilt_control_pkg/prefix_override:/usr/lib/python3/dist-packages/colcon_core/task/python/colcon_distutils_commands:/home/rover/my_rover_ws/install/pan_tilt_control_pkg/lib/python3.10/site-packages:${PYTHONPATH} /usr/bin/python3 -W ignore:setup.py install is deprecated -W ignore:easy_install command is deprecated setup.py develop --editable --build-directory /home/rover/my_rover_ws/build/pan_tilt_control_pkg/build --no-deps symlink_data
[2.892s] running develop
[3.285s] running egg_info
[3.286s] creating pan_tilt_control_pkg.egg-info
[3.286s] writing pan_tilt_control_pkg.egg-info/PKG-INFO
[3.287s] writing dependency_links to pan_tilt_control_pkg.egg-info/dependency_links.txt
[3.287s] writing entry points to pan_tilt_control_pkg.egg-info/entry_points.txt
[3.288s] writing requirements to pan_tilt_control_pkg.egg-info/requires.txt
[3.288s] writing top-level names to pan_tilt_control_pkg.egg-info/top_level.txt
[3.289s] writing manifest file 'pan_tilt_control_pkg.egg-info/SOURCES.txt'
[3.293s] reading manifest file 'pan_tilt_control_pkg.egg-info/SOURCES.txt'
[3.294s] writing manifest file 'pan_tilt_control_pkg.egg-info/SOURCES.txt'
[3.298s] running build_ext
[3.299s] Creating /home/rover/my_rover_ws/install/pan_tilt_control_pkg/lib/python3.10/site-packages/pan-tilt-control-pkg.egg-link (link to .)
[3.301s] Installing joystick_to_serial script to /home/rover/my_rover_ws/install/pan_tilt_control_pkg/lib/pan_tilt_control_pkg
[3.302s] 
[3.302s] Installed /home/rover/my_rover_ws/build/pan_tilt_control_pkg
[3.302s] running symlink_data
[3.303s] creating /home/rover/my_rover_ws/install/pan_tilt_control_pkg/share/ament_index
[3.303s] creating /home/rover/my_rover_ws/install/pan_tilt_control_pkg/share/ament_index/resource_index
[3.303s] creating /home/rover/my_rover_ws/install/pan_tilt_control_pkg/share/ament_index/resource_index/packages
[3.303s] symbolically linking /home/rover/my_rover_ws/build/pan_tilt_control_pkg/resource/pan_tilt_control_pkg -> /home/rover/my_rover_ws/install/pan_tilt_control_pkg/share/ament_index/resource_index/packages
[3.304s] symbolically linking /home/rover/my_rover_ws/build/pan_tilt_control_pkg/package.xml -> /home/rover/my_rover_ws/install/pan_tilt_control_pkg/share/pan_tilt_control_pkg
[3.412s] Invoked command in '/home/rover/my_rover_ws/build/pan_tilt_control_pkg' returned '0': PYTHONPATH=/home/rover/my_rover_ws/build/pan_tilt_control_pkg/prefix_override:/usr/lib/python3/dist-packages/colcon_core/task/python/colcon_distutils_commands:/home/rover/my_rover_ws/install/pan_tilt_control_pkg/lib/python3.10/site-packages:${PYTHONPATH} /usr/bin/python3 -W ignore:setup.py install is deprecated -W ignore:easy_install command is deprecated setup.py develop --editable --build-directory /home/rover/my_rover_ws/build/pan_tilt_control_pkg/build --no-deps symlink_data
