running develop
running egg_info
creating keyboard_controller_pkg.egg-info
writing keyboard_controller_pkg.egg-info/PKG-INFO
writing dependency_links to keyboard_controller_pkg.egg-info/dependency_links.txt
writing entry points to keyboard_controller_pkg.egg-info/entry_points.txt
writing requirements to keyboard_controller_pkg.egg-info/requires.txt
writing top-level names to keyboard_controller_pkg.egg-info/top_level.txt
writing manifest file 'keyboard_controller_pkg.egg-info/SOURCES.txt'
reading manifest file 'keyboard_controller_pkg.egg-info/SOURCES.txt'
writing manifest file 'keyboard_controller_pkg.egg-info/SOURCES.txt'
running build_ext
Creating /home/rover/my_rover_ws/install/keyboard_controller_pkg/lib/python3.10/site-packages/keyboard-controller-pkg.egg-link (link to .)
Installing keyboard_teleop script to /home/rover/my_rover_ws/install/keyboard_controller_pkg/lib/keyboard_controller_pkg

Installed /home/rover/my_rover_ws/build/keyboard_controller_pkg
running symlink_data
creating /home/rover/my_rover_ws/install/keyboard_controller_pkg/share/ament_index
creating /home/rover/my_rover_ws/install/keyboard_controller_pkg/share/ament_index/resource_index
creating /home/rover/my_rover_ws/install/keyboard_controller_pkg/share/ament_index/resource_index/packages
symbolically linking /home/rover/my_rover_ws/build/keyboard_controller_pkg/resource/keyboard_controller_pkg -> /home/rover/my_rover_ws/install/keyboard_controller_pkg/share/ament_index/resource_index/packages
symbolically linking /home/rover/my_rover_ws/build/keyboard_controller_pkg/package.xml -> /home/rover/my_rover_ws/install/keyboard_controller_pkg/share/keyboard_controller_pkg
creating /home/rover/my_rover_ws/install/keyboard_controller_pkg/share/keyboard_controller_pkg/launch
symbolically linking /home/rover/my_rover_ws/build/keyboard_controller_pkg/launch/keyboard_teleop.launch.py -> /home/rover/my_rover_ws/install/keyboard_controller_pkg/share/keyboard_controller_pkg/launch
