running develop
running egg_info
creating lidar_safety_pkg.egg-info
writing lidar_safety_pkg.egg-info/PKG-INFO
writing dependency_links to lidar_safety_pkg.egg-info/dependency_links.txt
writing entry points to lidar_safety_pkg.egg-info/entry_points.txt
writing requirements to lidar_safety_pkg.egg-info/requires.txt
writing top-level names to lidar_safety_pkg.egg-info/top_level.txt
writing manifest file 'lidar_safety_pkg.egg-info/SOURCES.txt'
reading manifest file 'lidar_safety_pkg.egg-info/SOURCES.txt'
writing manifest file 'lidar_safety_pkg.egg-info/SOURCES.txt'
running build_ext
Creating /home/rover/my_rover_ws/install/lidar_safety_pkg/lib/python3.10/site-packages/lidar-safety-pkg.egg-link (link to .)
Installing obstacle_detector_node script to /home/rover/my_rover_ws/install/lidar_safety_pkg/lib/lidar_safety_pkg

Installed /home/rover/my_rover_ws/build/lidar_safety_pkg
running symlink_data
creating /home/rover/my_rover_ws/install/lidar_safety_pkg/share/ament_index
creating /home/rover/my_rover_ws/install/lidar_safety_pkg/share/ament_index/resource_index
creating /home/rover/my_rover_ws/install/lidar_safety_pkg/share/ament_index/resource_index/packages
symbolically linking /home/rover/my_rover_ws/build/lidar_safety_pkg/resource/lidar_safety_pkg -> /home/rover/my_rover_ws/install/lidar_safety_pkg/share/ament_index/resource_index/packages
symbolically linking /home/rover/my_rover_ws/build/lidar_safety_pkg/package.xml -> /home/rover/my_rover_ws/install/lidar_safety_pkg/share/lidar_safety_pkg
creating /home/rover/my_rover_ws/install/lidar_safety_pkg/share/lidar_safety_pkg/launch
symbolically linking /home/rover/my_rover_ws/build/lidar_safety_pkg/launch/lidar_safety.launch.py -> /home/rover/my_rover_ws/install/lidar_safety_pkg/share/lidar_safety_pkg/launch
