[4.924s] Invoking command in '/home/rover/my_rover_ws/build/joy_twist_bridge_pkg': PYTHONPATH=/home/rover/my_rover_ws/build/joy_twist_bridge_pkg/prefix_override:/usr/lib/python3/dist-packages/colcon_core/task/python/colcon_distutils_commands:/home/rover/my_rover_ws/install/joy_twist_bridge_pkg/lib/python3.10/site-packages:${PYTHONPATH} /usr/bin/python3 -W ignore:setup.py install is deprecated -W ignore:easy_install command is deprecated setup.py develop --uninstall --editable --build-directory /home/rover/my_rover_ws/build/joy_twist_bridge_pkg/build
[5.797s] running develop
[6.216s] Removing /home/rover/my_rover_ws/install/joy_twist_bridge_pkg/lib/python3.10/site-packages/joy-twist-bridge-pkg.egg-link (link to .)
[6.323s] Invoked command in '/home/rover/my_rover_ws/build/joy_twist_bridge_pkg' returned '0': PYTHONPATH=/home/rover/my_rover_ws/build/joy_twist_bridge_pkg/prefix_override:/usr/lib/python3/dist-packages/colcon_core/task/python/colcon_distutils_commands:/home/rover/my_rover_ws/install/joy_twist_bridge_pkg/lib/python3.10/site-packages:${PYTHONPATH} /usr/bin/python3 -W ignore:setup.py install is deprecated -W ignore:easy_install command is deprecated setup.py develop --uninstall --editable --build-directory /home/rover/my_rover_ws/build/joy_twist_bridge_pkg/build
[6.327s] Invoking command in '/home/rover/my_rover_ws/src/joy_twist_bridge_pkg': PYTHONPATH=/home/rover/my_rover_ws/build/joy_twist_bridge_pkg/prefix_override:/usr/lib/python3/dist-packages/colcon_core/task/python/colcon_distutils_commands:/home/rover/my_rover_ws/install/joy_twist_bridge_pkg/lib/python3.10/site-packages:${PYTHONPATH} /usr/bin/python3 -W ignore:setup.py install is deprecated -W ignore:easy_install command is deprecated setup.py egg_info --egg-base ../../build/joy_twist_bridge_pkg build --build-base /home/rover/my_rover_ws/build/joy_twist_bridge_pkg/build install --record /home/rover/my_rover_ws/build/joy_twist_bridge_pkg/install.log --single-version-externally-managed install_data --force
[7.047s] running egg_info
[7.052s] writing ../../build/joy_twist_bridge_pkg/joy_twist_bridge_pkg.egg-info/PKG-INFO
[7.054s] writing dependency_links to ../../build/joy_twist_bridge_pkg/joy_twist_bridge_pkg.egg-info/dependency_links.txt
[7.055s] writing entry points to ../../build/joy_twist_bridge_pkg/joy_twist_bridge_pkg.egg-info/entry_points.txt
[7.055s] writing requirements to ../../build/joy_twist_bridge_pkg/joy_twist_bridge_pkg.egg-info/requires.txt
[7.055s] writing top-level names to ../../build/joy_twist_bridge_pkg/joy_twist_bridge_pkg.egg-info/top_level.txt
[7.055s] reading manifest file '../../build/joy_twist_bridge_pkg/joy_twist_bridge_pkg.egg-info/SOURCES.txt'
[7.058s] writing manifest file '../../build/joy_twist_bridge_pkg/joy_twist_bridge_pkg.egg-info/SOURCES.txt'
[7.059s] running build
[7.059s] running build_py
[7.059s] creating /home/rover/my_rover_ws/build/joy_twist_bridge_pkg/build
[7.059s] creating /home/rover/my_rover_ws/build/joy_twist_bridge_pkg/build/lib
[7.059s] creating /home/rover/my_rover_ws/build/joy_twist_bridge_pkg/build/lib/joy_twist_bridge_pkg
[7.059s] copying joy_twist_bridge_pkg/joy_to_twist.py -> /home/rover/my_rover_ws/build/joy_twist_bridge_pkg/build/lib/joy_twist_bridge_pkg
[7.059s] copying joy_twist_bridge_pkg/__init__.py -> /home/rover/my_rover_ws/build/joy_twist_bridge_pkg/build/lib/joy_twist_bridge_pkg
[7.059s] running install
[7.070s] running install_lib
[7.074s] creating /home/rover/my_rover_ws/install/joy_twist_bridge_pkg/lib/python3.10/site-packages/joy_twist_bridge_pkg
[7.075s] copying /home/rover/my_rover_ws/build/joy_twist_bridge_pkg/build/lib/joy_twist_bridge_pkg/joy_to_twist.py -> /home/rover/my_rover_ws/install/joy_twist_bridge_pkg/lib/python3.10/site-packages/joy_twist_bridge_pkg
[7.075s] copying /home/rover/my_rover_ws/build/joy_twist_bridge_pkg/build/lib/joy_twist_bridge_pkg/__init__.py -> /home/rover/my_rover_ws/install/joy_twist_bridge_pkg/lib/python3.10/site-packages/joy_twist_bridge_pkg
[7.075s] byte-compiling /home/rover/my_rover_ws/install/joy_twist_bridge_pkg/lib/python3.10/site-packages/joy_twist_bridge_pkg/joy_to_twist.py to joy_to_twist.cpython-310.pyc
[7.076s] byte-compiling /home/rover/my_rover_ws/install/joy_twist_bridge_pkg/lib/python3.10/site-packages/joy_twist_bridge_pkg/__init__.py to __init__.cpython-310.pyc
[7.076s] running install_data
[7.076s] copying resource/joy_twist_bridge_pkg -> /home/rover/my_rover_ws/install/joy_twist_bridge_pkg/share/ament_index/resource_index/packages
[7.076s] copying package.xml -> /home/rover/my_rover_ws/install/joy_twist_bridge_pkg/share/joy_twist_bridge_pkg
[7.078s] copying launch/joy.launch.py -> /home/rover/my_rover_ws/install/joy_twist_bridge_pkg/share/joy_twist_bridge_pkg/launch
[7.078s] running install_egg_info
[7.079s] Copying ../../build/joy_twist_bridge_pkg/joy_twist_bridge_pkg.egg-info to /home/rover/my_rover_ws/install/joy_twist_bridge_pkg/lib/python3.10/site-packages/joy_twist_bridge_pkg-0.0.0-py3.10.egg-info
[7.079s] running install_scripts
[7.133s] Installing joy_to_twist script to /home/rover/my_rover_ws/install/joy_twist_bridge_pkg/lib/joy_twist_bridge_pkg
[7.134s] writing list of installed files to '/home/rover/my_rover_ws/build/joy_twist_bridge_pkg/install.log'
[7.894s] Invoked command in '/home/rover/my_rover_ws/src/joy_twist_bridge_pkg' returned '0': PYTHONPATH=/home/rover/my_rover_ws/build/joy_twist_bridge_pkg/prefix_override:/usr/lib/python3/dist-packages/colcon_core/task/python/colcon_distutils_commands:/home/rover/my_rover_ws/install/joy_twist_bridge_pkg/lib/python3.10/site-packages:${PYTHONPATH} /usr/bin/python3 -W ignore:setup.py install is deprecated -W ignore:easy_install command is deprecated setup.py egg_info --egg-base ../../build/joy_twist_bridge_pkg build --build-base /home/rover/my_rover_ws/build/joy_twist_bridge_pkg/build install --record /home/rover/my_rover_ws/build/joy_twist_bridge_pkg/install.log --single-version-externally-managed install_data --force
