[2.895s] Invoking command in '/home/rover/my_rover_ws/src/vertical_lidar_logger_pkg': PYTHONPATH=/home/rover/my_rover_ws/build/vertical_lidar_logger_pkg/prefix_override:/usr/lib/python3/dist-packages/colcon_core/task/python/colcon_distutils_commands:/home/rover/my_rover_ws/install/vertical_lidar_logger_pkg/lib/python3.10/site-packages:${PYTHONPATH} /usr/bin/python3 -W ignore:setup.py install is deprecated -W ignore:easy_install command is deprecated setup.py egg_info --egg-base ../../build/vertical_lidar_logger_pkg build --build-base /home/rover/my_rover_ws/build/vertical_lidar_logger_pkg/build install --record /home/rover/my_rover_ws/build/vertical_lidar_logger_pkg/install.log --single-version-externally-managed install_data
[3.469s] running egg_info
[3.471s] writing ../../build/vertical_lidar_logger_pkg/vertical_lidar_logger_pkg.egg-info/PKG-INFO
[3.472s] writing dependency_links to ../../build/vertical_lidar_logger_pkg/vertical_lidar_logger_pkg.egg-info/dependency_links.txt
[3.472s] writing entry points to ../../build/vertical_lidar_logger_pkg/vertical_lidar_logger_pkg.egg-info/entry_points.txt
[3.473s] writing requirements to ../../build/vertical_lidar_logger_pkg/vertical_lidar_logger_pkg.egg-info/requires.txt
[3.474s] writing top-level names to ../../build/vertical_lidar_logger_pkg/vertical_lidar_logger_pkg.egg-info/top_level.txt
[3.477s] reading manifest file '../../build/vertical_lidar_logger_pkg/vertical_lidar_logger_pkg.egg-info/SOURCES.txt'
[3.479s] writing manifest file '../../build/vertical_lidar_logger_pkg/vertical_lidar_logger_pkg.egg-info/SOURCES.txt'
[3.480s] running build
[3.480s] running build_py
[3.480s] running install
[3.481s] running install_lib
[3.488s] running install_data
[3.488s] running install_egg_info
[3.493s] removing '/home/rover/my_rover_ws/install/vertical_lidar_logger_pkg/lib/python3.10/site-packages/vertical_lidar_logger_pkg-0.0.0-py3.10.egg-info' (and everything under it)
[3.494s] Copying ../../build/vertical_lidar_logger_pkg/vertical_lidar_logger_pkg.egg-info to /home/rover/my_rover_ws/install/vertical_lidar_logger_pkg/lib/python3.10/site-packages/vertical_lidar_logger_pkg-0.0.0-py3.10.egg-info
[3.496s] running install_scripts
[3.549s] Installing vertical_lidar_logger script to /home/rover/my_rover_ws/install/vertical_lidar_logger_pkg/lib/vertical_lidar_logger_pkg
[3.550s] writing list of installed files to '/home/rover/my_rover_ws/build/vertical_lidar_logger_pkg/install.log'
[3.642s] Invoked command in '/home/rover/my_rover_ws/src/vertical_lidar_logger_pkg' returned '0': PYTHONPATH=/home/rover/my_rover_ws/build/vertical_lidar_logger_pkg/prefix_override:/usr/lib/python3/dist-packages/colcon_core/task/python/colcon_distutils_commands:/home/rover/my_rover_ws/install/vertical_lidar_logger_pkg/lib/python3.10/site-packages:${PYTHONPATH} /usr/bin/python3 -W ignore:setup.py install is deprecated -W ignore:easy_install command is deprecated setup.py egg_info --egg-base ../../build/vertical_lidar_logger_pkg build --build-base /home/rover/my_rover_ws/build/vertical_lidar_logger_pkg/build install --record /home/rover/my_rover_ws/build/vertical_lidar_logger_pkg/install.log --single-version-externally-managed install_data
