[1.563s] Invoking command in '/home/rover/my_rover_ws/src/vertical_lidar_logger_pkg': PYTHONPATH=/home/rover/my_rover_ws/build/vertical_lidar_logger_pkg/prefix_override:/usr/lib/python3/dist-packages/colcon_core/task/python/colcon_distutils_commands:/home/rover/my_rover_ws/install/vertical_lidar_logger_pkg/lib/python3.10/site-packages:${PYTHONPATH} /usr/bin/python3 -W ignore:setup.py install is deprecated -W ignore:easy_install command is deprecated setup.py egg_info --egg-base ../../build/vertical_lidar_logger_pkg build --build-base /home/rover/my_rover_ws/build/vertical_lidar_logger_pkg/build install --record /home/rover/my_rover_ws/build/vertical_lidar_logger_pkg/install.log --single-version-externally-managed install_data
[2.151s] running egg_info
[2.153s] writing ../../build/vertical_lidar_logger_pkg/vertical_lidar_logger_pkg.egg-info/PKG-INFO
[2.154s] writing dependency_links to ../../build/vertical_lidar_logger_pkg/vertical_lidar_logger_pkg.egg-info/dependency_links.txt
[2.154s] writing entry points to ../../build/vertical_lidar_logger_pkg/vertical_lidar_logger_pkg.egg-info/entry_points.txt
[2.155s] writing requirements to ../../build/vertical_lidar_logger_pkg/vertical_lidar_logger_pkg.egg-info/requires.txt
[2.156s] writing top-level names to ../../build/vertical_lidar_logger_pkg/vertical_lidar_logger_pkg.egg-info/top_level.txt
[2.170s] reading manifest file '../../build/vertical_lidar_logger_pkg/vertical_lidar_logger_pkg.egg-info/SOURCES.txt'
[2.174s] writing manifest file '../../build/vertical_lidar_logger_pkg/vertical_lidar_logger_pkg.egg-info/SOURCES.txt'
[2.177s] running build
[2.178s] running build_py
[2.178s] running install
[2.180s] running install_lib
[2.187s] running install_data
[2.188s] running install_egg_info
[2.193s] removing '/home/rover/my_rover_ws/install/vertical_lidar_logger_pkg/lib/python3.10/site-packages/vertical_lidar_logger_pkg-0.0.0-py3.10.egg-info' (and everything under it)
[2.198s] Copying ../../build/vertical_lidar_logger_pkg/vertical_lidar_logger_pkg.egg-info to /home/rover/my_rover_ws/install/vertical_lidar_logger_pkg/lib/python3.10/site-packages/vertical_lidar_logger_pkg-0.0.0-py3.10.egg-info
[2.209s] running install_scripts
[2.263s] Installing vertical_lidar_logger script to /home/rover/my_rover_ws/install/vertical_lidar_logger_pkg/lib/vertical_lidar_logger_pkg
[2.264s] writing list of installed files to '/home/rover/my_rover_ws/build/vertical_lidar_logger_pkg/install.log'
[2.346s] Invoked command in '/home/rover/my_rover_ws/src/vertical_lidar_logger_pkg' returned '0': PYTHONPATH=/home/rover/my_rover_ws/build/vertical_lidar_logger_pkg/prefix_override:/usr/lib/python3/dist-packages/colcon_core/task/python/colcon_distutils_commands:/home/rover/my_rover_ws/install/vertical_lidar_logger_pkg/lib/python3.10/site-packages:${PYTHONPATH} /usr/bin/python3 -W ignore:setup.py install is deprecated -W ignore:easy_install command is deprecated setup.py egg_info --egg-base ../../build/vertical_lidar_logger_pkg build --build-base /home/rover/my_rover_ws/build/vertical_lidar_logger_pkg/build install --record /home/rover/my_rover_ws/build/vertical_lidar_logger_pkg/install.log --single-version-externally-managed install_data
