[2.891s] Invoking command in '/home/rover/my_rover_ws/src/odometry_patcher_pkg': PYTHONPATH=/home/rover/my_rover_ws/build/odometry_patcher_pkg/prefix_override:/usr/lib/python3/dist-packages/colcon_core/task/python/colcon_distutils_commands:/home/rover/my_rover_ws/install/odometry_patcher_pkg/lib/python3.10/site-packages:${PYTHONPATH} /usr/bin/python3 -W ignore:setup.py install is deprecated -W ignore:easy_install command is deprecated setup.py egg_info --egg-base ../../build/odometry_patcher_pkg build --build-base /home/rover/my_rover_ws/build/odometry_patcher_pkg/build install --record /home/rover/my_rover_ws/build/odometry_patcher_pkg/install.log --single-version-externally-managed install_data
[3.449s] running egg_info
[3.451s] writing ../../build/odometry_patcher_pkg/odometry_patcher_pkg.egg-info/PKG-INFO
[3.452s] writing dependency_links to ../../build/odometry_patcher_pkg/odometry_patcher_pkg.egg-info/dependency_links.txt
[3.452s] writing entry points to ../../build/odometry_patcher_pkg/odometry_patcher_pkg.egg-info/entry_points.txt
[3.454s] writing requirements to ../../build/odometry_patcher_pkg/odometry_patcher_pkg.egg-info/requires.txt
[3.454s] writing top-level names to ../../build/odometry_patcher_pkg/odometry_patcher_pkg.egg-info/top_level.txt
[3.457s] reading manifest file '../../build/odometry_patcher_pkg/odometry_patcher_pkg.egg-info/SOURCES.txt'
[3.458s] writing manifest file '../../build/odometry_patcher_pkg/odometry_patcher_pkg.egg-info/SOURCES.txt'
[3.459s] running build
[3.459s] running build_py
[3.459s] copying odometry_patcher_pkg/odometry_covariance_patcher.py -> /home/rover/my_rover_ws/build/odometry_patcher_pkg/build/lib/odometry_patcher_pkg
[3.460s] running install
[3.461s] running install_lib
[3.462s] copying /home/rover/my_rover_ws/build/odometry_patcher_pkg/build/lib/odometry_patcher_pkg/odometry_covariance_patcher.py -> /home/rover/my_rover_ws/install/odometry_patcher_pkg/lib/python3.10/site-packages/odometry_patcher_pkg
[3.467s] byte-compiling /home/rover/my_rover_ws/install/odometry_patcher_pkg/lib/python3.10/site-packages/odometry_patcher_pkg/odometry_covariance_patcher.py to odometry_covariance_patcher.cpython-310.pyc
[3.468s] running install_data
[3.468s] running install_egg_info
[3.472s] removing '/home/rover/my_rover_ws/install/odometry_patcher_pkg/lib/python3.10/site-packages/odometry_patcher_pkg-0.1.0-py3.10.egg-info' (and everything under it)
[3.473s] Copying ../../build/odometry_patcher_pkg/odometry_patcher_pkg.egg-info to /home/rover/my_rover_ws/install/odometry_patcher_pkg/lib/python3.10/site-packages/odometry_patcher_pkg-0.1.0-py3.10.egg-info
[3.476s] running install_scripts
[3.522s] Installing odometry_covariance_patcher script to /home/rover/my_rover_ws/install/odometry_patcher_pkg/lib/odometry_patcher_pkg
[3.523s] writing list of installed files to '/home/rover/my_rover_ws/build/odometry_patcher_pkg/install.log'
[3.602s] Invoked command in '/home/rover/my_rover_ws/src/odometry_patcher_pkg' returned '0': PYTHONPATH=/home/rover/my_rover_ws/build/odometry_patcher_pkg/prefix_override:/usr/lib/python3/dist-packages/colcon_core/task/python/colcon_distutils_commands:/home/rover/my_rover_ws/install/odometry_patcher_pkg/lib/python3.10/site-packages:${PYTHONPATH} /usr/bin/python3 -W ignore:setup.py install is deprecated -W ignore:easy_install command is deprecated setup.py egg_info --egg-base ../../build/odometry_patcher_pkg build --build-base /home/rover/my_rover_ws/build/odometry_patcher_pkg/build install --record /home/rover/my_rover_ws/build/odometry_patcher_pkg/install.log --single-version-externally-managed install_data
