[0.661s] Invoking command in '/home/rover/my_rover_ws/build/safety_interfaces': CMAKE_PREFIX_PATH=${CMAKE_PREFIX_PATH}:/home/rover/my_rover_ws/install/vertical_lidar_logger_pkg:/home/rover/my_rover_ws/install/safety_interfaces:/home/rover/my_rover_ws/install/ps_serial_utils_pkg:/home/rover/my_rover_ws/install/pan_tilt_control_pkg:/home/rover/my_rover_ws/install/my_rover_launch_pkg:/home/rover/my_rover_ws/install/lidar_safety_pkg:/home/rover/my_rover_ws/install/keyboard_controller_pkg:/home/rover/my_rover_ws/install/joy_twist_bridge_pkg:/home/rover/my_rover_ws/install/gps_navigator_pkg:/home/rover/my_rover_ws/install/four_leds_control_pkg:/opt/ros/humble /usr/bin/cmake --build /home/rover/my_rover_ws/build/safety_interfaces -- -j6 -l6
[1.306s] [  3%] Built target safety_interfaces__cpp
[1.307s] [ 12%] Built target safety_interfaces__rosidl_generator_c
[1.307s] [ 12%] Built target ament_cmake_python_copy_safety_interfaces
[1.307s] [ 22%] Built target safety_interfaces__rosidl_typesupport_cpp
[1.307s] [ 32%] Built target safety_interfaces__rosidl_typesupport_fastrtps_cpp
[1.308s] [ 41%] Built target safety_interfaces__rosidl_typesupport_introspection_cpp
[1.308s] [ 51%] Built target safety_interfaces__rosidl_typesupport_introspection_c
[1.309s] [ 61%] Built target safety_interfaces__rosidl_typesupport_c
[1.310s] [ 70%] Built target safety_interfaces__rosidl_typesupport_fastrtps_c
[1.312s] [ 70%] Built target safety_interfaces
[1.313s] [ 74%] Built target safety_interfaces__py
[1.313s] [ 80%] Built target safety_interfaces__rosidl_generator_py
[1.314s] [100%] Built target safety_interfaces__rosidl_typesupport_fastrtps_c__pyext
[1.314s] [100%] Built target safety_interfaces__rosidl_typesupport_c__pyext
[1.314s] [100%] Built target safety_interfaces__rosidl_typesupport_introspection_c__pyext
[1.428s] running egg_info
[1.430s] writing safety_interfaces.egg-info/PKG-INFO
[1.430s] writing dependency_links to safety_interfaces.egg-info/dependency_links.txt
[1.431s] writing top-level names to safety_interfaces.egg-info/top_level.txt
[1.436s] reading manifest file 'safety_interfaces.egg-info/SOURCES.txt'
[1.437s] writing manifest file 'safety_interfaces.egg-info/SOURCES.txt'
[1.514s] [100%] Built target ament_cmake_python_build_safety_interfaces_egg
[1.542s] Invoked command in '/home/rover/my_rover_ws/build/safety_interfaces' returned '0': CMAKE_PREFIX_PATH=${CMAKE_PREFIX_PATH}:/home/rover/my_rover_ws/install/vertical_lidar_logger_pkg:/home/rover/my_rover_ws/install/safety_interfaces:/home/rover/my_rover_ws/install/ps_serial_utils_pkg:/home/rover/my_rover_ws/install/pan_tilt_control_pkg:/home/rover/my_rover_ws/install/my_rover_launch_pkg:/home/rover/my_rover_ws/install/lidar_safety_pkg:/home/rover/my_rover_ws/install/keyboard_controller_pkg:/home/rover/my_rover_ws/install/joy_twist_bridge_pkg:/home/rover/my_rover_ws/install/gps_navigator_pkg:/home/rover/my_rover_ws/install/four_leds_control_pkg:/opt/ros/humble /usr/bin/cmake --build /home/rover/my_rover_ws/build/safety_interfaces -- -j6 -l6
[1.543s] Invoking command in '/home/rover/my_rover_ws/build/safety_interfaces': CMAKE_PREFIX_PATH=${CMAKE_PREFIX_PATH}:/home/rover/my_rover_ws/install/vertical_lidar_logger_pkg:/home/rover/my_rover_ws/install/safety_interfaces:/home/rover/my_rover_ws/install/ps_serial_utils_pkg:/home/rover/my_rover_ws/install/pan_tilt_control_pkg:/home/rover/my_rover_ws/install/my_rover_launch_pkg:/home/rover/my_rover_ws/install/lidar_safety_pkg:/home/rover/my_rover_ws/install/keyboard_controller_pkg:/home/rover/my_rover_ws/install/joy_twist_bridge_pkg:/home/rover/my_rover_ws/install/gps_navigator_pkg:/home/rover/my_rover_ws/install/four_leds_control_pkg:/opt/ros/humble /usr/bin/cmake --install /home/rover/my_rover_ws/build/safety_interfaces
[1.558s] -- Install configuration: ""
[1.558s] -- Up-to-date: /home/rover/my_rover_ws/install/safety_interfaces/share/ament_index/resource_index/rosidl_interfaces/safety_interfaces
[1.558s] -- Up-to-date: /home/rover/my_rover_ws/install/safety_interfaces/include/safety_interfaces/safety_interfaces
[1.559s] -- Up-to-date: /home/rover/my_rover_ws/install/safety_interfaces/include/safety_interfaces/safety_interfaces/msg
[1.559s] -- Up-to-date: /home/rover/my_rover_ws/install/safety_interfaces/include/safety_interfaces/safety_interfaces/msg/safety_status.h
[1.559s] -- Up-to-date: /home/rover/my_rover_ws/install/safety_interfaces/include/safety_interfaces/safety_interfaces/msg/detail
[1.559s] -- Up-to-date: /home/rover/my_rover_ws/install/safety_interfaces/include/safety_interfaces/safety_interfaces/msg/detail/safety_status__functions.h
[1.559s] -- Up-to-date: /home/rover/my_rover_ws/install/safety_interfaces/include/safety_interfaces/safety_interfaces/msg/detail/safety_status__type_support.h
[1.560s] -- Up-to-date: /home/rover/my_rover_ws/install/safety_interfaces/include/safety_interfaces/safety_interfaces/msg/detail/safety_status__functions.c
[1.560s] -- Up-to-date: /home/rover/my_rover_ws/install/safety_interfaces/include/safety_interfaces/safety_interfaces/msg/detail/safety_status__struct.h
[1.560s] -- Up-to-date: /home/rover/my_rover_ws/install/safety_interfaces/include/safety_interfaces/safety_interfaces/msg/rosidl_generator_c__visibility_control.h
[1.560s] -- Up-to-date: /home/rover/my_rover_ws/install/safety_interfaces/share/safety_interfaces/environment/library_path.sh
[1.561s] -- Up-to-date: /home/rover/my_rover_ws/install/safety_interfaces/share/safety_interfaces/environment/library_path.dsv
[1.561s] -- Up-to-date: /home/rover/my_rover_ws/install/safety_interfaces/lib/libsafety_interfaces__rosidl_generator_c.so
[1.561s] -- Up-to-date: /home/rover/my_rover_ws/install/safety_interfaces/include/safety_interfaces/safety_interfaces
[1.561s] -- Up-to-date: /home/rover/my_rover_ws/install/safety_interfaces/include/safety_interfaces/safety_interfaces/msg
[1.561s] -- Up-to-date: /home/rover/my_rover_ws/install/safety_interfaces/include/safety_interfaces/safety_interfaces/msg/rosidl_typesupport_fastrtps_c__visibility_control.h
[1.562s] -- Up-to-date: /home/rover/my_rover_ws/install/safety_interfaces/include/safety_interfaces/safety_interfaces/msg/detail
[1.562s] -- Up-to-date: /home/rover/my_rover_ws/install/safety_interfaces/include/safety_interfaces/safety_interfaces/msg/detail/safety_status__rosidl_typesupport_fastrtps_c.h
[1.562s] -- Up-to-date: /home/rover/my_rover_ws/install/safety_interfaces/lib/libsafety_interfaces__rosidl_typesupport_fastrtps_c.so
[1.563s] -- Up-to-date: /home/rover/my_rover_ws/install/safety_interfaces/include/safety_interfaces/safety_interfaces
[1.563s] -- Up-to-date: /home/rover/my_rover_ws/install/safety_interfaces/include/safety_interfaces/safety_interfaces/msg
[1.563s] -- Up-to-date: /home/rover/my_rover_ws/install/safety_interfaces/include/safety_interfaces/safety_interfaces/msg/rosidl_generator_cpp__visibility_control.hpp
[1.563s] -- Up-to-date: /home/rover/my_rover_ws/install/safety_interfaces/include/safety_interfaces/safety_interfaces/msg/detail
[1.563s] -- Up-to-date: /home/rover/my_rover_ws/install/safety_interfaces/include/safety_interfaces/safety_interfaces/msg/detail/safety_status__struct.hpp
[1.564s] -- Up-to-date: /home/rover/my_rover_ws/install/safety_interfaces/include/safety_interfaces/safety_interfaces/msg/detail/safety_status__builder.hpp
[1.564s] -- Up-to-date: /home/rover/my_rover_ws/install/safety_interfaces/include/safety_interfaces/safety_interfaces/msg/detail/safety_status__traits.hpp
[1.564s] -- Up-to-date: /home/rover/my_rover_ws/install/safety_interfaces/include/safety_interfaces/safety_interfaces/msg/detail/safety_status__type_support.hpp
[1.565s] -- Up-to-date: /home/rover/my_rover_ws/install/safety_interfaces/include/safety_interfaces/safety_interfaces/msg/safety_status.hpp
[1.565s] -- Up-to-date: /home/rover/my_rover_ws/install/safety_interfaces/include/safety_interfaces/safety_interfaces
[1.565s] -- Up-to-date: /home/rover/my_rover_ws/install/safety_interfaces/include/safety_interfaces/safety_interfaces/msg
[1.565s] -- Up-to-date: /home/rover/my_rover_ws/install/safety_interfaces/include/safety_interfaces/safety_interfaces/msg/rosidl_typesupport_fastrtps_cpp__visibility_control.h
[1.565s] -- Up-to-date: /home/rover/my_rover_ws/install/safety_interfaces/include/safety_interfaces/safety_interfaces/msg/detail
[1.565s] -- Up-to-date: /home/rover/my_rover_ws/install/safety_interfaces/include/safety_interfaces/safety_interfaces/msg/detail/safety_status__rosidl_typesupport_fastrtps_cpp.hpp
[1.566s] -- Up-to-date: /home/rover/my_rover_ws/install/safety_interfaces/include/safety_interfaces/safety_interfaces/msg/detail/dds_fastrtps
[1.566s] -- Up-to-date: /home/rover/my_rover_ws/install/safety_interfaces/lib/libsafety_interfaces__rosidl_typesupport_fastrtps_cpp.so
[1.566s] -- Up-to-date: /home/rover/my_rover_ws/install/safety_interfaces/include/safety_interfaces/safety_interfaces
[1.566s] -- Up-to-date: /home/rover/my_rover_ws/install/safety_interfaces/include/safety_interfaces/safety_interfaces/msg
[1.566s] -- Up-to-date: /home/rover/my_rover_ws/install/safety_interfaces/include/safety_interfaces/safety_interfaces/msg/rosidl_typesupport_introspection_c__visibility_control.h
[1.566s] -- Up-to-date: /home/rover/my_rover_ws/install/safety_interfaces/include/safety_interfaces/safety_interfaces/msg/detail
[1.566s] -- Up-to-date: /home/rover/my_rover_ws/install/safety_interfaces/include/safety_interfaces/safety_interfaces/msg/detail/safety_status__rosidl_typesupport_introspection_c.h
[1.566s] -- Up-to-date: /home/rover/my_rover_ws/install/safety_interfaces/include/safety_interfaces/safety_interfaces/msg/detail/safety_status__type_support.c
[1.567s] -- Up-to-date: /home/rover/my_rover_ws/install/safety_interfaces/lib/libsafety_interfaces__rosidl_typesupport_introspection_c.so
[1.567s] -- Up-to-date: /home/rover/my_rover_ws/install/safety_interfaces/lib/libsafety_interfaces__rosidl_typesupport_c.so
[1.567s] -- Up-to-date: /home/rover/my_rover_ws/install/safety_interfaces/include/safety_interfaces/safety_interfaces
[1.567s] -- Up-to-date: /home/rover/my_rover_ws/install/safety_interfaces/include/safety_interfaces/safety_interfaces/msg
[1.567s] -- Up-to-date: /home/rover/my_rover_ws/install/safety_interfaces/include/safety_interfaces/safety_interfaces/msg/detail
[1.567s] -- Up-to-date: /home/rover/my_rover_ws/install/safety_interfaces/include/safety_interfaces/safety_interfaces/msg/detail/safety_status__rosidl_typesupport_introspection_cpp.hpp
[1.567s] -- Up-to-date: /home/rover/my_rover_ws/install/safety_interfaces/include/safety_interfaces/safety_interfaces/msg/detail/safety_status__type_support.cpp
[1.567s] -- Up-to-date: /home/rover/my_rover_ws/install/safety_interfaces/lib/libsafety_interfaces__rosidl_typesupport_introspection_cpp.so
[1.567s] -- Up-to-date: /home/rover/my_rover_ws/install/safety_interfaces/lib/libsafety_interfaces__rosidl_typesupport_cpp.so
[1.568s] -- Up-to-date: /home/rover/my_rover_ws/install/safety_interfaces/share/safety_interfaces/environment/pythonpath.sh
[1.568s] -- Up-to-date: /home/rover/my_rover_ws/install/safety_interfaces/share/safety_interfaces/environment/pythonpath.dsv
[1.568s] -- Up-to-date: /home/rover/my_rover_ws/install/safety_interfaces/local/lib/python3.10/dist-packages/safety_interfaces-0.0.0-py3.10.egg-info
[1.568s] -- Installing: /home/rover/my_rover_ws/install/safety_interfaces/local/lib/python3.10/dist-packages/safety_interfaces-0.0.0-py3.10.egg-info/top_level.txt
[1.568s] -- Installing: /home/rover/my_rover_ws/install/safety_interfaces/local/lib/python3.10/dist-packages/safety_interfaces-0.0.0-py3.10.egg-info/SOURCES.txt
[1.568s] -- Installing: /home/rover/my_rover_ws/install/safety_interfaces/local/lib/python3.10/dist-packages/safety_interfaces-0.0.0-py3.10.egg-info/dependency_links.txt
[1.569s] -- Installing: /home/rover/my_rover_ws/install/safety_interfaces/local/lib/python3.10/dist-packages/safety_interfaces-0.0.0-py3.10.egg-info/PKG-INFO
[1.569s] -- Up-to-date: /home/rover/my_rover_ws/install/safety_interfaces/local/lib/python3.10/dist-packages/safety_interfaces
[1.569s] -- Up-to-date: /home/rover/my_rover_ws/install/safety_interfaces/local/lib/python3.10/dist-packages/safety_interfaces/msg
[1.569s] -- Up-to-date: /home/rover/my_rover_ws/install/safety_interfaces/local/lib/python3.10/dist-packages/safety_interfaces/msg/_safety_status.py
[1.569s] -- Up-to-date: /home/rover/my_rover_ws/install/safety_interfaces/local/lib/python3.10/dist-packages/safety_interfaces/msg/__init__.py
[1.570s] -- Up-to-date: /home/rover/my_rover_ws/install/safety_interfaces/local/lib/python3.10/dist-packages/safety_interfaces/msg/_safety_status_s.c
[1.570s] -- Up-to-date: /home/rover/my_rover_ws/install/safety_interfaces/local/lib/python3.10/dist-packages/safety_interfaces/_safety_interfaces_s.ep.rosidl_typesupport_fastrtps_c.c
[1.570s] -- Up-to-date: /home/rover/my_rover_ws/install/safety_interfaces/local/lib/python3.10/dist-packages/safety_interfaces/_safety_interfaces_s.ep.rosidl_typesupport_c.c
[1.570s] -- Up-to-date: /home/rover/my_rover_ws/install/safety_interfaces/local/lib/python3.10/dist-packages/safety_interfaces/safety_interfaces_s__rosidl_typesupport_introspection_c.cpython-310-aarch64-linux-gnu.so
[1.570s] -- Up-to-date: /home/rover/my_rover_ws/install/safety_interfaces/local/lib/python3.10/dist-packages/safety_interfaces/safety_interfaces_s__rosidl_typesupport_c.cpython-310-aarch64-linux-gnu.so
[1.571s] -- Up-to-date: /home/rover/my_rover_ws/install/safety_interfaces/local/lib/python3.10/dist-packages/safety_interfaces/_safety_interfaces_s.ep.rosidl_typesupport_introspection_c.c
[1.571s] -- Up-to-date: /home/rover/my_rover_ws/install/safety_interfaces/local/lib/python3.10/dist-packages/safety_interfaces/libsafety_interfaces__rosidl_generator_py.so
[1.571s] -- Up-to-date: /home/rover/my_rover_ws/install/safety_interfaces/local/lib/python3.10/dist-packages/safety_interfaces/safety_interfaces_s__rosidl_typesupport_fastrtps_c.cpython-310-aarch64-linux-gnu.so
[1.571s] -- Up-to-date: /home/rover/my_rover_ws/install/safety_interfaces/local/lib/python3.10/dist-packages/safety_interfaces/__init__.py
[1.645s] Listing '/home/rover/my_rover_ws/install/safety_interfaces/local/lib/python3.10/dist-packages/safety_interfaces'...
[1.645s] Listing '/home/rover/my_rover_ws/install/safety_interfaces/local/lib/python3.10/dist-packages/safety_interfaces/msg'...
[1.658s] -- Up-to-date: /home/rover/my_rover_ws/install/safety_interfaces/local/lib/python3.10/dist-packages/safety_interfaces/safety_interfaces_s__rosidl_typesupport_fastrtps_c.cpython-310-aarch64-linux-gnu.so
[1.658s] -- Up-to-date: /home/rover/my_rover_ws/install/safety_interfaces/local/lib/python3.10/dist-packages/safety_interfaces/safety_interfaces_s__rosidl_typesupport_introspection_c.cpython-310-aarch64-linux-gnu.so
[1.659s] -- Up-to-date: /home/rover/my_rover_ws/install/safety_interfaces/local/lib/python3.10/dist-packages/safety_interfaces/safety_interfaces_s__rosidl_typesupport_c.cpython-310-aarch64-linux-gnu.so
[1.659s] -- Up-to-date: /home/rover/my_rover_ws/install/safety_interfaces/lib/libsafety_interfaces__rosidl_generator_py.so
[1.659s] -- Up-to-date: /home/rover/my_rover_ws/install/safety_interfaces/share/safety_interfaces/msg/SafetyStatus.idl
[1.660s] -- Up-to-date: /home/rover/my_rover_ws/install/safety_interfaces/share/safety_interfaces/msg/SafetyStatus.msg
[1.660s] -- Up-to-date: /home/rover/my_rover_ws/install/safety_interfaces/share/ament_index/resource_index/package_run_dependencies/safety_interfaces
[1.660s] -- Up-to-date: /home/rover/my_rover_ws/install/safety_interfaces/share/ament_index/resource_index/parent_prefix_path/safety_interfaces
[1.660s] -- Up-to-date: /home/rover/my_rover_ws/install/safety_interfaces/share/safety_interfaces/environment/ament_prefix_path.sh
[1.661s] -- Up-to-date: /home/rover/my_rover_ws/install/safety_interfaces/share/safety_interfaces/environment/ament_prefix_path.dsv
[1.661s] -- Up-to-date: /home/rover/my_rover_ws/install/safety_interfaces/share/safety_interfaces/environment/path.sh
[1.661s] -- Up-to-date: /home/rover/my_rover_ws/install/safety_interfaces/share/safety_interfaces/environment/path.dsv
[1.661s] -- Up-to-date: /home/rover/my_rover_ws/install/safety_interfaces/share/safety_interfaces/local_setup.bash
[1.662s] -- Up-to-date: /home/rover/my_rover_ws/install/safety_interfaces/share/safety_interfaces/local_setup.sh
[1.662s] -- Up-to-date: /home/rover/my_rover_ws/install/safety_interfaces/share/safety_interfaces/local_setup.zsh
[1.662s] -- Up-to-date: /home/rover/my_rover_ws/install/safety_interfaces/share/safety_interfaces/local_setup.dsv
[1.662s] -- Installing: /home/rover/my_rover_ws/install/safety_interfaces/share/safety_interfaces/package.dsv
[1.662s] -- Up-to-date: /home/rover/my_rover_ws/install/safety_interfaces/share/ament_index/resource_index/packages/safety_interfaces
[1.662s] -- Up-to-date: /home/rover/my_rover_ws/install/safety_interfaces/share/safety_interfaces/cmake/export_safety_interfaces__rosidl_generator_cExport.cmake
[1.663s] -- Up-to-date: /home/rover/my_rover_ws/install/safety_interfaces/share/safety_interfaces/cmake/export_safety_interfaces__rosidl_generator_cExport-noconfig.cmake
[1.663s] -- Up-to-date: /home/rover/my_rover_ws/install/safety_interfaces/share/safety_interfaces/cmake/export_safety_interfaces__rosidl_typesupport_fastrtps_cExport.cmake
[1.663s] -- Up-to-date: /home/rover/my_rover_ws/install/safety_interfaces/share/safety_interfaces/cmake/export_safety_interfaces__rosidl_typesupport_fastrtps_cExport-noconfig.cmake
[1.663s] -- Up-to-date: /home/rover/my_rover_ws/install/safety_interfaces/share/safety_interfaces/cmake/export_safety_interfaces__rosidl_generator_cppExport.cmake
[1.663s] -- Up-to-date: /home/rover/my_rover_ws/install/safety_interfaces/share/safety_interfaces/cmake/export_safety_interfaces__rosidl_typesupport_fastrtps_cppExport.cmake
[1.663s] -- Up-to-date: /home/rover/my_rover_ws/install/safety_interfaces/share/safety_interfaces/cmake/export_safety_interfaces__rosidl_typesupport_fastrtps_cppExport-noconfig.cmake
[1.664s] -- Up-to-date: /home/rover/my_rover_ws/install/safety_interfaces/share/safety_interfaces/cmake/safety_interfaces__rosidl_typesupport_introspection_cExport.cmake
[1.664s] -- Up-to-date: /home/rover/my_rover_ws/install/safety_interfaces/share/safety_interfaces/cmake/safety_interfaces__rosidl_typesupport_introspection_cExport-noconfig.cmake
[1.664s] -- Up-to-date: /home/rover/my_rover_ws/install/safety_interfaces/share/safety_interfaces/cmake/safety_interfaces__rosidl_typesupport_cExport.cmake
[1.664s] -- Up-to-date: /home/rover/my_rover_ws/install/safety_interfaces/share/safety_interfaces/cmake/safety_interfaces__rosidl_typesupport_cExport-noconfig.cmake
[1.664s] -- Up-to-date: /home/rover/my_rover_ws/install/safety_interfaces/share/safety_interfaces/cmake/safety_interfaces__rosidl_typesupport_introspection_cppExport.cmake
[1.664s] -- Up-to-date: /home/rover/my_rover_ws/install/safety_interfaces/share/safety_interfaces/cmake/safety_interfaces__rosidl_typesupport_introspection_cppExport-noconfig.cmake
[1.664s] -- Up-to-date: /home/rover/my_rover_ws/install/safety_interfaces/share/safety_interfaces/cmake/safety_interfaces__rosidl_typesupport_cppExport.cmake
[1.664s] -- Up-to-date: /home/rover/my_rover_ws/install/safety_interfaces/share/safety_interfaces/cmake/safety_interfaces__rosidl_typesupport_cppExport-noconfig.cmake
[1.665s] -- Up-to-date: /home/rover/my_rover_ws/install/safety_interfaces/share/safety_interfaces/cmake/export_safety_interfaces__rosidl_generator_pyExport.cmake
[1.665s] -- Up-to-date: /home/rover/my_rover_ws/install/safety_interfaces/share/safety_interfaces/cmake/export_safety_interfaces__rosidl_generator_pyExport-noconfig.cmake
[1.666s] -- Up-to-date: /home/rover/my_rover_ws/install/safety_interfaces/share/safety_interfaces/cmake/rosidl_cmake-extras.cmake
[1.667s] -- Up-to-date: /home/rover/my_rover_ws/install/safety_interfaces/share/safety_interfaces/cmake/ament_cmake_export_dependencies-extras.cmake
[1.668s] -- Up-to-date: /home/rover/my_rover_ws/install/safety_interfaces/share/safety_interfaces/cmake/ament_cmake_export_include_directories-extras.cmake
[1.668s] -- Up-to-date: /home/rover/my_rover_ws/install/safety_interfaces/share/safety_interfaces/cmake/ament_cmake_export_libraries-extras.cmake
[1.668s] -- Up-to-date: /home/rover/my_rover_ws/install/safety_interfaces/share/safety_interfaces/cmake/ament_cmake_export_targets-extras.cmake
[1.669s] -- Up-to-date: /home/rover/my_rover_ws/install/safety_interfaces/share/safety_interfaces/cmake/rosidl_cmake_export_typesupport_targets-extras.cmake
[1.669s] -- Up-to-date: /home/rover/my_rover_ws/install/safety_interfaces/share/safety_interfaces/cmake/rosidl_cmake_export_typesupport_libraries-extras.cmake
[1.669s] -- Up-to-date: /home/rover/my_rover_ws/install/safety_interfaces/share/safety_interfaces/cmake/safety_interfacesConfig.cmake
[1.669s] -- Up-to-date: /home/rover/my_rover_ws/install/safety_interfaces/share/safety_interfaces/cmake/safety_interfacesConfig-version.cmake
[1.669s] -- Up-to-date: /home/rover/my_rover_ws/install/safety_interfaces/share/safety_interfaces/package.xml
[1.670s] Invoked command in '/home/rover/my_rover_ws/build/safety_interfaces' returned '0': CMAKE_PREFIX_PATH=${CMAKE_PREFIX_PATH}:/home/rover/my_rover_ws/install/vertical_lidar_logger_pkg:/home/rover/my_rover_ws/install/safety_interfaces:/home/rover/my_rover_ws/install/ps_serial_utils_pkg:/home/rover/my_rover_ws/install/pan_tilt_control_pkg:/home/rover/my_rover_ws/install/my_rover_launch_pkg:/home/rover/my_rover_ws/install/lidar_safety_pkg:/home/rover/my_rover_ws/install/keyboard_controller_pkg:/home/rover/my_rover_ws/install/joy_twist_bridge_pkg:/home/rover/my_rover_ws/install/gps_navigator_pkg:/home/rover/my_rover_ws/install/four_leds_control_pkg:/opt/ros/humble /usr/bin/cmake --install /home/rover/my_rover_ws/build/safety_interfaces
