running egg_info
creating ../../build/odometry_patcher_pkg/odometry_patcher_pkg.egg-info
writing ../../build/odometry_patcher_pkg/odometry_patcher_pkg.egg-info/PKG-INFO
writing dependency_links to ../../build/odometry_patcher_pkg/odometry_patcher_pkg.egg-info/dependency_links.txt
writing entry points to ../../build/odometry_patcher_pkg/odometry_patcher_pkg.egg-info/entry_points.txt
writing requirements to ../../build/odometry_patcher_pkg/odometry_patcher_pkg.egg-info/requires.txt
writing top-level names to ../../build/odometry_patcher_pkg/odometry_patcher_pkg.egg-info/top_level.txt
writing manifest file '../../build/odometry_patcher_pkg/odometry_patcher_pkg.egg-info/SOURCES.txt'
reading manifest file '../../build/odometry_patcher_pkg/odometry_patcher_pkg.egg-info/SOURCES.txt'
writing manifest file '../../build/odometry_patcher_pkg/odometry_patcher_pkg.egg-info/SOURCES.txt'
running build
running build_py
creating /home/rover/my_rover_ws/build/odometry_patcher_pkg/build
creating /home/rover/my_rover_ws/build/odometry_patcher_pkg/build/lib
creating /home/rover/my_rover_ws/build/odometry_patcher_pkg/build/lib/odometry_patcher_pkg
copying odometry_patcher_pkg/odometry_covariance_patcher.py -> /home/rover/my_rover_ws/build/odometry_patcher_pkg/build/lib/odometry_patcher_pkg
copying odometry_patcher_pkg/__init__.py -> /home/rover/my_rover_ws/build/odometry_patcher_pkg/build/lib/odometry_patcher_pkg
running install
running install_lib
creating /home/rover/my_rover_ws/install/odometry_patcher_pkg/lib/python3.10/site-packages/odometry_patcher_pkg
copying /home/rover/my_rover_ws/build/odometry_patcher_pkg/build/lib/odometry_patcher_pkg/odometry_covariance_patcher.py -> /home/rover/my_rover_ws/install/odometry_patcher_pkg/lib/python3.10/site-packages/odometry_patcher_pkg
copying /home/rover/my_rover_ws/build/odometry_patcher_pkg/build/lib/odometry_patcher_pkg/__init__.py -> /home/rover/my_rover_ws/install/odometry_patcher_pkg/lib/python3.10/site-packages/odometry_patcher_pkg
byte-compiling /home/rover/my_rover_ws/install/odometry_patcher_pkg/lib/python3.10/site-packages/odometry_patcher_pkg/odometry_covariance_patcher.py to odometry_covariance_patcher.cpython-310.pyc
byte-compiling /home/rover/my_rover_ws/install/odometry_patcher_pkg/lib/python3.10/site-packages/odometry_patcher_pkg/__init__.py to __init__.cpython-310.pyc
running install_data
creating /home/rover/my_rover_ws/install/odometry_patcher_pkg/share/ament_index
creating /home/rover/my_rover_ws/install/odometry_patcher_pkg/share/ament_index/resource_index
creating /home/rover/my_rover_ws/install/odometry_patcher_pkg/share/ament_index/resource_index/packages
copying resource/odometry_patcher_pkg -> /home/rover/my_rover_ws/install/odometry_patcher_pkg/share/ament_index/resource_index/packages
copying package.xml -> /home/rover/my_rover_ws/install/odometry_patcher_pkg/share/odometry_patcher_pkg
running install_egg_info
Copying ../../build/odometry_patcher_pkg/odometry_patcher_pkg.egg-info to /home/rover/my_rover_ws/install/odometry_patcher_pkg/lib/python3.10/site-packages/odometry_patcher_pkg-0.1.0-py3.10.egg-info
running install_scripts
Installing odometry_covariance_patcher script to /home/rover/my_rover_ws/install/odometry_patcher_pkg/lib/odometry_patcher_pkg
writing list of installed files to '/home/rover/my_rover_ws/build/odometry_patcher_pkg/install.log'
