[2.733s] Invoking command in '/home/rover/my_rover_ws/src/odometry_patcher_pkg': PYTHONPATH=/home/rover/my_rover_ws/build/odometry_patcher_pkg/prefix_override:/usr/lib/python3/dist-packages/colcon_core/task/python/colcon_distutils_commands:/home/rover/my_rover_ws/install/odometry_patcher_pkg/lib/python3.10/site-packages:${PYTHONPATH} /usr/bin/python3 -W ignore:setup.py install is deprecated -W ignore:easy_install command is deprecated setup.py egg_info --egg-base ../../build/odometry_patcher_pkg build --build-base /home/rover/my_rover_ws/build/odometry_patcher_pkg/build install --record /home/rover/my_rover_ws/build/odometry_patcher_pkg/install.log --single-version-externally-managed install_data
[3.365s] running egg_info
[3.367s] creating ../../build/odometry_patcher_pkg/odometry_patcher_pkg.egg-info
[3.368s] writing ../../build/odometry_patcher_pkg/odometry_patcher_pkg.egg-info/PKG-INFO
[3.369s] writing dependency_links to ../../build/odometry_patcher_pkg/odometry_patcher_pkg.egg-info/dependency_links.txt
[3.369s] writing entry points to ../../build/odometry_patcher_pkg/odometry_patcher_pkg.egg-info/entry_points.txt
[3.370s] writing requirements to ../../build/odometry_patcher_pkg/odometry_patcher_pkg.egg-info/requires.txt
[3.370s] writing top-level names to ../../build/odometry_patcher_pkg/odometry_patcher_pkg.egg-info/top_level.txt
[3.371s] writing manifest file '../../build/odometry_patcher_pkg/odometry_patcher_pkg.egg-info/SOURCES.txt'
[3.375s] reading manifest file '../../build/odometry_patcher_pkg/odometry_patcher_pkg.egg-info/SOURCES.txt'
[3.377s] writing manifest file '../../build/odometry_patcher_pkg/odometry_patcher_pkg.egg-info/SOURCES.txt'
[3.377s] running build
[3.377s] running build_py
[3.379s] creating /home/rover/my_rover_ws/build/odometry_patcher_pkg/build
[3.379s] creating /home/rover/my_rover_ws/build/odometry_patcher_pkg/build/lib
[3.380s] creating /home/rover/my_rover_ws/build/odometry_patcher_pkg/build/lib/odometry_patcher_pkg
[3.380s] copying odometry_patcher_pkg/odometry_covariance_patcher.py -> /home/rover/my_rover_ws/build/odometry_patcher_pkg/build/lib/odometry_patcher_pkg
[3.381s] copying odometry_patcher_pkg/__init__.py -> /home/rover/my_rover_ws/build/odometry_patcher_pkg/build/lib/odometry_patcher_pkg
[3.381s] running install
[3.382s] running install_lib
[3.383s] creating /home/rover/my_rover_ws/install/odometry_patcher_pkg/lib/python3.10/site-packages/odometry_patcher_pkg
[3.383s] copying /home/rover/my_rover_ws/build/odometry_patcher_pkg/build/lib/odometry_patcher_pkg/odometry_covariance_patcher.py -> /home/rover/my_rover_ws/install/odometry_patcher_pkg/lib/python3.10/site-packages/odometry_patcher_pkg
[3.384s] copying /home/rover/my_rover_ws/build/odometry_patcher_pkg/build/lib/odometry_patcher_pkg/__init__.py -> /home/rover/my_rover_ws/install/odometry_patcher_pkg/lib/python3.10/site-packages/odometry_patcher_pkg
[3.388s] byte-compiling /home/rover/my_rover_ws/install/odometry_patcher_pkg/lib/python3.10/site-packages/odometry_patcher_pkg/odometry_covariance_patcher.py to odometry_covariance_patcher.cpython-310.pyc
[3.389s] byte-compiling /home/rover/my_rover_ws/install/odometry_patcher_pkg/lib/python3.10/site-packages/odometry_patcher_pkg/__init__.py to __init__.cpython-310.pyc
[3.390s] running install_data
[3.390s] creating /home/rover/my_rover_ws/install/odometry_patcher_pkg/share/ament_index
[3.390s] creating /home/rover/my_rover_ws/install/odometry_patcher_pkg/share/ament_index/resource_index
[3.391s] creating /home/rover/my_rover_ws/install/odometry_patcher_pkg/share/ament_index/resource_index/packages
[3.391s] copying resource/odometry_patcher_pkg -> /home/rover/my_rover_ws/install/odometry_patcher_pkg/share/ament_index/resource_index/packages
[3.391s] copying package.xml -> /home/rover/my_rover_ws/install/odometry_patcher_pkg/share/odometry_patcher_pkg
[3.391s] running install_egg_info
[3.395s] Copying ../../build/odometry_patcher_pkg/odometry_patcher_pkg.egg-info to /home/rover/my_rover_ws/install/odometry_patcher_pkg/lib/python3.10/site-packages/odometry_patcher_pkg-0.1.0-py3.10.egg-info
[3.397s] running install_scripts
[3.446s] Installing odometry_covariance_patcher script to /home/rover/my_rover_ws/install/odometry_patcher_pkg/lib/odometry_patcher_pkg
[3.448s] writing list of installed files to '/home/rover/my_rover_ws/build/odometry_patcher_pkg/install.log'
[3.545s] Invoked command in '/home/rover/my_rover_ws/src/odometry_patcher_pkg' returned '0': PYTHONPATH=/home/rover/my_rover_ws/build/odometry_patcher_pkg/prefix_override:/usr/lib/python3/dist-packages/colcon_core/task/python/colcon_distutils_commands:/home/rover/my_rover_ws/install/odometry_patcher_pkg/lib/python3.10/site-packages:${PYTHONPATH} /usr/bin/python3 -W ignore:setup.py install is deprecated -W ignore:easy_install command is deprecated setup.py egg_info --egg-base ../../build/odometry_patcher_pkg build --build-base /home/rover/my_rover_ws/build/odometry_patcher_pkg/build install --record /home/rover/my_rover_ws/build/odometry_patcher_pkg/install.log --single-version-externally-managed install_data
