[4.491s] Invoking command in '/home/rover/my_rover_ws/build/joy_twist_bridge_pkg': PYTHONPATH=/home/rover/my_rover_ws/build/joy_twist_bridge_pkg/prefix_override:/usr/lib/python3/dist-packages/colcon_core/task/python/colcon_distutils_commands:/home/rover/my_rover_ws/install/joy_twist_bridge_pkg/lib/python3.10/site-packages:${PYTHONPATH} /usr/bin/python3 -W ignore:setup.py install is deprecated -W ignore:easy_install command is deprecated setup.py develop --editable --build-directory /home/rover/my_rover_ws/build/joy_twist_bridge_pkg/build --no-deps symlink_data
[5.193s] running develop
[5.710s] running egg_info
[5.711s] creating joy_twist_bridge_pkg.egg-info
[5.711s] writing joy_twist_bridge_pkg.egg-info/PKG-INFO
[5.712s] writing dependency_links to joy_twist_bridge_pkg.egg-info/dependency_links.txt
[5.712s] writing entry points to joy_twist_bridge_pkg.egg-info/entry_points.txt
[5.712s] writing requirements to joy_twist_bridge_pkg.egg-info/requires.txt
[5.712s] writing top-level names to joy_twist_bridge_pkg.egg-info/top_level.txt
[5.713s] writing manifest file 'joy_twist_bridge_pkg.egg-info/SOURCES.txt'
[5.719s] reading manifest file 'joy_twist_bridge_pkg.egg-info/SOURCES.txt'
[5.722s] writing manifest file 'joy_twist_bridge_pkg.egg-info/SOURCES.txt'
[5.729s] running build_ext
[5.730s] Creating /home/rover/my_rover_ws/install/joy_twist_bridge_pkg/lib/python3.10/site-packages/joy-twist-bridge-pkg.egg-link (link to .)
[5.732s] Installing joy_to_twist script to /home/rover/my_rover_ws/install/joy_twist_bridge_pkg/lib/joy_twist_bridge_pkg
[5.733s] 
[5.733s] Installed /home/rover/my_rover_ws/build/joy_twist_bridge_pkg
[5.733s] running symlink_data
[5.733s] creating /home/rover/my_rover_ws/install/joy_twist_bridge_pkg/share/ament_index
[5.734s] creating /home/rover/my_rover_ws/install/joy_twist_bridge_pkg/share/ament_index/resource_index
[5.734s] creating /home/rover/my_rover_ws/install/joy_twist_bridge_pkg/share/ament_index/resource_index/packages
[5.734s] symbolically linking /home/rover/my_rover_ws/build/joy_twist_bridge_pkg/resource/joy_twist_bridge_pkg -> /home/rover/my_rover_ws/install/joy_twist_bridge_pkg/share/ament_index/resource_index/packages
[5.734s] symbolically linking /home/rover/my_rover_ws/build/joy_twist_bridge_pkg/package.xml -> /home/rover/my_rover_ws/install/joy_twist_bridge_pkg/share/joy_twist_bridge_pkg
[5.735s] creating /home/rover/my_rover_ws/install/joy_twist_bridge_pkg/share/joy_twist_bridge_pkg/launch
[5.735s] symbolically linking /home/rover/my_rover_ws/build/joy_twist_bridge_pkg/launch/joy.launch.py -> /home/rover/my_rover_ws/install/joy_twist_bridge_pkg/share/joy_twist_bridge_pkg/launch
[6.330s] Invoked command in '/home/rover/my_rover_ws/build/joy_twist_bridge_pkg' returned '0': PYTHONPATH=/home/rover/my_rover_ws/build/joy_twist_bridge_pkg/prefix_override:/usr/lib/python3/dist-packages/colcon_core/task/python/colcon_distutils_commands:/home/rover/my_rover_ws/install/joy_twist_bridge_pkg/lib/python3.10/site-packages:${PYTHONPATH} /usr/bin/python3 -W ignore:setup.py install is deprecated -W ignore:easy_install command is deprecated setup.py develop --editable --build-directory /home/rover/my_rover_ws/build/joy_twist_bridge_pkg/build --no-deps symlink_data
