[2.752s] Invoking command in '/home/rover/my_rover_ws/src/ps_serial_utils_pkg': PYTHONPATH=/home/rover/my_rover_ws/build/ps_serial_utils_pkg/prefix_override:/usr/lib/python3/dist-packages/colcon_core/task/python/colcon_distutils_commands:/home/rover/my_rover_ws/install/ps_serial_utils_pkg/lib/python3.10/site-packages:${PYTHONPATH} /usr/bin/python3 -W ignore:setup.py install is deprecated -W ignore:easy_install command is deprecated setup.py egg_info --egg-base ../../build/ps_serial_utils_pkg build --build-base /home/rover/my_rover_ws/build/ps_serial_utils_pkg/build install --record /home/rover/my_rover_ws/build/ps_serial_utils_pkg/install.log --single-version-externally-managed install_data
[3.294s] running egg_info
[3.295s] writing ../../build/ps_serial_utils_pkg/ps_serial_utils_pkg.egg-info/PKG-INFO
[3.296s] writing dependency_links to ../../build/ps_serial_utils_pkg/ps_serial_utils_pkg.egg-info/dependency_links.txt
[3.296s] writing entry points to ../../build/ps_serial_utils_pkg/ps_serial_utils_pkg.egg-info/entry_points.txt
[3.297s] writing requirements to ../../build/ps_serial_utils_pkg/ps_serial_utils_pkg.egg-info/requires.txt
[3.297s] writing top-level names to ../../build/ps_serial_utils_pkg/ps_serial_utils_pkg.egg-info/top_level.txt
[3.301s] reading manifest file '../../build/ps_serial_utils_pkg/ps_serial_utils_pkg.egg-info/SOURCES.txt'
[3.302s] writing manifest file '../../build/ps_serial_utils_pkg/ps_serial_utils_pkg.egg-info/SOURCES.txt'
[3.303s] running build
[3.303s] running build_py
[3.303s] running install
[3.304s] running install_lib
[3.309s] running install_data
[3.309s] running install_egg_info
[3.313s] removing '/home/rover/my_rover_ws/install/ps_serial_utils_pkg/lib/python3.10/site-packages/ps_serial_utils_pkg-0.0.0-py3.10.egg-info' (and everything under it)
[3.314s] Copying ../../build/ps_serial_utils_pkg/ps_serial_utils_pkg.egg-info to /home/rover/my_rover_ws/install/ps_serial_utils_pkg/lib/python3.10/site-packages/ps_serial_utils_pkg-0.0.0-py3.10.egg-info
[3.316s] running install_scripts
[3.362s] writing list of installed files to '/home/rover/my_rover_ws/build/ps_serial_utils_pkg/install.log'
[3.434s] Invoked command in '/home/rover/my_rover_ws/src/ps_serial_utils_pkg' returned '0': PYTHONPATH=/home/rover/my_rover_ws/build/ps_serial_utils_pkg/prefix_override:/usr/lib/python3/dist-packages/colcon_core/task/python/colcon_distutils_commands:/home/rover/my_rover_ws/install/ps_serial_utils_pkg/lib/python3.10/site-packages:${PYTHONPATH} /usr/bin/python3 -W ignore:setup.py install is deprecated -W ignore:easy_install command is deprecated setup.py egg_info --egg-base ../../build/ps_serial_utils_pkg build --build-base /home/rover/my_rover_ws/build/ps_serial_utils_pkg/build install --record /home/rover/my_rover_ws/build/ps_serial_utils_pkg/install.log --single-version-externally-managed install_data
