[4.617s] Invoking command in '/home/rover/my_rover_ws/src/four_leds_control_pkg': PYTHONPATH=/home/rover/my_rover_ws/build/four_leds_control_pkg/prefix_override:/usr/lib/python3/dist-packages/colcon_core/task/python/colcon_distutils_commands:/home/rover/my_rover_ws/install/four_leds_control_pkg/lib/python3.10/site-packages:${PYTHONPATH} /usr/bin/python3 -W ignore:setup.py install is deprecated -W ignore:easy_install command is deprecated setup.py egg_info --egg-base ../../build/four_leds_control_pkg build --build-base /home/rover/my_rover_ws/build/four_leds_control_pkg/build install --record /home/rover/my_rover_ws/build/four_leds_control_pkg/install.log --single-version-externally-managed install_data
[5.230s] running egg_info
[5.234s] writing ../../build/four_leds_control_pkg/four_leds_control_pkg.egg-info/PKG-INFO
[5.235s] writing dependency_links to ../../build/four_leds_control_pkg/four_leds_control_pkg.egg-info/dependency_links.txt
[5.237s] writing entry points to ../../build/four_leds_control_pkg/four_leds_control_pkg.egg-info/entry_points.txt
[5.237s] writing requirements to ../../build/four_leds_control_pkg/four_leds_control_pkg.egg-info/requires.txt
[5.238s] writing top-level names to ../../build/four_leds_control_pkg/four_leds_control_pkg.egg-info/top_level.txt
[5.245s] reading manifest file '../../build/four_leds_control_pkg/four_leds_control_pkg.egg-info/SOURCES.txt'
[5.248s] writing manifest file '../../build/four_leds_control_pkg/four_leds_control_pkg.egg-info/SOURCES.txt'
[5.249s] running build
[5.249s] running build_py
[5.250s] running install
[5.252s] running install_lib
[5.261s] running install_data
[5.262s] running install_egg_info
[5.268s] removing '/home/rover/my_rover_ws/install/four_leds_control_pkg/lib/python3.10/site-packages/four_leds_control_pkg-0.0.0-py3.10.egg-info' (and everything under it)
[5.269s] Copying ../../build/four_leds_control_pkg/four_leds_control_pkg.egg-info to /home/rover/my_rover_ws/install/four_leds_control_pkg/lib/python3.10/site-packages/four_leds_control_pkg-0.0.0-py3.10.egg-info
[5.272s] running install_scripts
[5.332s] Installing joystick_4_buttons script to /home/rover/my_rover_ws/install/four_leds_control_pkg/lib/four_leds_control_pkg
[5.333s] writing list of installed files to '/home/rover/my_rover_ws/build/four_leds_control_pkg/install.log'
[6.066s] Invoked command in '/home/rover/my_rover_ws/src/four_leds_control_pkg' returned '0': PYTHONPATH=/home/rover/my_rover_ws/build/four_leds_control_pkg/prefix_override:/usr/lib/python3/dist-packages/colcon_core/task/python/colcon_distutils_commands:/home/rover/my_rover_ws/install/four_leds_control_pkg/lib/python3.10/site-packages:${PYTHONPATH} /usr/bin/python3 -W ignore:setup.py install is deprecated -W ignore:easy_install command is deprecated setup.py egg_info --egg-base ../../build/four_leds_control_pkg build --build-base /home/rover/my_rover_ws/build/four_leds_control_pkg/build install --record /home/rover/my_rover_ws/build/four_leds_control_pkg/install.log --single-version-externally-managed install_data
