[0.768s] Invoking command in '/home/rover/my_rover_ws/build/rplidar_ros': CMAKE_PREFIX_PATH=${CMAKE_PREFIX_PATH}:/home/rover/my_rover_ws/install/vertical_lidar_logger_pkg:/home/rover/my_rover_ws/install/ps_serial_utils_pkg:/home/rover/my_rover_ws/install/pan_tilt_control_pkg:/home/rover/my_rover_ws/install/my_rover_launch_pkg:/home/rover/my_rover_ws/install/lidar_safety_pkg:/home/rover/my_rover_ws/install/keyboard_controller_pkg:/home/rover/my_rover_ws/install/joy_twist_bridge_pkg:/home/rover/my_rover_ws/install/gps_navigator_pkg:/home/rover/my_rover_ws/install/four_leds_control_pkg:/opt/ros/humble /usr/bin/cmake /home/rover/my_rover_ws/src/rplidar_ros -DAMENT_CMAKE_SYMLINK_INSTALL=1 -DCMAKE_INSTALL_PREFIX=/home/rover/my_rover_ws/install/rplidar_ros
[1.448s] -- Found ament_cmake: 1.3.11 (/opt/ros/humble/share/ament_cmake/cmake)
[1.449s] -- Override CMake install command with custom implementation using symlinks instead of copying resources
[1.449s] -- Found rclcpp: 16.0.12 (/opt/ros/humble/share/rclcpp/cmake)
[1.449s] -- Found rosidl_generator_c: 3.1.6 (/opt/ros/humble/share/rosidl_generator_c/cmake)
[1.449s] -- Found rosidl_adapter: 3.1.6 (/opt/ros/humble/share/rosidl_adapter/cmake)
[1.449s] -- Found rosidl_generator_cpp: 3.1.6 (/opt/ros/humble/share/rosidl_generator_cpp/cmake)
[1.450s] -- Using all available rosidl_typesupport_c: rosidl_typesupport_fastrtps_c;rosidl_typesupport_introspection_c
[1.450s] -- Using all available rosidl_typesupport_cpp: rosidl_typesupport_fastrtps_cpp;rosidl_typesupport_introspection_cpp
[1.450s] -- Found rmw_implementation_cmake: 6.1.2 (/opt/ros/humble/share/rmw_implementation_cmake/cmake)
[1.450s] -- Found rmw_cyclonedds_cpp: 1.3.4 (/opt/ros/humble/share/rmw_cyclonedds_cpp/cmake)
[1.499s] -- Using RMW implementation 'rmw_cyclonedds_cpp' as default
[1.625s] -- Found sensor_msgs: 4.8.0 (/opt/ros/humble/share/sensor_msgs/cmake)
[1.697s] -- Found std_srvs: 4.8.0 (/opt/ros/humble/share/std_srvs/cmake)
[1.953s] -- Configuring done
[2.014s] -- Generating done
[2.031s] -- Build files have been written to: /home/rover/my_rover_ws/build/rplidar_ros
[2.057s] Invoked command in '/home/rover/my_rover_ws/build/rplidar_ros' returned '0': CMAKE_PREFIX_PATH=${CMAKE_PREFIX_PATH}:/home/rover/my_rover_ws/install/vertical_lidar_logger_pkg:/home/rover/my_rover_ws/install/ps_serial_utils_pkg:/home/rover/my_rover_ws/install/pan_tilt_control_pkg:/home/rover/my_rover_ws/install/my_rover_launch_pkg:/home/rover/my_rover_ws/install/lidar_safety_pkg:/home/rover/my_rover_ws/install/keyboard_controller_pkg:/home/rover/my_rover_ws/install/joy_twist_bridge_pkg:/home/rover/my_rover_ws/install/gps_navigator_pkg:/home/rover/my_rover_ws/install/four_leds_control_pkg:/opt/ros/humble /usr/bin/cmake /home/rover/my_rover_ws/src/rplidar_ros -DAMENT_CMAKE_SYMLINK_INSTALL=1 -DCMAKE_INSTALL_PREFIX=/home/rover/my_rover_ws/install/rplidar_ros
[2.058s] Invoking command in '/home/rover/my_rover_ws/build/rplidar_ros': CMAKE_PREFIX_PATH=${CMAKE_PREFIX_PATH}:/home/rover/my_rover_ws/install/vertical_lidar_logger_pkg:/home/rover/my_rover_ws/install/ps_serial_utils_pkg:/home/rover/my_rover_ws/install/pan_tilt_control_pkg:/home/rover/my_rover_ws/install/my_rover_launch_pkg:/home/rover/my_rover_ws/install/lidar_safety_pkg:/home/rover/my_rover_ws/install/keyboard_controller_pkg:/home/rover/my_rover_ws/install/joy_twist_bridge_pkg:/home/rover/my_rover_ws/install/gps_navigator_pkg:/home/rover/my_rover_ws/install/four_leds_control_pkg:/opt/ros/humble /usr/bin/cmake --build /home/rover/my_rover_ws/build/rplidar_ros -- -j6 -l6
[2.186s] [35m[1mConsolidate compiler generated dependencies of target rplidar_node[0m
[2.232s] [35m[1mConsolidate compiler generated dependencies of target rplidar_client[0m
[2.242s] [35m[1mConsolidate compiler generated dependencies of target rplidar_composition[0m
[2.304s] [ 47%] Built target rplidar_node
[2.323s] [ 52%] Built target rplidar_client
[2.397s] [100%] Built target rplidar_composition
[2.456s] Invoked command in '/home/rover/my_rover_ws/build/rplidar_ros' returned '0': CMAKE_PREFIX_PATH=${CMAKE_PREFIX_PATH}:/home/rover/my_rover_ws/install/vertical_lidar_logger_pkg:/home/rover/my_rover_ws/install/ps_serial_utils_pkg:/home/rover/my_rover_ws/install/pan_tilt_control_pkg:/home/rover/my_rover_ws/install/my_rover_launch_pkg:/home/rover/my_rover_ws/install/lidar_safety_pkg:/home/rover/my_rover_ws/install/keyboard_controller_pkg:/home/rover/my_rover_ws/install/joy_twist_bridge_pkg:/home/rover/my_rover_ws/install/gps_navigator_pkg:/home/rover/my_rover_ws/install/four_leds_control_pkg:/opt/ros/humble /usr/bin/cmake --build /home/rover/my_rover_ws/build/rplidar_ros -- -j6 -l6
[2.482s] Invoking command in '/home/rover/my_rover_ws/build/rplidar_ros': CMAKE_PREFIX_PATH=${CMAKE_PREFIX_PATH}:/home/rover/my_rover_ws/install/vertical_lidar_logger_pkg:/home/rover/my_rover_ws/install/ps_serial_utils_pkg:/home/rover/my_rover_ws/install/pan_tilt_control_pkg:/home/rover/my_rover_ws/install/my_rover_launch_pkg:/home/rover/my_rover_ws/install/lidar_safety_pkg:/home/rover/my_rover_ws/install/keyboard_controller_pkg:/home/rover/my_rover_ws/install/joy_twist_bridge_pkg:/home/rover/my_rover_ws/install/gps_navigator_pkg:/home/rover/my_rover_ws/install/four_leds_control_pkg:/opt/ros/humble /usr/bin/cmake --install /home/rover/my_rover_ws/build/rplidar_ros
[2.501s] -- Install configuration: ""
[2.503s] -- Execute custom install script
[2.505s] -- Up-to-date symlink: /home/rover/my_rover_ws/install/rplidar_ros/share/rplidar_ros/launch/rplidar_a1_launch.py
[2.506s] -- Up-to-date symlink: /home/rover/my_rover_ws/install/rplidar_ros/share/rplidar_ros/launch/rplidar_a2m12_launch.py
[2.508s] -- Up-to-date symlink: /home/rover/my_rover_ws/install/rplidar_ros/share/rplidar_ros/launch/rplidar_a2m7_launch.py
[2.509s] -- Up-to-date symlink: /home/rover/my_rover_ws/install/rplidar_ros/share/rplidar_ros/launch/rplidar_a2m8_launch.py
[2.510s] -- Up-to-date symlink: /home/rover/my_rover_ws/install/rplidar_ros/share/rplidar_ros/launch/rplidar_a3_launch.py
[2.511s] -- Up-to-date symlink: /home/rover/my_rover_ws/install/rplidar_ros/share/rplidar_ros/launch/rplidar_c1_launch.py
[2.512s] -- Up-to-date symlink: /home/rover/my_rover_ws/install/rplidar_ros/share/rplidar_ros/launch/rplidar_s1_launch.py
[2.514s] -- Up-to-date symlink: /home/rover/my_rover_ws/install/rplidar_ros/share/rplidar_ros/launch/rplidar_s1_tcp_launch.py
[2.515s] -- Up-to-date symlink: /home/rover/my_rover_ws/install/rplidar_ros/share/rplidar_ros/launch/rplidar_s2_launch.py
[2.519s] -- Up-to-date symlink: /home/rover/my_rover_ws/install/rplidar_ros/share/rplidar_ros/launch/rplidar_s2e_launch.py
[2.521s] -- Up-to-date symlink: /home/rover/my_rover_ws/install/rplidar_ros/share/rplidar_ros/launch/rplidar_s3_launch.py
[2.521s] -- Up-to-date symlink: /home/rover/my_rover_ws/install/rplidar_ros/share/rplidar_ros/launch/rplidar_t1_launch.py
[2.522s] -- Up-to-date symlink: /home/rover/my_rover_ws/install/rplidar_ros/share/rplidar_ros/launch/view_rplidar_a1_launch.py
[2.524s] -- Up-to-date symlink: /home/rover/my_rover_ws/install/rplidar_ros/share/rplidar_ros/launch/view_rplidar_a2m12_launch.py
[2.525s] -- Up-to-date symlink: /home/rover/my_rover_ws/install/rplidar_ros/share/rplidar_ros/launch/view_rplidar_a2m7_launch.py
[2.526s] -- Up-to-date symlink: /home/rover/my_rover_ws/install/rplidar_ros/share/rplidar_ros/launch/view_rplidar_a2m8_launch.py
[2.527s] -- Up-to-date symlink: /home/rover/my_rover_ws/install/rplidar_ros/share/rplidar_ros/launch/view_rplidar_a3_launch.py
[2.528s] -- Up-to-date symlink: /home/rover/my_rover_ws/install/rplidar_ros/share/rplidar_ros/launch/view_rplidar_c1_launch.py
[2.529s] -- Up-to-date symlink: /home/rover/my_rover_ws/install/rplidar_ros/share/rplidar_ros/launch/view_rplidar_s1_launch.py
[2.531s] -- Up-to-date symlink: /home/rover/my_rover_ws/install/rplidar_ros/share/rplidar_ros/launch/view_rplidar_s1_tcp_launch.py
[2.531s] -- Up-to-date symlink: /home/rover/my_rover_ws/install/rplidar_ros/share/rplidar_ros/launch/view_rplidar_s2_launch.py
[2.531s] -- Up-to-date symlink: /home/rover/my_rover_ws/install/rplidar_ros/share/rplidar_ros/launch/view_rplidar_s2e_launch.py
[2.533s] -- Up-to-date symlink: /home/rover/my_rover_ws/install/rplidar_ros/share/rplidar_ros/launch/view_rplidar_s3_launch.py
[2.534s] -- Up-to-date symlink: /home/rover/my_rover_ws/install/rplidar_ros/share/rplidar_ros/launch/view_rplidar_t1_launch.py
[2.535s] -- Up-to-date symlink: /home/rover/my_rover_ws/install/rplidar_ros/share/rplidar_ros/rviz/rplidar_ros.rviz
[2.537s] -- Up-to-date symlink: /home/rover/my_rover_ws/install/rplidar_ros/lib/rplidar_ros/rplidar_node
[2.539s] -- Up-to-date symlink: /home/rover/my_rover_ws/install/rplidar_ros/lib/rplidar_ros/rplidar_composition
[2.540s] -- Up-to-date symlink: /home/rover/my_rover_ws/install/rplidar_ros/lib/rplidar_ros/rplidar_client
[2.542s] -- Up-to-date symlink: /home/rover/my_rover_ws/install/rplidar_ros/share/ament_index/resource_index/package_run_dependencies/rplidar_ros
[2.543s] -- Up-to-date symlink: /home/rover/my_rover_ws/install/rplidar_ros/share/ament_index/resource_index/parent_prefix_path/rplidar_ros
[2.544s] -- Up-to-date symlink: /home/rover/my_rover_ws/install/rplidar_ros/share/rplidar_ros/environment/ament_prefix_path.sh
[2.545s] -- Up-to-date symlink: /home/rover/my_rover_ws/install/rplidar_ros/share/rplidar_ros/environment/ament_prefix_path.dsv
[2.547s] -- Up-to-date symlink: /home/rover/my_rover_ws/install/rplidar_ros/share/rplidar_ros/environment/path.sh
[2.548s] -- Up-to-date symlink: /home/rover/my_rover_ws/install/rplidar_ros/share/rplidar_ros/environment/path.dsv
[2.548s] -- Up-to-date symlink: /home/rover/my_rover_ws/install/rplidar_ros/share/rplidar_ros/local_setup.bash
[2.550s] -- Up-to-date symlink: /home/rover/my_rover_ws/install/rplidar_ros/share/rplidar_ros/local_setup.sh
[2.551s] -- Up-to-date symlink: /home/rover/my_rover_ws/install/rplidar_ros/share/rplidar_ros/local_setup.zsh
[2.552s] -- Up-to-date symlink: /home/rover/my_rover_ws/install/rplidar_ros/share/rplidar_ros/local_setup.dsv
[2.553s] -- Symlinking: /home/rover/my_rover_ws/install/rplidar_ros/share/rplidar_ros/package.dsv
[2.604s] -- Up-to-date symlink: /home/rover/my_rover_ws/install/rplidar_ros/share/ament_index/resource_index/packages/rplidar_ros
[2.605s] -- Up-to-date symlink: /home/rover/my_rover_ws/install/rplidar_ros/share/rplidar_ros/cmake/ament_cmake_export_dependencies-extras.cmake
[2.605s] -- Up-to-date symlink: /home/rover/my_rover_ws/install/rplidar_ros/share/rplidar_ros/cmake/ament_cmake_export_include_directories-extras.cmake
[2.605s] -- Up-to-date symlink: /home/rover/my_rover_ws/install/rplidar_ros/share/rplidar_ros/cmake/rplidar_rosConfig.cmake
[2.605s] -- Up-to-date symlink: /home/rover/my_rover_ws/install/rplidar_ros/share/rplidar_ros/cmake/rplidar_rosConfig-version.cmake
[2.605s] -- Up-to-date symlink: /home/rover/my_rover_ws/install/rplidar_ros/share/rplidar_ros/package.xml
[2.617s] Invoked command in '/home/rover/my_rover_ws/build/rplidar_ros' returned '0': CMAKE_PREFIX_PATH=${CMAKE_PREFIX_PATH}:/home/rover/my_rover_ws/install/vertical_lidar_logger_pkg:/home/rover/my_rover_ws/install/ps_serial_utils_pkg:/home/rover/my_rover_ws/install/pan_tilt_control_pkg:/home/rover/my_rover_ws/install/my_rover_launch_pkg:/home/rover/my_rover_ws/install/lidar_safety_pkg:/home/rover/my_rover_ws/install/keyboard_controller_pkg:/home/rover/my_rover_ws/install/joy_twist_bridge_pkg:/home/rover/my_rover_ws/install/gps_navigator_pkg:/home/rover/my_rover_ws/install/four_leds_control_pkg:/opt/ros/humble /usr/bin/cmake --install /home/rover/my_rover_ws/build/rplidar_ros
