[3.323s] Invoking command in '/home/rover/my_rover_ws/src/gps_navigator_pkg': PYTHONPATH=/home/rover/my_rover_ws/src/build/gps_navigator_pkg/prefix_override:/usr/lib/python3/dist-packages/colcon_core/task/python/colcon_distutils_commands:/home/rover/my_rover_ws/src/install/gps_navigator_pkg/lib/python3.10/site-packages:${PYTHONPATH} /usr/bin/python3 -W ignore:setup.py install is deprecated -W ignore:easy_install command is deprecated setup.py egg_info --egg-base ../build/gps_navigator_pkg build --build-base /home/rover/my_rover_ws/src/build/gps_navigator_pkg/build install --record /home/rover/my_rover_ws/src/build/gps_navigator_pkg/install.log --single-version-externally-managed install_data
[3.932s] running egg_info
[3.934s] creating ../build/gps_navigator_pkg/gps_navigator_pkg.egg-info
[3.934s] writing ../build/gps_navigator_pkg/gps_navigator_pkg.egg-info/PKG-INFO
[3.935s] writing dependency_links to ../build/gps_navigator_pkg/gps_navigator_pkg.egg-info/dependency_links.txt
[3.935s] writing entry points to ../build/gps_navigator_pkg/gps_navigator_pkg.egg-info/entry_points.txt
[3.935s] writing requirements to ../build/gps_navigator_pkg/gps_navigator_pkg.egg-info/requires.txt
[3.935s] writing top-level names to ../build/gps_navigator_pkg/gps_navigator_pkg.egg-info/top_level.txt
[3.936s] writing manifest file '../build/gps_navigator_pkg/gps_navigator_pkg.egg-info/SOURCES.txt'
[3.940s] reading manifest file '../build/gps_navigator_pkg/gps_navigator_pkg.egg-info/SOURCES.txt'
[3.942s] writing manifest file '../build/gps_navigator_pkg/gps_navigator_pkg.egg-info/SOURCES.txt'
[3.942s] running build
[3.942s] running build_py
[3.942s] creating /home/rover/my_rover_ws/src/build/gps_navigator_pkg/build
[3.943s] creating /home/rover/my_rover_ws/src/build/gps_navigator_pkg/build/lib
[3.943s] creating /home/rover/my_rover_ws/src/build/gps_navigator_pkg/build/lib/gps_navigator_pkg
[3.943s] copying gps_navigator_pkg/__init__.py -> /home/rover/my_rover_ws/src/build/gps_navigator_pkg/build/lib/gps_navigator_pkg
[3.943s] running install
[3.944s] running install_lib
[3.948s] creating /home/rover/my_rover_ws/src/install/gps_navigator_pkg/lib/python3.10/site-packages/gps_navigator_pkg
[3.948s] copying /home/rover/my_rover_ws/src/build/gps_navigator_pkg/build/lib/gps_navigator_pkg/__init__.py -> /home/rover/my_rover_ws/src/install/gps_navigator_pkg/lib/python3.10/site-packages/gps_navigator_pkg
[3.956s] byte-compiling /home/rover/my_rover_ws/src/install/gps_navigator_pkg/lib/python3.10/site-packages/gps_navigator_pkg/__init__.py to __init__.cpython-310.pyc
[3.956s] running install_data
[3.957s] creating /home/rover/my_rover_ws/src/install/gps_navigator_pkg/share/ament_index
[3.957s] creating /home/rover/my_rover_ws/src/install/gps_navigator_pkg/share/ament_index/resource_index
[3.957s] creating /home/rover/my_rover_ws/src/install/gps_navigator_pkg/share/ament_index/resource_index/packages
[3.957s] copying resource/gps_navigator_pkg -> /home/rover/my_rover_ws/src/install/gps_navigator_pkg/share/ament_index/resource_index/packages
[3.958s] copying package.xml -> /home/rover/my_rover_ws/src/install/gps_navigator_pkg/share/gps_navigator_pkg
[3.958s] running install_egg_info
[3.960s] Copying ../build/gps_navigator_pkg/gps_navigator_pkg.egg-info to /home/rover/my_rover_ws/src/install/gps_navigator_pkg/lib/python3.10/site-packages/gps_navigator_pkg-0.0.0-py3.10.egg-info
[3.961s] running install_scripts
[4.016s] writing list of installed files to '/home/rover/my_rover_ws/src/build/gps_navigator_pkg/install.log'
[4.135s] Invoked command in '/home/rover/my_rover_ws/src/gps_navigator_pkg' returned '0': PYTHONPATH=/home/rover/my_rover_ws/src/build/gps_navigator_pkg/prefix_override:/usr/lib/python3/dist-packages/colcon_core/task/python/colcon_distutils_commands:/home/rover/my_rover_ws/src/install/gps_navigator_pkg/lib/python3.10/site-packages:${PYTHONPATH} /usr/bin/python3 -W ignore:setup.py install is deprecated -W ignore:easy_install command is deprecated setup.py egg_info --egg-base ../build/gps_navigator_pkg build --build-base /home/rover/my_rover_ws/src/build/gps_navigator_pkg/build install --record /home/rover/my_rover_ws/src/build/gps_navigator_pkg/install.log --single-version-externally-managed install_data
