[5.691s] Invoking command in '/home/rover/my_rover_ws/src/joy_twist_bridge_pkg': PYTHONPATH=/home/rover/my_rover_ws/build/joy_twist_bridge_pkg/prefix_override:/usr/lib/python3/dist-packages/colcon_core/task/python/colcon_distutils_commands:/home/rover/my_rover_ws/install/joy_twist_bridge_pkg/lib/python3.10/site-packages:${PYTHONPATH} /usr/bin/python3 -W ignore:setup.py install is deprecated -W ignore:easy_install command is deprecated setup.py egg_info --egg-base ../../build/joy_twist_bridge_pkg build --build-base /home/rover/my_rover_ws/build/joy_twist_bridge_pkg/build install --record /home/rover/my_rover_ws/build/joy_twist_bridge_pkg/install.log --single-version-externally-managed install_data
[6.606s] running egg_info
[6.615s] writing ../../build/joy_twist_bridge_pkg/joy_twist_bridge_pkg.egg-info/PKG-INFO
[6.615s] writing dependency_links to ../../build/joy_twist_bridge_pkg/joy_twist_bridge_pkg.egg-info/dependency_links.txt
[6.616s] writing entry points to ../../build/joy_twist_bridge_pkg/joy_twist_bridge_pkg.egg-info/entry_points.txt
[6.616s] writing requirements to ../../build/joy_twist_bridge_pkg/joy_twist_bridge_pkg.egg-info/requires.txt
[6.623s] writing top-level names to ../../build/joy_twist_bridge_pkg/joy_twist_bridge_pkg.egg-info/top_level.txt
[6.628s] reading manifest file '../../build/joy_twist_bridge_pkg/joy_twist_bridge_pkg.egg-info/SOURCES.txt'
[6.631s] writing manifest file '../../build/joy_twist_bridge_pkg/joy_twist_bridge_pkg.egg-info/SOURCES.txt'
[6.631s] running build
[6.631s] running build_py
[6.632s] running install
[6.633s] running install_lib
[6.643s] running install_data
[6.643s] running install_egg_info
[6.648s] removing '/home/rover/my_rover_ws/install/joy_twist_bridge_pkg/lib/python3.10/site-packages/joy_twist_bridge_pkg-0.0.0-py3.10.egg-info' (and everything under it)
[6.649s] Copying ../../build/joy_twist_bridge_pkg/joy_twist_bridge_pkg.egg-info to /home/rover/my_rover_ws/install/joy_twist_bridge_pkg/lib/python3.10/site-packages/joy_twist_bridge_pkg-0.0.0-py3.10.egg-info
[6.655s] running install_scripts
[6.720s] Installing joy_to_twist script to /home/rover/my_rover_ws/install/joy_twist_bridge_pkg/lib/joy_twist_bridge_pkg
[6.723s] writing list of installed files to '/home/rover/my_rover_ws/build/joy_twist_bridge_pkg/install.log'
[7.417s] Invoked command in '/home/rover/my_rover_ws/src/joy_twist_bridge_pkg' returned '0': PYTHONPATH=/home/rover/my_rover_ws/build/joy_twist_bridge_pkg/prefix_override:/usr/lib/python3/dist-packages/colcon_core/task/python/colcon_distutils_commands:/home/rover/my_rover_ws/install/joy_twist_bridge_pkg/lib/python3.10/site-packages:${PYTHONPATH} /usr/bin/python3 -W ignore:setup.py install is deprecated -W ignore:easy_install command is deprecated setup.py egg_info --egg-base ../../build/joy_twist_bridge_pkg build --build-base /home/rover/my_rover_ws/build/joy_twist_bridge_pkg/build install --record /home/rover/my_rover_ws/build/joy_twist_bridge_pkg/install.log --single-version-externally-managed install_data
