[2.724s] Invoking command in '/home/rover/my_rover_ws/src/odometry_patcher_pkg': PYTHONPATH=/home/rover/my_rover_ws/build/odometry_patcher_pkg/prefix_override:/usr/lib/python3/dist-packages/colcon_core/task/python/colcon_distutils_commands:/home/rover/my_rover_ws/install/odometry_patcher_pkg/lib/python3.10/site-packages:${PYTHONPATH} /usr/bin/python3 -W ignore:setup.py install is deprecated -W ignore:easy_install command is deprecated setup.py egg_info --egg-base ../../build/odometry_patcher_pkg build --build-base /home/rover/my_rover_ws/build/odometry_patcher_pkg/build install --record /home/rover/my_rover_ws/build/odometry_patcher_pkg/install.log --single-version-externally-managed install_data
[3.273s] running egg_info
[3.275s] writing ../../build/odometry_patcher_pkg/odometry_patcher_pkg.egg-info/PKG-INFO
[3.275s] writing dependency_links to ../../build/odometry_patcher_pkg/odometry_patcher_pkg.egg-info/dependency_links.txt
[3.276s] writing entry points to ../../build/odometry_patcher_pkg/odometry_patcher_pkg.egg-info/entry_points.txt
[3.276s] writing requirements to ../../build/odometry_patcher_pkg/odometry_patcher_pkg.egg-info/requires.txt
[3.276s] writing top-level names to ../../build/odometry_patcher_pkg/odometry_patcher_pkg.egg-info/top_level.txt
[3.280s] reading manifest file '../../build/odometry_patcher_pkg/odometry_patcher_pkg.egg-info/SOURCES.txt'
[3.282s] writing manifest file '../../build/odometry_patcher_pkg/odometry_patcher_pkg.egg-info/SOURCES.txt'
[3.282s] running build
[3.283s] running build_py
[3.283s] copying odometry_patcher_pkg/odometry_covariance_patcher.py -> /home/rover/my_rover_ws/build/odometry_patcher_pkg/build/lib/odometry_patcher_pkg
[3.283s] running install
[3.284s] running install_lib
[3.286s] copying /home/rover/my_rover_ws/build/odometry_patcher_pkg/build/lib/odometry_patcher_pkg/odometry_covariance_patcher.py -> /home/rover/my_rover_ws/install/odometry_patcher_pkg/lib/python3.10/site-packages/odometry_patcher_pkg
[3.292s] byte-compiling /home/rover/my_rover_ws/install/odometry_patcher_pkg/lib/python3.10/site-packages/odometry_patcher_pkg/odometry_covariance_patcher.py to odometry_covariance_patcher.cpython-310.pyc
[3.292s] running install_data
[3.292s] running install_egg_info
[3.296s] removing '/home/rover/my_rover_ws/install/odometry_patcher_pkg/lib/python3.10/site-packages/odometry_patcher_pkg-0.1.0-py3.10.egg-info' (and everything under it)
[3.297s] Copying ../../build/odometry_patcher_pkg/odometry_patcher_pkg.egg-info to /home/rover/my_rover_ws/install/odometry_patcher_pkg/lib/python3.10/site-packages/odometry_patcher_pkg-0.1.0-py3.10.egg-info
[3.299s] running install_scripts
[3.346s] Installing odometry_covariance_patcher script to /home/rover/my_rover_ws/install/odometry_patcher_pkg/lib/odometry_patcher_pkg
[3.347s] writing list of installed files to '/home/rover/my_rover_ws/build/odometry_patcher_pkg/install.log'
[3.427s] Invoked command in '/home/rover/my_rover_ws/src/odometry_patcher_pkg' returned '0': PYTHONPATH=/home/rover/my_rover_ws/build/odometry_patcher_pkg/prefix_override:/usr/lib/python3/dist-packages/colcon_core/task/python/colcon_distutils_commands:/home/rover/my_rover_ws/install/odometry_patcher_pkg/lib/python3.10/site-packages:${PYTHONPATH} /usr/bin/python3 -W ignore:setup.py install is deprecated -W ignore:easy_install command is deprecated setup.py egg_info --egg-base ../../build/odometry_patcher_pkg build --build-base /home/rover/my_rover_ws/build/odometry_patcher_pkg/build install --record /home/rover/my_rover_ws/build/odometry_patcher_pkg/install.log --single-version-externally-managed install_data
