[2.332s] Invoking command in '/home/rover/my_rover_ws/src/pan_tilt_control_pkg': PYTHONPATH=/home/rover/my_rover_ws/build/pan_tilt_control_pkg/prefix_override:/usr/lib/python3/dist-packages/colcon_core/task/python/colcon_distutils_commands:/home/rover/my_rover_ws/install/pan_tilt_control_pkg/lib/python3.10/site-packages:${PYTHONPATH} /usr/bin/python3 -W ignore:setup.py install is deprecated -W ignore:easy_install command is deprecated setup.py egg_info --egg-base ../../build/pan_tilt_control_pkg build --build-base /home/rover/my_rover_ws/build/pan_tilt_control_pkg/build install --record /home/rover/my_rover_ws/build/pan_tilt_control_pkg/install.log --single-version-externally-managed install_data
[3.173s] running egg_info
[3.176s] writing ../../build/pan_tilt_control_pkg/pan_tilt_control_pkg.egg-info/PKG-INFO
[3.181s] writing dependency_links to ../../build/pan_tilt_control_pkg/pan_tilt_control_pkg.egg-info/dependency_links.txt
[3.181s] writing entry points to ../../build/pan_tilt_control_pkg/pan_tilt_control_pkg.egg-info/entry_points.txt
[3.181s] writing requirements to ../../build/pan_tilt_control_pkg/pan_tilt_control_pkg.egg-info/requires.txt
[3.181s] writing top-level names to ../../build/pan_tilt_control_pkg/pan_tilt_control_pkg.egg-info/top_level.txt
[3.187s] reading manifest file '../../build/pan_tilt_control_pkg/pan_tilt_control_pkg.egg-info/SOURCES.txt'
[3.188s] writing manifest file '../../build/pan_tilt_control_pkg/pan_tilt_control_pkg.egg-info/SOURCES.txt'
[3.188s] running build
[3.189s] running build_py
[3.189s] running install
[3.191s] running install_lib
[3.198s] running install_data
[3.199s] running install_egg_info
[3.202s] removing '/home/rover/my_rover_ws/install/pan_tilt_control_pkg/lib/python3.10/site-packages/pan_tilt_control_pkg-0.0.0-py3.10.egg-info' (and everything under it)
[3.207s] Copying ../../build/pan_tilt_control_pkg/pan_tilt_control_pkg.egg-info to /home/rover/my_rover_ws/install/pan_tilt_control_pkg/lib/python3.10/site-packages/pan_tilt_control_pkg-0.0.0-py3.10.egg-info
[3.208s] running install_scripts
[3.268s] Installing joystick_to_serial script to /home/rover/my_rover_ws/install/pan_tilt_control_pkg/lib/pan_tilt_control_pkg
[3.269s] writing list of installed files to '/home/rover/my_rover_ws/build/pan_tilt_control_pkg/install.log'
[3.385s] Invoked command in '/home/rover/my_rover_ws/src/pan_tilt_control_pkg' returned '0': PYTHONPATH=/home/rover/my_rover_ws/build/pan_tilt_control_pkg/prefix_override:/usr/lib/python3/dist-packages/colcon_core/task/python/colcon_distutils_commands:/home/rover/my_rover_ws/install/pan_tilt_control_pkg/lib/python3.10/site-packages:${PYTHONPATH} /usr/bin/python3 -W ignore:setup.py install is deprecated -W ignore:easy_install command is deprecated setup.py egg_info --egg-base ../../build/pan_tilt_control_pkg build --build-base /home/rover/my_rover_ws/build/pan_tilt_control_pkg/build install --record /home/rover/my_rover_ws/build/pan_tilt_control_pkg/install.log --single-version-externally-managed install_data
