running egg_info
creating ../build/my_rover_launch/my_rover_launch.egg-info
writing ../build/my_rover_launch/my_rover_launch.egg-info/PKG-INFO
writing dependency_links to ../build/my_rover_launch/my_rover_launch.egg-info/dependency_links.txt
writing entry points to ../build/my_rover_launch/my_rover_launch.egg-info/entry_points.txt
writing requirements to ../build/my_rover_launch/my_rover_launch.egg-info/requires.txt
writing top-level names to ../build/my_rover_launch/my_rover_launch.egg-info/top_level.txt
writing manifest file '../build/my_rover_launch/my_rover_launch.egg-info/SOURCES.txt'
reading manifest file '../build/my_rover_launch/my_rover_launch.egg-info/SOURCES.txt'
writing manifest file '../build/my_rover_launch/my_rover_launch.egg-info/SOURCES.txt'
running build
running build_py
creating /home/rover/my_rover_ws/src/build/my_rover_launch/build
creating /home/rover/my_rover_ws/src/build/my_rover_launch/build/lib
creating /home/rover/my_rover_ws/src/build/my_rover_launch/build/lib/my_rover_launch
copying my_rover_launch/__init__.py -> /home/rover/my_rover_ws/src/build/my_rover_launch/build/lib/my_rover_launch
running install
running install_lib
creating /home/rover/my_rover_ws/src/install/my_rover_launch/lib/python3.10/site-packages/my_rover_launch
copying /home/rover/my_rover_ws/src/build/my_rover_launch/build/lib/my_rover_launch/__init__.py -> /home/rover/my_rover_ws/src/install/my_rover_launch/lib/python3.10/site-packages/my_rover_launch
byte-compiling /home/rover/my_rover_ws/src/install/my_rover_launch/lib/python3.10/site-packages/my_rover_launch/__init__.py to __init__.cpython-310.pyc
running install_data
creating /home/rover/my_rover_ws/src/install/my_rover_launch/share/ament_index
creating /home/rover/my_rover_ws/src/install/my_rover_launch/share/ament_index/resource_index
creating /home/rover/my_rover_ws/src/install/my_rover_launch/share/ament_index/resource_index/packages
copying resource/my_rover_launch -> /home/rover/my_rover_ws/src/install/my_rover_launch/share/ament_index/resource_index/packages
copying package.xml -> /home/rover/my_rover_ws/src/install/my_rover_launch/share/my_rover_launch
creating /home/rover/my_rover_ws/src/install/my_rover_launch/share/my_rover_launch/launch
copying launch/lidar_and_rviz2.launch.py -> /home/rover/my_rover_ws/src/install/my_rover_launch/share/my_rover_launch/launch
running install_egg_info
Copying ../build/my_rover_launch/my_rover_launch.egg-info to /home/rover/my_rover_ws/src/install/my_rover_launch/lib/python3.10/site-packages/my_rover_launch-0.0.0-py3.10.egg-info
running install_scripts
writing list of installed files to '/home/rover/my_rover_ws/src/build/my_rover_launch/install.log'
