[3.245s] Invoking command in '/home/rover/my_rover_ws/src/my_rover_launch': PYTHONPATH=/home/rover/my_rover_ws/src/build/my_rover_launch/prefix_override:/usr/lib/python3/dist-packages/colcon_core/task/python/colcon_distutils_commands:/home/rover/my_rover_ws/src/install/my_rover_launch/lib/python3.10/site-packages:${PYTHONPATH} /usr/bin/python3 -W ignore:setup.py install is deprecated -W ignore:easy_install command is deprecated setup.py egg_info --egg-base ../build/my_rover_launch build --build-base /home/rover/my_rover_ws/src/build/my_rover_launch/build install --record /home/rover/my_rover_ws/src/build/my_rover_launch/install.log --single-version-externally-managed install_data
[3.841s] running egg_info
[3.843s] creating ../build/my_rover_launch/my_rover_launch.egg-info
[3.844s] writing ../build/my_rover_launch/my_rover_launch.egg-info/PKG-INFO
[3.846s] writing dependency_links to ../build/my_rover_launch/my_rover_launch.egg-info/dependency_links.txt
[3.846s] writing entry points to ../build/my_rover_launch/my_rover_launch.egg-info/entry_points.txt
[3.847s] writing requirements to ../build/my_rover_launch/my_rover_launch.egg-info/requires.txt
[3.847s] writing top-level names to ../build/my_rover_launch/my_rover_launch.egg-info/top_level.txt
[3.848s] writing manifest file '../build/my_rover_launch/my_rover_launch.egg-info/SOURCES.txt'
[3.853s] reading manifest file '../build/my_rover_launch/my_rover_launch.egg-info/SOURCES.txt'
[3.855s] writing manifest file '../build/my_rover_launch/my_rover_launch.egg-info/SOURCES.txt'
[3.856s] running build
[3.856s] running build_py
[3.857s] creating /home/rover/my_rover_ws/src/build/my_rover_launch/build
[3.857s] creating /home/rover/my_rover_ws/src/build/my_rover_launch/build/lib
[3.858s] creating /home/rover/my_rover_ws/src/build/my_rover_launch/build/lib/my_rover_launch
[3.858s] copying my_rover_launch/__init__.py -> /home/rover/my_rover_ws/src/build/my_rover_launch/build/lib/my_rover_launch
[3.859s] running install
[3.860s] running install_lib
[3.863s] creating /home/rover/my_rover_ws/src/install/my_rover_launch/lib/python3.10/site-packages/my_rover_launch
[3.863s] copying /home/rover/my_rover_ws/src/build/my_rover_launch/build/lib/my_rover_launch/__init__.py -> /home/rover/my_rover_ws/src/install/my_rover_launch/lib/python3.10/site-packages/my_rover_launch
[3.865s] byte-compiling /home/rover/my_rover_ws/src/install/my_rover_launch/lib/python3.10/site-packages/my_rover_launch/__init__.py to __init__.cpython-310.pyc
[3.866s] running install_data
[3.867s] creating /home/rover/my_rover_ws/src/install/my_rover_launch/share/ament_index
[3.867s] creating /home/rover/my_rover_ws/src/install/my_rover_launch/share/ament_index/resource_index
[3.867s] creating /home/rover/my_rover_ws/src/install/my_rover_launch/share/ament_index/resource_index/packages
[3.868s] copying resource/my_rover_launch -> /home/rover/my_rover_ws/src/install/my_rover_launch/share/ament_index/resource_index/packages
[3.868s] copying package.xml -> /home/rover/my_rover_ws/src/install/my_rover_launch/share/my_rover_launch
[3.869s] creating /home/rover/my_rover_ws/src/install/my_rover_launch/share/my_rover_launch/launch
[3.870s] copying launch/lidar_and_rviz2.launch.py -> /home/rover/my_rover_ws/src/install/my_rover_launch/share/my_rover_launch/launch
[3.870s] running install_egg_info
[3.875s] Copying ../build/my_rover_launch/my_rover_launch.egg-info to /home/rover/my_rover_ws/src/install/my_rover_launch/lib/python3.10/site-packages/my_rover_launch-0.0.0-py3.10.egg-info
[3.878s] running install_scripts
[3.931s] writing list of installed files to '/home/rover/my_rover_ws/src/build/my_rover_launch/install.log'
[4.052s] Invoked command in '/home/rover/my_rover_ws/src/my_rover_launch' returned '0': PYTHONPATH=/home/rover/my_rover_ws/src/build/my_rover_launch/prefix_override:/usr/lib/python3/dist-packages/colcon_core/task/python/colcon_distutils_commands:/home/rover/my_rover_ws/src/install/my_rover_launch/lib/python3.10/site-packages:${PYTHONPATH} /usr/bin/python3 -W ignore:setup.py install is deprecated -W ignore:easy_install command is deprecated setup.py egg_info --egg-base ../build/my_rover_launch build --build-base /home/rover/my_rover_ws/src/build/my_rover_launch/build install --record /home/rover/my_rover_ws/src/build/my_rover_launch/install.log --single-version-externally-managed install_data
