[4.571s] Invoking command in '/home/rover/my_rover_ws/src/keyboard_controller_pkg': PYTHONPATH=/home/rover/my_rover_ws/build/keyboard_controller_pkg/prefix_override:/usr/lib/python3/dist-packages/colcon_core/task/python/colcon_distutils_commands:/home/rover/my_rover_ws/install/keyboard_controller_pkg/lib/python3.10/site-packages:${PYTHONPATH} /usr/bin/python3 -W ignore:setup.py install is deprecated -W ignore:easy_install command is deprecated setup.py egg_info --egg-base ../../build/keyboard_controller_pkg build --build-base /home/rover/my_rover_ws/build/keyboard_controller_pkg/build install --record /home/rover/my_rover_ws/build/keyboard_controller_pkg/install.log --single-version-externally-managed install_data
[5.151s] running egg_info
[5.153s] writing ../../build/keyboard_controller_pkg/keyboard_controller_pkg.egg-info/PKG-INFO
[5.155s] writing dependency_links to ../../build/keyboard_controller_pkg/keyboard_controller_pkg.egg-info/dependency_links.txt
[5.157s] writing entry points to ../../build/keyboard_controller_pkg/keyboard_controller_pkg.egg-info/entry_points.txt
[5.175s] writing requirements to ../../build/keyboard_controller_pkg/keyboard_controller_pkg.egg-info/requires.txt
[5.175s] writing top-level names to ../../build/keyboard_controller_pkg/keyboard_controller_pkg.egg-info/top_level.txt
[5.180s] reading manifest file '../../build/keyboard_controller_pkg/keyboard_controller_pkg.egg-info/SOURCES.txt'
[5.182s] writing manifest file '../../build/keyboard_controller_pkg/keyboard_controller_pkg.egg-info/SOURCES.txt'
[5.193s] running build
[5.194s] running build_py
[5.194s] running install
[5.195s] running install_lib
[5.202s] running install_data
[5.202s] running install_egg_info
[5.206s] removing '/home/rover/my_rover_ws/install/keyboard_controller_pkg/lib/python3.10/site-packages/keyboard_controller_pkg-0.0.0-py3.10.egg-info' (and everything under it)
[5.207s] Copying ../../build/keyboard_controller_pkg/keyboard_controller_pkg.egg-info to /home/rover/my_rover_ws/install/keyboard_controller_pkg/lib/python3.10/site-packages/keyboard_controller_pkg-0.0.0-py3.10.egg-info
[5.210s] running install_scripts
[5.285s] Installing keyboard_teleop script to /home/rover/my_rover_ws/install/keyboard_controller_pkg/lib/keyboard_controller_pkg
[5.287s] writing list of installed files to '/home/rover/my_rover_ws/build/keyboard_controller_pkg/install.log'
[6.060s] Invoked command in '/home/rover/my_rover_ws/src/keyboard_controller_pkg' returned '0': PYTHONPATH=/home/rover/my_rover_ws/build/keyboard_controller_pkg/prefix_override:/usr/lib/python3/dist-packages/colcon_core/task/python/colcon_distutils_commands:/home/rover/my_rover_ws/install/keyboard_controller_pkg/lib/python3.10/site-packages:${PYTHONPATH} /usr/bin/python3 -W ignore:setup.py install is deprecated -W ignore:easy_install command is deprecated setup.py egg_info --egg-base ../../build/keyboard_controller_pkg build --build-base /home/rover/my_rover_ws/build/keyboard_controller_pkg/build install --record /home/rover/my_rover_ws/build/keyboard_controller_pkg/install.log --single-version-externally-managed install_data
