[1.389s] Invoking command in '/home/rover/my_rover_ws/src/my_rover_launch_pkg': PYTHONPATH=/home/rover/my_rover_ws/build/my_rover_launch_pkg/prefix_override:/usr/lib/python3/dist-packages/colcon_core/task/python/colcon_distutils_commands:/home/rover/my_rover_ws/install/my_rover_launch_pkg/lib/python3.10/site-packages:${PYTHONPATH} /usr/bin/python3 -W ignore:setup.py install is deprecated -W ignore:easy_install command is deprecated setup.py egg_info --egg-base ../../build/my_rover_launch_pkg build --build-base /home/rover/my_rover_ws/build/my_rover_launch_pkg/build install --record /home/rover/my_rover_ws/build/my_rover_launch_pkg/install.log --single-version-externally-managed install_data
[1.923s] running egg_info
[1.924s] writing ../../build/my_rover_launch_pkg/my_rover_launch_pkg.egg-info/PKG-INFO
[1.925s] writing dependency_links to ../../build/my_rover_launch_pkg/my_rover_launch_pkg.egg-info/dependency_links.txt
[1.925s] writing entry points to ../../build/my_rover_launch_pkg/my_rover_launch_pkg.egg-info/entry_points.txt
[1.925s] writing requirements to ../../build/my_rover_launch_pkg/my_rover_launch_pkg.egg-info/requires.txt
[1.926s] writing top-level names to ../../build/my_rover_launch_pkg/my_rover_launch_pkg.egg-info/top_level.txt
[1.930s] reading manifest file '../../build/my_rover_launch_pkg/my_rover_launch_pkg.egg-info/SOURCES.txt'
[1.932s] writing manifest file '../../build/my_rover_launch_pkg/my_rover_launch_pkg.egg-info/SOURCES.txt'
[1.932s] running build
[1.932s] running build_py
[1.936s] running install
[1.936s] running install_lib
[1.939s] running install_data
[1.940s] copying launch/navsat_ekf.launch.py -> /home/rover/my_rover_ws/install/my_rover_launch_pkg/share/my_rover_launch_pkg/launch
[1.940s] running install_egg_info
[1.945s] removing '/home/rover/my_rover_ws/install/my_rover_launch_pkg/lib/python3.10/site-packages/my_rover_launch_pkg-0.0.0-py3.10.egg-info' (and everything under it)
[1.945s] Copying ../../build/my_rover_launch_pkg/my_rover_launch_pkg.egg-info to /home/rover/my_rover_ws/install/my_rover_launch_pkg/lib/python3.10/site-packages/my_rover_launch_pkg-0.0.0-py3.10.egg-info
[1.948s] running install_scripts
[1.991s] Installing static_tf_gps script to /home/rover/my_rover_ws/install/my_rover_launch_pkg/lib/my_rover_launch_pkg
[1.992s] writing list of installed files to '/home/rover/my_rover_ws/build/my_rover_launch_pkg/install.log'
[2.060s] Invoked command in '/home/rover/my_rover_ws/src/my_rover_launch_pkg' returned '0': PYTHONPATH=/home/rover/my_rover_ws/build/my_rover_launch_pkg/prefix_override:/usr/lib/python3/dist-packages/colcon_core/task/python/colcon_distutils_commands:/home/rover/my_rover_ws/install/my_rover_launch_pkg/lib/python3.10/site-packages:${PYTHONPATH} /usr/bin/python3 -W ignore:setup.py install is deprecated -W ignore:easy_install command is deprecated setup.py egg_info --egg-base ../../build/my_rover_launch_pkg build --build-base /home/rover/my_rover_ws/build/my_rover_launch_pkg/build install --record /home/rover/my_rover_ws/build/my_rover_launch_pkg/install.log --single-version-externally-managed install_data
