[4.599s] Invoking command in '/home/rover/my_rover_ws/src/four_leds_control_pkg': PYTHONPATH=/home/rover/my_rover_ws/build/four_leds_control_pkg/prefix_override:/usr/lib/python3/dist-packages/colcon_core/task/python/colcon_distutils_commands:/home/rover/my_rover_ws/install/four_leds_control_pkg/lib/python3.10/site-packages:${PYTHONPATH} /usr/bin/python3 -W ignore:setup.py install is deprecated -W ignore:easy_install command is deprecated setup.py egg_info --egg-base ../../build/four_leds_control_pkg build --build-base /home/rover/my_rover_ws/build/four_leds_control_pkg/build install --record /home/rover/my_rover_ws/build/four_leds_control_pkg/install.log --single-version-externally-managed install_data
[5.220s] running egg_info
[5.222s] writing ../../build/four_leds_control_pkg/four_leds_control_pkg.egg-info/PKG-INFO
[5.223s] writing dependency_links to ../../build/four_leds_control_pkg/four_leds_control_pkg.egg-info/dependency_links.txt
[5.223s] writing entry points to ../../build/four_leds_control_pkg/four_leds_control_pkg.egg-info/entry_points.txt
[5.224s] writing requirements to ../../build/four_leds_control_pkg/four_leds_control_pkg.egg-info/requires.txt
[5.224s] writing top-level names to ../../build/four_leds_control_pkg/four_leds_control_pkg.egg-info/top_level.txt
[5.230s] reading manifest file '../../build/four_leds_control_pkg/four_leds_control_pkg.egg-info/SOURCES.txt'
[5.232s] writing manifest file '../../build/four_leds_control_pkg/four_leds_control_pkg.egg-info/SOURCES.txt'
[5.232s] running build
[5.232s] running build_py
[5.233s] running install
[5.234s] running install_lib
[5.241s] running install_data
[5.241s] running install_egg_info
[5.246s] removing '/home/rover/my_rover_ws/install/four_leds_control_pkg/lib/python3.10/site-packages/four_leds_control_pkg-0.0.0-py3.10.egg-info' (and everything under it)
[5.248s] Copying ../../build/four_leds_control_pkg/four_leds_control_pkg.egg-info to /home/rover/my_rover_ws/install/four_leds_control_pkg/lib/python3.10/site-packages/four_leds_control_pkg-0.0.0-py3.10.egg-info
[5.250s] running install_scripts
[5.317s] Installing joystick_4_buttons script to /home/rover/my_rover_ws/install/four_leds_control_pkg/lib/four_leds_control_pkg
[5.317s] writing list of installed files to '/home/rover/my_rover_ws/build/four_leds_control_pkg/install.log'
[6.025s] Invoked command in '/home/rover/my_rover_ws/src/four_leds_control_pkg' returned '0': PYTHONPATH=/home/rover/my_rover_ws/build/four_leds_control_pkg/prefix_override:/usr/lib/python3/dist-packages/colcon_core/task/python/colcon_distutils_commands:/home/rover/my_rover_ws/install/four_leds_control_pkg/lib/python3.10/site-packages:${PYTHONPATH} /usr/bin/python3 -W ignore:setup.py install is deprecated -W ignore:easy_install command is deprecated setup.py egg_info --egg-base ../../build/four_leds_control_pkg build --build-base /home/rover/my_rover_ws/build/four_leds_control_pkg/build install --record /home/rover/my_rover_ws/build/four_leds_control_pkg/install.log --single-version-externally-managed install_data
